<!DOCTYPE html>

<html>
  <head>
  <meta charset='utf-8'>
  <title>TestNG reports</title>

    <link type="text/css" href="testng-reports1.css" rel="stylesheet" id="ultra" />
    <link type="text/css" href="testng-reports.css" rel="stylesheet" id="retro" disabled="false"/>
    <script type="text/javascript" src="jquery.min.js"></script>
    <script type="text/javascript" src="testng-reports.js"></script>
    <script type="text/javascript" src="https://www.google.com/jsapi"></script>
    <script type='text/javascript'>
      google.load('visualization', '1', {packages:['table']});
      google.setOnLoadCallback(drawTable);
      var suiteTableInitFunctions = new Array();
      var suiteTableData = new Array();
    </script>
    <!--
      <script type="text/javascript" src="jquery-ui/js/jquery-ui-1.8.16.custom.min.js"></script>
     -->
  </head>

  <body>
    <div class="top-banner-root">
      <span class="top-banner-title-font">Test results</span>
      <button id="button" class="button">Switch Retro Theme</button> <!-- button -->
      <br/>
      <span class="top-banner-font-1">1 suite, 13 failed tests</span>
    </div> <!-- top-banner-root -->
    <div class="navigator-root">
      <div class="navigator-suite-header">
        <span>All suites</span>
        <a href="#" title="Collapse/expand all the suites" class="collapse-all-link">
          <img src="collapseall.gif" class="collapse-all-icon">
          </img> <!-- collapse-all-icon -->
        </a> <!-- collapse-all-link -->
      </div> <!-- navigator-suite-header -->
      <div class="suite">
        <div class="rounded-window">
          <div class="suite-header light-rounded-window-top">
            <a href="#" panel-name="suite-Suite" class="navigator-link">
              <span class="suite-name border-failed">Suite</span>
            </a> <!-- navigator-link -->
          </div> <!-- suite-header light-rounded-window-top -->
          <div class="navigator-suite-content">
            <div class="suite-section-title">
              <span>Info</span>
            </div> <!-- suite-section-title -->
            <div class="suite-section-content">
              <ul>
                <li>
                  <a href="#" panel-name="test-xml-Suite" class="navigator-link ">
                    <span>C:\Users\HP\Downloads\ComcateFramwork-master\ComcateFramwork-master\Desktop\ComcateRegression\com.comcate\testng.xml</span>
                  </a> <!-- navigator-link  -->
                </li>
                <li>
                  <a href="#" panel-name="testlist-Suite" class="navigator-link ">
                    <span class="test-stats">1 test</span>
                  </a> <!-- navigator-link  -->
                </li>
                <li>
                  <a href="#" panel-name="group-Suite" class="navigator-link ">
                    <span>0 groups</span>
                  </a> <!-- navigator-link  -->
                </li>
                <li>
                  <a href="#" panel-name="times-Suite" class="navigator-link ">
                    <span>Times</span>
                  </a> <!-- navigator-link  -->
                </li>
                <li>
                  <a href="#" panel-name="reporter-Suite" class="navigator-link ">
                    <span>Reporter output</span>
                  </a> <!-- navigator-link  -->
                </li>
                <li>
                  <a href="#" panel-name="ignored-methods-Suite" class="navigator-link ">
                    <span>Ignored methods</span>
                  </a> <!-- navigator-link  -->
                </li>
                <li>
                  <a href="#" panel-name="chronological-Suite" class="navigator-link ">
                    <span>Chronological view</span>
                  </a> <!-- navigator-link  -->
                </li>
              </ul>
            </div> <!-- suite-section-content -->
            <div class="result-section">
              <div class="suite-section-title">
                <span>Results</span>
              </div> <!-- suite-section-title -->
              <div class="suite-section-content">
                <ul>
                  <li>
                    <span class="method-stats">40 methods, 13 failed,   27 passed</span>
                  </li>
                  <li>
                    <span class="method-list-title failed">Failed methods</span>
                    <span class="show-or-hide-methods failed">
                      <a href="#" panel-name="suite-Suite" class="hide-methods failed suite-Suite"> (hide)</a> <!-- hide-methods failed suite-Suite -->
                      <a href="#" panel-name="suite-Suite" class="show-methods failed suite-Suite"> (show)</a> <!-- show-methods failed suite-Suite -->
                    </span>
                    <div class="method-list-content failed suite-Suite">
                      <span>
                        <img src="failed.png" width="3%"/>
                        <a href="#" panel-name="suite-Suite" title="TestCases.ForcedAbatement" class="method navigator-link" hash-for-method="ForceAbatement_AbatementDetailsDetails">ForceAbatement_AbatementDetailsDetails</a> <!-- method navigator-link -->
                      </span>
                      <br/>
                      <span>
                        <img src="failed.png" width="3%"/>
                        <a href="#" panel-name="suite-Suite" title="TestCases.ForcedAbatement" class="method navigator-link" hash-for-method="ForceAbatement_AbatementDetailsPopupopen">ForceAbatement_AbatementDetailsPopupopen</a> <!-- method navigator-link -->
                      </span>
                      <br/>
                      <span>
                        <img src="failed.png" width="3%"/>
                        <a href="#" panel-name="suite-Suite" title="TestCases.ForcedAbatement" class="method navigator-link" hash-for-method="ForceAbatement_AttachmentSectionAppearFAADocSelected">ForceAbatement_AttachmentSectionAppearFAADocSelected</a> <!-- method navigator-link -->
                      </span>
                      <br/>
                      <span>
                        <img src="failed.png" width="3%"/>
                        <a href="#" panel-name="suite-Suite" title="TestCases.ForcedAbatement" class="method navigator-link" hash-for-method="ForceAbatement_ContactAppearUnderResponsibleParty">ForceAbatement_ContactAppearUnderResponsibleParty</a> <!-- method navigator-link -->
                      </span>
                      <br/>
                      <span>
                        <img src="failed.png" width="3%"/>
                        <a href="#" panel-name="suite-Suite" title="TestCases.ForcedAbatement" class="method navigator-link" hash-for-method="ForceAbatement_SelectedAttachmentPopulatedonPrintPreview">ForceAbatement_SelectedAttachmentPopulatedonPrintPreview</a> <!-- method navigator-link -->
                      </span>
                      <br/>
                      <span>
                        <img src="failed.png" width="3%"/>
                        <a href="#" panel-name="suite-Suite" title="TestCases.ForcedAbatement" class="method navigator-link" hash-for-method="ForcedAbatement_AddForcedAbatementActivity">ForcedAbatement_AddForcedAbatementActivity</a> <!-- method navigator-link -->
                      </span>
                      <br/>
                      <span>
                        <img src="failed.png" width="3%"/>
                        <a href="#" panel-name="suite-Suite" title="TestCases.ForcedAbatement" class="method navigator-link" hash-for-method="ForcedAbatement_CloseEditForcedAbatementActivityPopup">ForcedAbatement_CloseEditForcedAbatementActivityPopup</a> <!-- method navigator-link -->
                      </span>
                      <br/>
                      <span>
                        <img src="failed.png" width="3%"/>
                        <a href="#" panel-name="suite-Suite" title="TestCases.ForcedAbatement" class="method navigator-link" hash-for-method="ForcedAbatement_ConfirmationPopupForDeletingActivity">ForcedAbatement_ConfirmationPopupForDeletingActivity</a> <!-- method navigator-link -->
                      </span>
                      <br/>
                      <span>
                        <img src="failed.png" width="3%"/>
                        <a href="#" panel-name="suite-Suite" title="TestCases.ForcedAbatement" class="method navigator-link" hash-for-method="ForcedAbatement_DeleteAddedActivity">ForcedAbatement_DeleteAddedActivity</a> <!-- method navigator-link -->
                      </span>
                      <br/>
                      <span>
                        <img src="failed.png" width="3%"/>
                        <a href="#" panel-name="suite-Suite" title="TestCases.ForcedAbatement" class="method navigator-link" hash-for-method="ForcedAbatement_EditAddedActivity">ForcedAbatement_EditAddedActivity</a> <!-- method navigator-link -->
                      </span>
                      <br/>
                      <span>
                        <img src="failed.png" width="3%"/>
                        <a href="#" panel-name="suite-Suite" title="TestCases.ForcedAbatement" class="method navigator-link" hash-for-method="ForcedAbatement_OpenEditForcedAbatementActivityPopup">ForcedAbatement_OpenEditForcedAbatementActivityPopup</a> <!-- method navigator-link -->
                      </span>
                      <br/>
                      <span>
                        <img src="failed.png" width="3%"/>
                        <a href="#" panel-name="suite-Suite" title="TestCases.ForcedAbatement" class="method navigator-link" hash-for-method="ForcedAbatement_ValidationMsgForEmptyDocumentNote">ForcedAbatement_ValidationMsgForEmptyDocumentNote</a> <!-- method navigator-link -->
                      </span>
                      <br/>
                      <span>
                        <img src="failed.png" width="3%"/>
                        <a href="#" panel-name="suite-Suite" title="TestCases.ForcedAbatement" class="method navigator-link" hash-for-method="ForcedAbatement_VerifyAbleToSelectActivityType">ForcedAbatement_VerifyAbleToSelectActivityType</a> <!-- method navigator-link -->
                      </span>
                      <br/>
                    </div> <!-- method-list-content failed suite-Suite -->
                  </li>
                  <li>
                    <span class="method-list-title passed">Passed methods</span>
                    <span class="show-or-hide-methods passed">
                      <a href="#" panel-name="suite-Suite" class="hide-methods passed suite-Suite"> (hide)</a> <!-- hide-methods passed suite-Suite -->
                      <a href="#" panel-name="suite-Suite" class="show-methods passed suite-Suite"> (show)</a> <!-- show-methods passed suite-Suite -->
                    </span>
                    <div class="method-list-content passed suite-Suite">
                      <span>
                        <img src="passed.png" width="3%"/>
                        <a href="#" panel-name="suite-Suite" title="TestCases.ForcedAbatement" class="method navigator-link" hash-for-method="ForcedAbatement_EditNoteInEditFaNoteField">ForcedAbatement_EditNoteInEditFaNoteField</a> <!-- method navigator-link -->
                      </span>
                      <br/>
                      <span>
                        <img src="passed.png" width="3%"/>
                        <a href="#" panel-name="suite-Suite" title="TestCases.ForcedAbatement" class="method navigator-link" hash-for-method="ForcedAbatement_InitiateForcedAbatement">ForcedAbatement_InitiateForcedAbatement</a> <!-- method navigator-link -->
                      </span>
                      <br/>
                      <span>
                        <img src="passed.png" width="3%"/>
                        <a href="#" panel-name="suite-Suite" title="TestCases.ForcedAbatement" class="method navigator-link" hash-for-method="ForcedAbatement_OpenAddForcedAbatementActivityPopup">ForcedAbatement_OpenAddForcedAbatementActivityPopup</a> <!-- method navigator-link -->
                      </span>
                      <br/>
                      <span>
                        <img src="passed.png" width="3%"/>
                        <a href="#" panel-name="suite-Suite" title="TestCases.ForcedAbatement" class="method navigator-link" hash-for-method="ForcedAbatement_OpenEditFaNotePopup">ForcedAbatement_OpenEditFaNotePopup</a> <!-- method navigator-link -->
                      </span>
                      <br/>
                      <span>
                        <img src="passed.png" width="3%"/>
                        <a href="#" panel-name="suite-Suite" title="TestCases.ForcedAbatement" class="method navigator-link" hash-for-method="ForcedAbatement_OpenInitiateForcedAbabtementPopup">ForcedAbatement_OpenInitiateForcedAbabtementPopup</a> <!-- method navigator-link -->
                      </span>
                      <br/>
                      <span>
                        <img src="passed.png" width="3%"/>
                        <a href="#" panel-name="suite-Suite" title="TestCases.ForcedAbatement" class="method navigator-link" hash-for-method="ForcedAbatement_ValidationMsgForCharactersOver500InNote">ForcedAbatement_ValidationMsgForCharactersOver500InNote</a> <!-- method navigator-link -->
                      </span>
                      <br/>
                      <span>
                        <img src="passed.png" width="3%"/>
                        <a href="#" panel-name="suite-Suite" title="TestCases.ForcedAbatement" class="method navigator-link" hash-for-method="ForcedAbatement_ValidationMsgForEmptyNote">ForcedAbatement_ValidationMsgForEmptyNote</a> <!-- method navigator-link -->
                      </span>
                      <br/>
                      <span>
                        <img src="passed.png" width="3%"/>
                        <a href="#" panel-name="suite-Suite" title="TestCases.ForcedAbatement" class="method navigator-link" hash-for-method="ForcedAbatement_ValidationMsgForNoDataOfActivity">ForcedAbatement_ValidationMsgForNoDataOfActivity</a> <!-- method navigator-link -->
                      </span>
                      <br/>
                      <span>
                        <img src="passed.png" width="3%"/>
                        <a href="#" panel-name="suite-Suite" title="TestCases.ForcedAbatement" class="method navigator-link" hash-for-method="ForcedAbatement_VerifyAddActivityBtn">ForcedAbatement_VerifyAddActivityBtn</a> <!-- method navigator-link -->
                      </span>
                      <br/>
                      <span>
                        <img src="passed.png" width="3%"/>
                        <a href="#" panel-name="suite-Suite" title="TestCases.ForcedAbatement" class="method navigator-link" hash-for-method="ForcedAbatement_VerifyDocumentNoteFieldPresence">ForcedAbatement_VerifyDocumentNoteFieldPresence</a> <!-- method navigator-link -->
                      </span>
                      <br/>
                      <span>
                        <img src="passed.png" width="3%"/>
                        <a href="#" panel-name="suite-Suite" title="TestCases.ForcedAbatement" class="method navigator-link" hash-for-method="ForcedAbatement_VerifyFirstActivityBtnState">ForcedAbatement_VerifyFirstActivityBtnState</a> <!-- method navigator-link -->
                      </span>
                      <br/>
                      <span>
                        <img src="passed.png" width="3%"/>
                        <a href="#" panel-name="suite-Suite" title="TestCases.ForcedAbatement" class="method navigator-link" hash-for-method="ForcedAbatement_VerifyForcedStageBadge">ForcedAbatement_VerifyForcedStageBadge</a> <!-- method navigator-link -->
                      </span>
                      <br/>
                      <span>
                        <img src="passed.png" width="3%"/>
                        <a href="#" panel-name="suite-Suite" title="TestCases.ForcedAbatement" class="method navigator-link" hash-for-method="ForcedAbatement_VerifyTheUpdatedNote">ForcedAbatement_VerifyTheUpdatedNote</a> <!-- method navigator-link -->
                      </span>
                      <br/>
                      <span>
                        <img src="passed.png" width="3%"/>
                        <a href="#" panel-name="suite-Suite" title="TestCases.ForcedAbatement" class="method navigator-link" hash-for-method="LoginAgency">LoginAgency</a> <!-- method navigator-link -->
                      </span>
                      <br/>
                      <span>
                        <img src="passed.png" width="3%"/>
                        <a href="#" panel-name="suite-Suite" title="TestCases.Notices" class="method navigator-link" hash-for-method="LoginAgency">LoginAgency</a> <!-- method navigator-link -->
                      </span>
                      <br/>
                      <span>
                        <img src="passed.png" width="3%"/>
                        <a href="#" panel-name="suite-Suite" title="TestCases.Notices" class="method navigator-link" hash-for-method="Notices_ApplyCategoryOnMergeFields">Notices_ApplyCategoryOnMergeFields</a> <!-- method navigator-link -->
                      </span>
                      <br/>
                      <span>
                        <img src="passed.png" width="3%"/>
                        <a href="#" panel-name="suite-Suite" title="TestCases.Notices" class="method navigator-link" hash-for-method="Notices_CreateFADocumentHtmlNotice">Notices_CreateFADocumentHtmlNotice</a> <!-- method navigator-link -->
                      </span>
                      <br/>
                      <span>
                        <img src="passed.png" width="3%"/>
                        <a href="#" panel-name="suite-Suite" title="TestCases.Notices" class="method navigator-link" hash-for-method="Notices_CreateHtmlCaseNotice">Notices_CreateHtmlCaseNotice</a> <!-- method navigator-link -->
                      </span>
                      <br/>
                      <span>
                        <img src="passed.png" width="3%"/>
                        <a href="#" panel-name="suite-Suite" title="TestCases.Notices" class="method navigator-link" hash-for-method="Notices_CreateNonHTMLNotice">Notices_CreateNonHTMLNotice</a> <!-- method navigator-link -->
                      </span>
                      <br/>
                      <span>
                        <img src="passed.png" width="3%"/>
                        <a href="#" panel-name="suite-Suite" title="TestCases.Notices" class="method navigator-link" hash-for-method="Notices_OpenAddMergeFieldsPopup">Notices_OpenAddMergeFieldsPopup</a> <!-- method navigator-link -->
                      </span>
                      <br/>
                      <span>
                        <img src="passed.png" width="3%"/>
                        <a href="#" panel-name="suite-Suite" title="TestCases.Notices" class="method navigator-link" hash-for-method="Notices_OpenCreateHtmlNoticePopup">Notices_OpenCreateHtmlNoticePopup</a> <!-- method navigator-link -->
                      </span>
                      <br/>
                      <span>
                        <img src="passed.png" width="3%"/>
                        <a href="#" panel-name="suite-Suite" title="TestCases.Notices" class="method navigator-link" hash-for-method="Notices_OpenCreateNonHtmlNoticePopup">Notices_OpenCreateNonHtmlNoticePopup</a> <!-- method navigator-link -->
                      </span>
                      <br/>
                      <span>
                        <img src="passed.png" width="3%"/>
                        <a href="#" panel-name="suite-Suite" title="TestCases.Notices" class="method navigator-link" hash-for-method="Notices_VerifyAutoPopulationOfNotices">Notices_VerifyAutoPopulationOfNotices</a> <!-- method navigator-link -->
                      </span>
                      <br/>
                      <span>
                        <img src="passed.png" width="3%"/>
                        <a href="#" panel-name="suite-Suite" title="TestCases.Notices" class="method navigator-link" hash-for-method="Notices_VerifyCountOfNotices">Notices_VerifyCountOfNotices</a> <!-- method navigator-link -->
                      </span>
                      <br/>
                      <span>
                        <img src="passed.png" width="3%"/>
                        <a href="#" panel-name="suite-Suite" title="TestCases.Notices" class="method navigator-link" hash-for-method="Notices_VerifyEditNotices">Notices_VerifyEditNotices</a> <!-- method navigator-link -->
                      </span>
                      <br/>
                      <span>
                        <img src="passed.png" width="3%"/>
                        <a href="#" panel-name="suite-Suite" title="TestCases.Notices" class="method navigator-link" hash-for-method="Notices_VerifyMergeFieldsOnHtmleditor">Notices_VerifyMergeFieldsOnHtmleditor</a> <!-- method navigator-link -->
                      </span>
                      <br/>
                      <span>
                        <img src="passed.png" width="3%"/>
                        <a href="#" panel-name="suite-Suite" title="TestCases.Notices" class="method navigator-link" hash-for-method="Notices_VerifyPreviewPopup">Notices_VerifyPreviewPopup</a> <!-- method navigator-link -->
                      </span>
                      <br/>
                    </div> <!-- method-list-content passed suite-Suite -->
                  </li>
                </ul>
              </div> <!-- suite-section-content -->
            </div> <!-- result-section -->
          </div> <!-- navigator-suite-content -->
        </div> <!-- rounded-window -->
      </div> <!-- suite -->
    </div> <!-- navigator-root -->
    <div class="wrapper">
      <div class="main-panel-root">
        <div panel-name="suite-Suite" class="panel Suite">
          <div class="suite-Suite-class-failed">
            <div class="main-panel-header rounded-window-top">
              <img src="failed.png"/>
              <span class="class-name">TestCases.ForcedAbatement</span>
            </div> <!-- main-panel-header rounded-window-top -->
            <div class="main-panel-content rounded-window-bottom">
              <div class="method">
                <div class="method-content">
                  <a name="ForceAbatement_AbatementDetailsDetails">
                  </a> <!-- ForceAbatement_AbatementDetailsDetails -->
                  <span class="method-name">ForceAbatement_AbatementDetailsDetails</span>
                  <div class="stack-trace">org.openqa.selenium.TimeoutException: Expected condition failed: waiting for presence of element located by: By.xpath: //label[@title=&apos;FAA Document Issue Date&apos;] (tried for 30 second(s) with 500 milliseconds interval)
	at org.openqa.selenium.support.ui.WebDriverWait.timeoutException(WebDriverWait.java:84)
	at org.openqa.selenium.support.ui.FluentWait.until(FluentWait.java:230)
	at CommonMethods.Helper.GetText(Helper.java:374)
	at POM.ForcedAbatementUtility.ForceAbatement_AbatementDetailsDetails(ForcedAbatementUtility.java:714)
	at TestCases.ForcedAbatement.ForceAbatement_AbatementDetailsDetails(ForcedAbatement.java:164)
	at java.base/java.util.concurrent.ThreadPoolExecutor.runWorker(ThreadPoolExecutor.java:1136)
	at java.base/java.util.concurrent.ThreadPoolExecutor$Worker.run(ThreadPoolExecutor.java:635)
	at java.base/java.lang.Thread.run(Thread.java:833)
Caused by: org.openqa.selenium.NoSuchElementException: no such element: Unable to locate element: {&quot;method&quot;:&quot;xpath&quot;,&quot;selector&quot;:&quot;//label[@title=&apos;FAA Document Issue Date&apos;]&quot;}
  (Session info: chrome=115.0.5790.170)
For documentation on this error, please visit: https://www.selenium.dev/documentation/webdriver/troubleshooting/errors#no-such-element-exception
Build info: version: &apos;4.11.0&apos;, revision: &apos;040bc5406b&apos;
System info: os.name: &apos;Windows 10&apos;, os.arch: &apos;amd64&apos;, os.version: &apos;10.0&apos;, java.version: &apos;17.0.8&apos;
Driver info: org.openqa.selenium.chrome.ChromeDriver
Command: [5c384b528e37dc349b29c2aa844476d3, findElement {using=xpath, value=//label[@title=&apos;FAA Document Issue Date&apos;]}]
Capabilities {acceptInsecureCerts: false, browserName: chrome, browserVersion: 115.0.5790.170, chrome: {chromedriverVersion: 115.0.5790.170 (cc0d30c2ca5..., userDataDir: C:\Users\HP\AppData\Local\T...}, goog:chromeOptions: {debuggerAddress: localhost:53191}, networkConnectionEnabled: false, pageLoadStrategy: none, platformName: windows, proxy: Proxy(), se:cdp: ws://localhost:53191/devtoo..., se:cdpVersion: 115.0.5790.170, setWindowRect: true, strictFileInteractability: false, timeouts: {implicit: 0, pageLoad: 300000, script: 30000}, unhandledPromptBehavior: dismiss and notify, webauthn:extension:credBlob: true, webauthn:extension:largeBlob: true, webauthn:extension:minPinLength: true, webauthn:extension:prf: true, webauthn:virtualAuthenticators: true}
Session ID: 5c384b528e37dc349b29c2aa844476d3
	at org.openqa.selenium.remote.codec.w3c.W3CHttpResponseCodec.createException(W3CHttpResponseCodec.java:200)
	at org.openqa.selenium.remote.codec.w3c.W3CHttpResponseCodec.decode(W3CHttpResponseCodec.java:133)
	at org.openqa.selenium.remote.codec.w3c.W3CHttpResponseCodec.decode(W3CHttpResponseCodec.java:52)
	at org.openqa.selenium.remote.HttpCommandExecutor.execute(HttpCommandExecutor.java:191)
	at org.openqa.selenium.remote.service.DriverCommandExecutor.invokeExecute(DriverCommandExecutor.java:196)
	at org.openqa.selenium.remote.service.DriverCommandExecutor.execute(DriverCommandExecutor.java:171)
	at org.openqa.selenium.remote.RemoteWebDriver.execute(RemoteWebDriver.java:518)
	at org.openqa.selenium.remote.ElementLocation$ElementFinder$2.findElement(ElementLocation.java:165)
	at org.openqa.selenium.remote.ElementLocation.findElement(ElementLocation.java:59)
	at org.openqa.selenium.remote.RemoteWebDriver.findElement(RemoteWebDriver.java:355)
	at org.openqa.selenium.remote.RemoteWebDriver.findElement(RemoteWebDriver.java:349)
	at org.openqa.selenium.support.ui.ExpectedConditions$6.apply(ExpectedConditions.java:171)
	at org.openqa.selenium.support.ui.ExpectedConditions$6.apply(ExpectedConditions.java:168)
	at org.openqa.selenium.support.ui.FluentWait.until(FluentWait.java:205)
	... 18 more
... Removed 16 stack frames
</div> <!-- stack-trace -->
                </div> <!-- method-content -->
              </div> <!-- method -->
              <div class="method">
                <div class="method-content">
                  <a name="ForceAbatement_AbatementDetailsPopupopen">
                  </a> <!-- ForceAbatement_AbatementDetailsPopupopen -->
                  <span class="method-name">ForceAbatement_AbatementDetailsPopupopen</span>
                  <div class="stack-trace">org.openqa.selenium.TimeoutException: Expected condition failed: waiting for presence of element located by: By.xpath: //div[text()=&apos;Yes&apos;] (tried for 30 second(s) with 500 milliseconds interval)
	at org.openqa.selenium.support.ui.WebDriverWait.timeoutException(WebDriverWait.java:84)
	at org.openqa.selenium.support.ui.FluentWait.until(FluentWait.java:230)
	at CommonMethods.Helper.ClickOn(Helper.java:329)
	at POM.ForcedAbatementUtility.ForceAbatement_AbatementDetailsPopupopen(ForcedAbatementUtility.java:690)
	at TestCases.ForcedAbatement.ForceAbatement_AbatementDetailsPopupopen(ForcedAbatement.java:159)
	at java.base/java.util.concurrent.ThreadPoolExecutor.runWorker(ThreadPoolExecutor.java:1136)
	at java.base/java.util.concurrent.ThreadPoolExecutor$Worker.run(ThreadPoolExecutor.java:635)
	at java.base/java.lang.Thread.run(Thread.java:833)
Caused by: org.openqa.selenium.NoSuchElementException: no such element: Unable to locate element: {&quot;method&quot;:&quot;xpath&quot;,&quot;selector&quot;:&quot;//div[text()=&apos;Yes&apos;]&quot;}
  (Session info: chrome=115.0.5790.170)
For documentation on this error, please visit: https://www.selenium.dev/documentation/webdriver/troubleshooting/errors#no-such-element-exception
Build info: version: &apos;4.11.0&apos;, revision: &apos;040bc5406b&apos;
System info: os.name: &apos;Windows 10&apos;, os.arch: &apos;amd64&apos;, os.version: &apos;10.0&apos;, java.version: &apos;17.0.8&apos;
Driver info: org.openqa.selenium.chrome.ChromeDriver
Command: [5c384b528e37dc349b29c2aa844476d3, findElement {using=xpath, value=//div[text()=&apos;Yes&apos;]}]
Capabilities {acceptInsecureCerts: false, browserName: chrome, browserVersion: 115.0.5790.170, chrome: {chromedriverVersion: 115.0.5790.170 (cc0d30c2ca5..., userDataDir: C:\Users\HP\AppData\Local\T...}, goog:chromeOptions: {debuggerAddress: localhost:53191}, networkConnectionEnabled: false, pageLoadStrategy: none, platformName: windows, proxy: Proxy(), se:cdp: ws://localhost:53191/devtoo..., se:cdpVersion: 115.0.5790.170, setWindowRect: true, strictFileInteractability: false, timeouts: {implicit: 0, pageLoad: 300000, script: 30000}, unhandledPromptBehavior: dismiss and notify, webauthn:extension:credBlob: true, webauthn:extension:largeBlob: true, webauthn:extension:minPinLength: true, webauthn:extension:prf: true, webauthn:virtualAuthenticators: true}
Session ID: 5c384b528e37dc349b29c2aa844476d3
	at org.openqa.selenium.remote.codec.w3c.W3CHttpResponseCodec.createException(W3CHttpResponseCodec.java:200)
	at org.openqa.selenium.remote.codec.w3c.W3CHttpResponseCodec.decode(W3CHttpResponseCodec.java:133)
	at org.openqa.selenium.remote.codec.w3c.W3CHttpResponseCodec.decode(W3CHttpResponseCodec.java:52)
	at org.openqa.selenium.remote.HttpCommandExecutor.execute(HttpCommandExecutor.java:191)
	at org.openqa.selenium.remote.service.DriverCommandExecutor.invokeExecute(DriverCommandExecutor.java:196)
	at org.openqa.selenium.remote.service.DriverCommandExecutor.execute(DriverCommandExecutor.java:171)
	at org.openqa.selenium.remote.RemoteWebDriver.execute(RemoteWebDriver.java:518)
	at org.openqa.selenium.remote.ElementLocation$ElementFinder$2.findElement(ElementLocation.java:165)
	at org.openqa.selenium.remote.ElementLocation.findElement(ElementLocation.java:59)
	at org.openqa.selenium.remote.RemoteWebDriver.findElement(RemoteWebDriver.java:355)
	at org.openqa.selenium.remote.RemoteWebDriver.findElement(RemoteWebDriver.java:349)
	at org.openqa.selenium.support.ui.ExpectedConditions$6.apply(ExpectedConditions.java:171)
	at org.openqa.selenium.support.ui.ExpectedConditions$6.apply(ExpectedConditions.java:168)
	at org.openqa.selenium.support.ui.FluentWait.until(FluentWait.java:205)
	... 18 more
... Removed 16 stack frames
</div> <!-- stack-trace -->
                </div> <!-- method-content -->
              </div> <!-- method -->
              <div class="method">
                <div class="method-content">
                  <a name="ForceAbatement_AttachmentSectionAppearFAADocSelected">
                  </a> <!-- ForceAbatement_AttachmentSectionAppearFAADocSelected -->
                  <span class="method-name">ForceAbatement_AttachmentSectionAppearFAADocSelected</span>
                  <div class="stack-trace">org.openqa.selenium.NoSuchElementException: no such element: Unable to locate element: {&quot;method&quot;:&quot;xpath&quot;,&quot;selector&quot;:&quot;//div[@class=&apos;case__attachment__title&apos;]//h5&quot;}
  (Session info: chrome=115.0.5790.170)
For documentation on this error, please visit: https://www.selenium.dev/documentation/webdriver/troubleshooting/errors#no-such-element-exception
Build info: version: &apos;4.11.0&apos;, revision: &apos;040bc5406b&apos;
System info: os.name: &apos;Windows 10&apos;, os.arch: &apos;amd64&apos;, os.version: &apos;10.0&apos;, java.version: &apos;17.0.8&apos;
Driver info: org.openqa.selenium.chrome.ChromeDriver
Command: [5c384b528e37dc349b29c2aa844476d3, findElement {using=xpath, value=//div[@class=&apos;case__attachment__title&apos;]//h5}]
Capabilities {acceptInsecureCerts: false, browserName: chrome, browserVersion: 115.0.5790.170, chrome: {chromedriverVersion: 115.0.5790.170 (cc0d30c2ca5..., userDataDir: C:\Users\HP\AppData\Local\T...}, goog:chromeOptions: {debuggerAddress: localhost:53191}, networkConnectionEnabled: false, pageLoadStrategy: none, platformName: windows, proxy: Proxy(), se:cdp: ws://localhost:53191/devtoo..., se:cdpVersion: 115.0.5790.170, setWindowRect: true, strictFileInteractability: false, timeouts: {implicit: 0, pageLoad: 300000, script: 30000}, unhandledPromptBehavior: dismiss and notify, webauthn:extension:credBlob: true, webauthn:extension:largeBlob: true, webauthn:extension:minPinLength: true, webauthn:extension:prf: true, webauthn:virtualAuthenticators: true}
Session ID: 5c384b528e37dc349b29c2aa844476d3
	at org.openqa.selenium.remote.codec.w3c.W3CHttpResponseCodec.createException(W3CHttpResponseCodec.java:200)
	at org.openqa.selenium.remote.codec.w3c.W3CHttpResponseCodec.decode(W3CHttpResponseCodec.java:133)
	at org.openqa.selenium.remote.codec.w3c.W3CHttpResponseCodec.decode(W3CHttpResponseCodec.java:52)
	at org.openqa.selenium.remote.HttpCommandExecutor.execute(HttpCommandExecutor.java:191)
	at org.openqa.selenium.remote.service.DriverCommandExecutor.invokeExecute(DriverCommandExecutor.java:196)
	at org.openqa.selenium.remote.service.DriverCommandExecutor.execute(DriverCommandExecutor.java:171)
	at org.openqa.selenium.remote.RemoteWebDriver.execute(RemoteWebDriver.java:518)
	at org.openqa.selenium.remote.ElementLocation$ElementFinder$2.findElement(ElementLocation.java:165)
	at org.openqa.selenium.remote.ElementLocation.findElement(ElementLocation.java:59)
	at org.openqa.selenium.remote.RemoteWebDriver.findElement(RemoteWebDriver.java:355)
	at org.openqa.selenium.remote.RemoteWebDriver.findElement(RemoteWebDriver.java:349)
	at CommonMethods.Helper.ScrollIntoView(Helper.java:412)
	at POM.ForcedAbatementUtility.ForceAbatement_AttachmentSectionAppearFAADocSelected(ForcedAbatementUtility.java:754)
	at TestCases.ForcedAbatement.ForceAbatement_AttachmentSectionAppearFAADocSelected(ForcedAbatement.java:169)
	at java.base/java.util.concurrent.ThreadPoolExecutor.runWorker(ThreadPoolExecutor.java:1136)
	at java.base/java.util.concurrent.ThreadPoolExecutor$Worker.run(ThreadPoolExecutor.java:635)
	at java.base/java.lang.Thread.run(Thread.java:833)
... Removed 16 stack frames
</div> <!-- stack-trace -->
                </div> <!-- method-content -->
              </div> <!-- method -->
              <div class="method">
                <div class="method-content">
                  <a name="ForceAbatement_ContactAppearUnderResponsibleParty">
                  </a> <!-- ForceAbatement_ContactAppearUnderResponsibleParty -->
                  <span class="method-name">ForceAbatement_ContactAppearUnderResponsibleParty</span>
                  <div class="stack-trace">org.openqa.selenium.TimeoutException: Expected condition failed: waiting for presence of element located by: By.xpath: //div[text()=&apos;Yes&apos;] (tried for 30 second(s) with 500 milliseconds interval)
	at org.openqa.selenium.support.ui.WebDriverWait.timeoutException(WebDriverWait.java:84)
	at org.openqa.selenium.support.ui.FluentWait.until(FluentWait.java:230)
	at CommonMethods.Helper.ClickOn(Helper.java:329)
	at POM.ForcedAbatementUtility.ForceAbatement_ContactAppearUnderResponsibleParty(ForcedAbatementUtility.java:835)
	at TestCases.ForcedAbatement.ForceAbatement_ContactAppearUnderResponsibleParty(ForcedAbatement.java:174)
	at java.base/java.util.concurrent.ThreadPoolExecutor.runWorker(ThreadPoolExecutor.java:1136)
	at java.base/java.util.concurrent.ThreadPoolExecutor$Worker.run(ThreadPoolExecutor.java:635)
	at java.base/java.lang.Thread.run(Thread.java:833)
Caused by: org.openqa.selenium.NoSuchElementException: no such element: Unable to locate element: {&quot;method&quot;:&quot;xpath&quot;,&quot;selector&quot;:&quot;//div[text()=&apos;Yes&apos;]&quot;}
  (Session info: chrome=115.0.5790.170)
For documentation on this error, please visit: https://www.selenium.dev/documentation/webdriver/troubleshooting/errors#no-such-element-exception
Build info: version: &apos;4.11.0&apos;, revision: &apos;040bc5406b&apos;
System info: os.name: &apos;Windows 10&apos;, os.arch: &apos;amd64&apos;, os.version: &apos;10.0&apos;, java.version: &apos;17.0.8&apos;
Driver info: org.openqa.selenium.chrome.ChromeDriver
Command: [5c384b528e37dc349b29c2aa844476d3, findElement {using=xpath, value=//div[text()=&apos;Yes&apos;]}]
Capabilities {acceptInsecureCerts: false, browserName: chrome, browserVersion: 115.0.5790.170, chrome: {chromedriverVersion: 115.0.5790.170 (cc0d30c2ca5..., userDataDir: C:\Users\HP\AppData\Local\T...}, goog:chromeOptions: {debuggerAddress: localhost:53191}, networkConnectionEnabled: false, pageLoadStrategy: none, platformName: windows, proxy: Proxy(), se:cdp: ws://localhost:53191/devtoo..., se:cdpVersion: 115.0.5790.170, setWindowRect: true, strictFileInteractability: false, timeouts: {implicit: 0, pageLoad: 300000, script: 30000}, unhandledPromptBehavior: dismiss and notify, webauthn:extension:credBlob: true, webauthn:extension:largeBlob: true, webauthn:extension:minPinLength: true, webauthn:extension:prf: true, webauthn:virtualAuthenticators: true}
Session ID: 5c384b528e37dc349b29c2aa844476d3
	at org.openqa.selenium.remote.codec.w3c.W3CHttpResponseCodec.createException(W3CHttpResponseCodec.java:200)
	at org.openqa.selenium.remote.codec.w3c.W3CHttpResponseCodec.decode(W3CHttpResponseCodec.java:133)
	at org.openqa.selenium.remote.codec.w3c.W3CHttpResponseCodec.decode(W3CHttpResponseCodec.java:52)
	at org.openqa.selenium.remote.HttpCommandExecutor.execute(HttpCommandExecutor.java:191)
	at org.openqa.selenium.remote.service.DriverCommandExecutor.invokeExecute(DriverCommandExecutor.java:196)
	at org.openqa.selenium.remote.service.DriverCommandExecutor.execute(DriverCommandExecutor.java:171)
	at org.openqa.selenium.remote.RemoteWebDriver.execute(RemoteWebDriver.java:518)
	at org.openqa.selenium.remote.ElementLocation$ElementFinder$2.findElement(ElementLocation.java:165)
	at org.openqa.selenium.remote.ElementLocation.findElement(ElementLocation.java:59)
	at org.openqa.selenium.remote.RemoteWebDriver.findElement(RemoteWebDriver.java:355)
	at org.openqa.selenium.remote.RemoteWebDriver.findElement(RemoteWebDriver.java:349)
	at org.openqa.selenium.support.ui.ExpectedConditions$6.apply(ExpectedConditions.java:171)
	at org.openqa.selenium.support.ui.ExpectedConditions$6.apply(ExpectedConditions.java:168)
	at org.openqa.selenium.support.ui.FluentWait.until(FluentWait.java:205)
	... 18 more
... Removed 16 stack frames
</div> <!-- stack-trace -->
                </div> <!-- method-content -->
              </div> <!-- method -->
              <div class="method">
                <div class="method-content">
                  <a name="ForceAbatement_SelectedAttachmentPopulatedonPrintPreview">
                  </a> <!-- ForceAbatement_SelectedAttachmentPopulatedonPrintPreview -->
                  <span class="method-name">ForceAbatement_SelectedAttachmentPopulatedonPrintPreview</span>
                  <div class="stack-trace">org.openqa.selenium.NoSuchElementException: no such element: Unable to locate element: {&quot;method&quot;:&quot;xpath&quot;,&quot;selector&quot;:&quot;(//div[@class=&apos;tick--not-selected&apos;]//following-sibling::img)[1]&quot;}
  (Session info: chrome=115.0.5790.170)
For documentation on this error, please visit: https://www.selenium.dev/documentation/webdriver/troubleshooting/errors#no-such-element-exception
Build info: version: &apos;4.11.0&apos;, revision: &apos;040bc5406b&apos;
System info: os.name: &apos;Windows 10&apos;, os.arch: &apos;amd64&apos;, os.version: &apos;10.0&apos;, java.version: &apos;17.0.8&apos;
Driver info: org.openqa.selenium.chrome.ChromeDriver
Command: [5c384b528e37dc349b29c2aa844476d3, findElement {using=xpath, value=(//div[@class=&apos;tick--not-selected&apos;]//following-sibling::img)[1]}]
Capabilities {acceptInsecureCerts: false, browserName: chrome, browserVersion: 115.0.5790.170, chrome: {chromedriverVersion: 115.0.5790.170 (cc0d30c2ca5..., userDataDir: C:\Users\HP\AppData\Local\T...}, goog:chromeOptions: {debuggerAddress: localhost:53191}, networkConnectionEnabled: false, pageLoadStrategy: none, platformName: windows, proxy: Proxy(), se:cdp: ws://localhost:53191/devtoo..., se:cdpVersion: 115.0.5790.170, setWindowRect: true, strictFileInteractability: false, timeouts: {implicit: 0, pageLoad: 300000, script: 30000}, unhandledPromptBehavior: dismiss and notify, webauthn:extension:credBlob: true, webauthn:extension:largeBlob: true, webauthn:extension:minPinLength: true, webauthn:extension:prf: true, webauthn:virtualAuthenticators: true}
Session ID: 5c384b528e37dc349b29c2aa844476d3
	at org.openqa.selenium.remote.codec.w3c.W3CHttpResponseCodec.createException(W3CHttpResponseCodec.java:200)
	at org.openqa.selenium.remote.codec.w3c.W3CHttpResponseCodec.decode(W3CHttpResponseCodec.java:133)
	at org.openqa.selenium.remote.codec.w3c.W3CHttpResponseCodec.decode(W3CHttpResponseCodec.java:52)
	at org.openqa.selenium.remote.HttpCommandExecutor.execute(HttpCommandExecutor.java:191)
	at org.openqa.selenium.remote.service.DriverCommandExecutor.invokeExecute(DriverCommandExecutor.java:196)
	at org.openqa.selenium.remote.service.DriverCommandExecutor.execute(DriverCommandExecutor.java:171)
	at org.openqa.selenium.remote.RemoteWebDriver.execute(RemoteWebDriver.java:518)
	at org.openqa.selenium.remote.ElementLocation$ElementFinder$2.findElement(ElementLocation.java:165)
	at org.openqa.selenium.remote.ElementLocation.findElement(ElementLocation.java:59)
	at org.openqa.selenium.remote.RemoteWebDriver.findElement(RemoteWebDriver.java:355)
	at org.openqa.selenium.remote.RemoteWebDriver.findElement(RemoteWebDriver.java:349)
	at CommonMethods.Helper.ScrollIntoView(Helper.java:412)
	at POM.ForcedAbatementUtility.ForceAbatement_SelectedAttachmentPopulatedonPrintPreview(ForcedAbatementUtility.java:858)
	at TestCases.ForcedAbatement.ForceAbatement_SelectedAttachmentPopulatedonPrintPreview(ForcedAbatement.java:179)
	at java.base/java.util.concurrent.ThreadPoolExecutor.runWorker(ThreadPoolExecutor.java:1136)
	at java.base/java.util.concurrent.ThreadPoolExecutor$Worker.run(ThreadPoolExecutor.java:635)
	at java.base/java.lang.Thread.run(Thread.java:833)
... Removed 16 stack frames
</div> <!-- stack-trace -->
                </div> <!-- method-content -->
              </div> <!-- method -->
              <div class="method">
                <div class="method-content">
                  <a name="ForcedAbatement_AddForcedAbatementActivity">
                  </a> <!-- ForcedAbatement_AddForcedAbatementActivity -->
                  <span class="method-name">ForcedAbatement_AddForcedAbatementActivity</span>
                  <div class="stack-trace">org.openqa.selenium.TimeoutException: Expected condition failed: waiting for presence of element located by: By.xpath: //div[text()=&apos;Yes&apos;] (tried for 30 second(s) with 500 milliseconds interval)
	at org.openqa.selenium.support.ui.WebDriverWait.timeoutException(WebDriverWait.java:84)
	at org.openqa.selenium.support.ui.FluentWait.until(FluentWait.java:230)
	at CommonMethods.Helper.ClickOn(Helper.java:329)
	at POM.ForcedAbatementUtility.ForcedAbatement_AddForcedAbatementActivity(ForcedAbatementUtility.java:511)
	at TestCases.ForcedAbatement.ForcedAbatement_AddForcedAbatementActivity(ForcedAbatement.java:124)
	at java.base/java.util.concurrent.ThreadPoolExecutor.runWorker(ThreadPoolExecutor.java:1136)
	at java.base/java.util.concurrent.ThreadPoolExecutor$Worker.run(ThreadPoolExecutor.java:635)
	at java.base/java.lang.Thread.run(Thread.java:833)
Caused by: org.openqa.selenium.NoSuchElementException: no such element: Unable to locate element: {&quot;method&quot;:&quot;xpath&quot;,&quot;selector&quot;:&quot;//div[text()=&apos;Yes&apos;]&quot;}
  (Session info: chrome=115.0.5790.170)
For documentation on this error, please visit: https://www.selenium.dev/documentation/webdriver/troubleshooting/errors#no-such-element-exception
Build info: version: &apos;4.11.0&apos;, revision: &apos;040bc5406b&apos;
System info: os.name: &apos;Windows 10&apos;, os.arch: &apos;amd64&apos;, os.version: &apos;10.0&apos;, java.version: &apos;17.0.8&apos;
Driver info: org.openqa.selenium.chrome.ChromeDriver
Command: [5c384b528e37dc349b29c2aa844476d3, findElement {using=xpath, value=//div[text()=&apos;Yes&apos;]}]
Capabilities {acceptInsecureCerts: false, browserName: chrome, browserVersion: 115.0.5790.170, chrome: {chromedriverVersion: 115.0.5790.170 (cc0d30c2ca5..., userDataDir: C:\Users\HP\AppData\Local\T...}, goog:chromeOptions: {debuggerAddress: localhost:53191}, networkConnectionEnabled: false, pageLoadStrategy: none, platformName: windows, proxy: Proxy(), se:cdp: ws://localhost:53191/devtoo..., se:cdpVersion: 115.0.5790.170, setWindowRect: true, strictFileInteractability: false, timeouts: {implicit: 0, pageLoad: 300000, script: 30000}, unhandledPromptBehavior: dismiss and notify, webauthn:extension:credBlob: true, webauthn:extension:largeBlob: true, webauthn:extension:minPinLength: true, webauthn:extension:prf: true, webauthn:virtualAuthenticators: true}
Session ID: 5c384b528e37dc349b29c2aa844476d3
	at org.openqa.selenium.remote.codec.w3c.W3CHttpResponseCodec.createException(W3CHttpResponseCodec.java:200)
	at org.openqa.selenium.remote.codec.w3c.W3CHttpResponseCodec.decode(W3CHttpResponseCodec.java:133)
	at org.openqa.selenium.remote.codec.w3c.W3CHttpResponseCodec.decode(W3CHttpResponseCodec.java:52)
	at org.openqa.selenium.remote.HttpCommandExecutor.execute(HttpCommandExecutor.java:191)
	at org.openqa.selenium.remote.service.DriverCommandExecutor.invokeExecute(DriverCommandExecutor.java:196)
	at org.openqa.selenium.remote.service.DriverCommandExecutor.execute(DriverCommandExecutor.java:171)
	at org.openqa.selenium.remote.RemoteWebDriver.execute(RemoteWebDriver.java:518)
	at org.openqa.selenium.remote.ElementLocation$ElementFinder$2.findElement(ElementLocation.java:165)
	at org.openqa.selenium.remote.ElementLocation.findElement(ElementLocation.java:59)
	at org.openqa.selenium.remote.RemoteWebDriver.findElement(RemoteWebDriver.java:355)
	at org.openqa.selenium.remote.RemoteWebDriver.findElement(RemoteWebDriver.java:349)
	at org.openqa.selenium.support.ui.ExpectedConditions$6.apply(ExpectedConditions.java:171)
	at org.openqa.selenium.support.ui.ExpectedConditions$6.apply(ExpectedConditions.java:168)
	at org.openqa.selenium.support.ui.FluentWait.until(FluentWait.java:205)
	... 18 more
... Removed 16 stack frames
</div> <!-- stack-trace -->
                </div> <!-- method-content -->
              </div> <!-- method -->
              <div class="method">
                <div class="method-content">
                  <a name="ForcedAbatement_CloseEditForcedAbatementActivityPopup">
                  </a> <!-- ForcedAbatement_CloseEditForcedAbatementActivityPopup -->
                  <span class="method-name">ForcedAbatement_CloseEditForcedAbatementActivityPopup</span>
                  <div class="stack-trace">org.openqa.selenium.TimeoutException: Expected condition failed: waiting for presence of element located by: By.xpath: //div[@class=&apos;certified-mail-number__footer&apos;]/button[1] (tried for 30 second(s) with 500 milliseconds interval)
	at org.openqa.selenium.support.ui.WebDriverWait.timeoutException(WebDriverWait.java:84)
	at org.openqa.selenium.support.ui.FluentWait.until(FluentWait.java:230)
	at CommonMethods.Helper.ClickOn(Helper.java:329)
	at POM.ForcedAbatementUtility.ForcedAbatement_CloseEditForcedAbatementActivityPopup(ForcedAbatementUtility.java:568)
	at TestCases.ForcedAbatement.ForcedAbatement_CloseEditForcedAbatementActivityPopup(ForcedAbatement.java:134)
	at java.base/java.util.concurrent.ThreadPoolExecutor.runWorker(ThreadPoolExecutor.java:1136)
	at java.base/java.util.concurrent.ThreadPoolExecutor$Worker.run(ThreadPoolExecutor.java:635)
	at java.base/java.lang.Thread.run(Thread.java:833)
Caused by: org.openqa.selenium.NoSuchElementException: no such element: Unable to locate element: {&quot;method&quot;:&quot;xpath&quot;,&quot;selector&quot;:&quot;//div[@class=&apos;certified-mail-number__footer&apos;]/button[1]&quot;}
  (Session info: chrome=115.0.5790.170)
For documentation on this error, please visit: https://www.selenium.dev/documentation/webdriver/troubleshooting/errors#no-such-element-exception
Build info: version: &apos;4.11.0&apos;, revision: &apos;040bc5406b&apos;
System info: os.name: &apos;Windows 10&apos;, os.arch: &apos;amd64&apos;, os.version: &apos;10.0&apos;, java.version: &apos;17.0.8&apos;
Driver info: org.openqa.selenium.chrome.ChromeDriver
Command: [5c384b528e37dc349b29c2aa844476d3, findElement {using=xpath, value=//div[@class=&apos;certified-mail-number__footer&apos;]/button[1]}]
Capabilities {acceptInsecureCerts: false, browserName: chrome, browserVersion: 115.0.5790.170, chrome: {chromedriverVersion: 115.0.5790.170 (cc0d30c2ca5..., userDataDir: C:\Users\HP\AppData\Local\T...}, goog:chromeOptions: {debuggerAddress: localhost:53191}, networkConnectionEnabled: false, pageLoadStrategy: none, platformName: windows, proxy: Proxy(), se:cdp: ws://localhost:53191/devtoo..., se:cdpVersion: 115.0.5790.170, setWindowRect: true, strictFileInteractability: false, timeouts: {implicit: 0, pageLoad: 300000, script: 30000}, unhandledPromptBehavior: dismiss and notify, webauthn:extension:credBlob: true, webauthn:extension:largeBlob: true, webauthn:extension:minPinLength: true, webauthn:extension:prf: true, webauthn:virtualAuthenticators: true}
Session ID: 5c384b528e37dc349b29c2aa844476d3
	at org.openqa.selenium.remote.codec.w3c.W3CHttpResponseCodec.createException(W3CHttpResponseCodec.java:200)
	at org.openqa.selenium.remote.codec.w3c.W3CHttpResponseCodec.decode(W3CHttpResponseCodec.java:133)
	at org.openqa.selenium.remote.codec.w3c.W3CHttpResponseCodec.decode(W3CHttpResponseCodec.java:52)
	at org.openqa.selenium.remote.HttpCommandExecutor.execute(HttpCommandExecutor.java:191)
	at org.openqa.selenium.remote.service.DriverCommandExecutor.invokeExecute(DriverCommandExecutor.java:196)
	at org.openqa.selenium.remote.service.DriverCommandExecutor.execute(DriverCommandExecutor.java:171)
	at org.openqa.selenium.remote.RemoteWebDriver.execute(RemoteWebDriver.java:518)
	at org.openqa.selenium.remote.ElementLocation$ElementFinder$2.findElement(ElementLocation.java:165)
	at org.openqa.selenium.remote.ElementLocation.findElement(ElementLocation.java:59)
	at org.openqa.selenium.remote.RemoteWebDriver.findElement(RemoteWebDriver.java:355)
	at org.openqa.selenium.remote.RemoteWebDriver.findElement(RemoteWebDriver.java:349)
	at org.openqa.selenium.support.ui.ExpectedConditions$6.apply(ExpectedConditions.java:171)
	at org.openqa.selenium.support.ui.ExpectedConditions$6.apply(ExpectedConditions.java:168)
	at org.openqa.selenium.support.ui.FluentWait.until(FluentWait.java:205)
	... 18 more
... Removed 16 stack frames
</div> <!-- stack-trace -->
                </div> <!-- method-content -->
              </div> <!-- method -->
              <div class="method">
                <div class="method-content">
                  <a name="ForcedAbatement_ConfirmationPopupForDeletingActivity">
                  </a> <!-- ForcedAbatement_ConfirmationPopupForDeletingActivity -->
                  <span class="method-name">ForcedAbatement_ConfirmationPopupForDeletingActivity</span>
                  <div class="stack-trace">org.openqa.selenium.NoSuchElementException: no such element: Unable to locate element: {&quot;method&quot;:&quot;xpath&quot;,&quot;selector&quot;:&quot;//div[@class=&apos;abatement-activities__fa-activity__actions&apos;]/button[2]&quot;}
  (Session info: chrome=115.0.5790.170)
For documentation on this error, please visit: https://www.selenium.dev/documentation/webdriver/troubleshooting/errors#no-such-element-exception
Build info: version: &apos;4.11.0&apos;, revision: &apos;040bc5406b&apos;
System info: os.name: &apos;Windows 10&apos;, os.arch: &apos;amd64&apos;, os.version: &apos;10.0&apos;, java.version: &apos;17.0.8&apos;
Driver info: org.openqa.selenium.chrome.ChromeDriver
Command: [5c384b528e37dc349b29c2aa844476d3, findElement {using=xpath, value=//div[@class=&apos;abatement-activities__fa-activity__actions&apos;]/button[2]}]
Capabilities {acceptInsecureCerts: false, browserName: chrome, browserVersion: 115.0.5790.170, chrome: {chromedriverVersion: 115.0.5790.170 (cc0d30c2ca5..., userDataDir: C:\Users\HP\AppData\Local\T...}, goog:chromeOptions: {debuggerAddress: localhost:53191}, networkConnectionEnabled: false, pageLoadStrategy: none, platformName: windows, proxy: Proxy(), se:cdp: ws://localhost:53191/devtoo..., se:cdpVersion: 115.0.5790.170, setWindowRect: true, strictFileInteractability: false, timeouts: {implicit: 0, pageLoad: 300000, script: 30000}, unhandledPromptBehavior: dismiss and notify, webauthn:extension:credBlob: true, webauthn:extension:largeBlob: true, webauthn:extension:minPinLength: true, webauthn:extension:prf: true, webauthn:virtualAuthenticators: true}
Session ID: 5c384b528e37dc349b29c2aa844476d3
	at org.openqa.selenium.remote.codec.w3c.W3CHttpResponseCodec.createException(W3CHttpResponseCodec.java:200)
	at org.openqa.selenium.remote.codec.w3c.W3CHttpResponseCodec.decode(W3CHttpResponseCodec.java:133)
	at org.openqa.selenium.remote.codec.w3c.W3CHttpResponseCodec.decode(W3CHttpResponseCodec.java:52)
	at org.openqa.selenium.remote.HttpCommandExecutor.execute(HttpCommandExecutor.java:191)
	at org.openqa.selenium.remote.service.DriverCommandExecutor.invokeExecute(DriverCommandExecutor.java:196)
	at org.openqa.selenium.remote.service.DriverCommandExecutor.execute(DriverCommandExecutor.java:171)
	at org.openqa.selenium.remote.RemoteWebDriver.execute(RemoteWebDriver.java:518)
	at org.openqa.selenium.remote.ElementLocation$ElementFinder$2.findElement(ElementLocation.java:165)
	at org.openqa.selenium.remote.ElementLocation.findElement(ElementLocation.java:59)
	at org.openqa.selenium.remote.RemoteWebDriver.findElement(RemoteWebDriver.java:355)
	at org.openqa.selenium.remote.RemoteWebDriver.findElement(RemoteWebDriver.java:349)
	at CommonMethods.Helper.ScrollIntoView(Helper.java:412)
	at POM.ForcedAbatementUtility.ForcedAbatement_ConfirmationPopupForDeletingActivity(ForcedAbatementUtility.java:610)
	at TestCases.ForcedAbatement.ForcedAbatement_ConfirmationPopupForDeletingActivity(ForcedAbatement.java:144)
	at java.base/java.util.concurrent.ThreadPoolExecutor.runWorker(ThreadPoolExecutor.java:1136)
	at java.base/java.util.concurrent.ThreadPoolExecutor$Worker.run(ThreadPoolExecutor.java:635)
	at java.base/java.lang.Thread.run(Thread.java:833)
... Removed 16 stack frames
</div> <!-- stack-trace -->
                </div> <!-- method-content -->
              </div> <!-- method -->
              <div class="method">
                <div class="method-content">
                  <a name="ForcedAbatement_DeleteAddedActivity">
                  </a> <!-- ForcedAbatement_DeleteAddedActivity -->
                  <span class="method-name">ForcedAbatement_DeleteAddedActivity</span>
                  <div class="stack-trace">org.openqa.selenium.TimeoutException: Expected condition failed: waiting for presence of element located by: By.xpath: //div[@class=&apos;flex-row--middle&apos;]/button[2] (tried for 30 second(s) with 500 milliseconds interval)
	at org.openqa.selenium.support.ui.WebDriverWait.timeoutException(WebDriverWait.java:84)
	at org.openqa.selenium.support.ui.FluentWait.until(FluentWait.java:230)
	at CommonMethods.Helper.ClickOn(Helper.java:329)
	at POM.ForcedAbatementUtility.ForcedAbatement_DeleteAddedActivity(ForcedAbatementUtility.java:632)
	at TestCases.ForcedAbatement.ForcedAbatement_DeleteAddedActivity(ForcedAbatement.java:149)
	at java.base/java.util.concurrent.ThreadPoolExecutor.runWorker(ThreadPoolExecutor.java:1136)
	at java.base/java.util.concurrent.ThreadPoolExecutor$Worker.run(ThreadPoolExecutor.java:635)
	at java.base/java.lang.Thread.run(Thread.java:833)
Caused by: org.openqa.selenium.NoSuchElementException: no such element: Unable to locate element: {&quot;method&quot;:&quot;xpath&quot;,&quot;selector&quot;:&quot;//div[@class=&apos;flex-row--middle&apos;]/button[2]&quot;}
  (Session info: chrome=115.0.5790.170)
For documentation on this error, please visit: https://www.selenium.dev/documentation/webdriver/troubleshooting/errors#no-such-element-exception
Build info: version: &apos;4.11.0&apos;, revision: &apos;040bc5406b&apos;
System info: os.name: &apos;Windows 10&apos;, os.arch: &apos;amd64&apos;, os.version: &apos;10.0&apos;, java.version: &apos;17.0.8&apos;
Driver info: org.openqa.selenium.chrome.ChromeDriver
Command: [5c384b528e37dc349b29c2aa844476d3, findElement {using=xpath, value=//div[@class=&apos;flex-row--middle&apos;]/button[2]}]
Capabilities {acceptInsecureCerts: false, browserName: chrome, browserVersion: 115.0.5790.170, chrome: {chromedriverVersion: 115.0.5790.170 (cc0d30c2ca5..., userDataDir: C:\Users\HP\AppData\Local\T...}, goog:chromeOptions: {debuggerAddress: localhost:53191}, networkConnectionEnabled: false, pageLoadStrategy: none, platformName: windows, proxy: Proxy(), se:cdp: ws://localhost:53191/devtoo..., se:cdpVersion: 115.0.5790.170, setWindowRect: true, strictFileInteractability: false, timeouts: {implicit: 0, pageLoad: 300000, script: 30000}, unhandledPromptBehavior: dismiss and notify, webauthn:extension:credBlob: true, webauthn:extension:largeBlob: true, webauthn:extension:minPinLength: true, webauthn:extension:prf: true, webauthn:virtualAuthenticators: true}
Session ID: 5c384b528e37dc349b29c2aa844476d3
	at org.openqa.selenium.remote.codec.w3c.W3CHttpResponseCodec.createException(W3CHttpResponseCodec.java:200)
	at org.openqa.selenium.remote.codec.w3c.W3CHttpResponseCodec.decode(W3CHttpResponseCodec.java:133)
	at org.openqa.selenium.remote.codec.w3c.W3CHttpResponseCodec.decode(W3CHttpResponseCodec.java:52)
	at org.openqa.selenium.remote.HttpCommandExecutor.execute(HttpCommandExecutor.java:191)
	at org.openqa.selenium.remote.service.DriverCommandExecutor.invokeExecute(DriverCommandExecutor.java:196)
	at org.openqa.selenium.remote.service.DriverCommandExecutor.execute(DriverCommandExecutor.java:171)
	at org.openqa.selenium.remote.RemoteWebDriver.execute(RemoteWebDriver.java:518)
	at org.openqa.selenium.remote.ElementLocation$ElementFinder$2.findElement(ElementLocation.java:165)
	at org.openqa.selenium.remote.ElementLocation.findElement(ElementLocation.java:59)
	at org.openqa.selenium.remote.RemoteWebDriver.findElement(RemoteWebDriver.java:355)
	at org.openqa.selenium.remote.RemoteWebDriver.findElement(RemoteWebDriver.java:349)
	at org.openqa.selenium.support.ui.ExpectedConditions$6.apply(ExpectedConditions.java:171)
	at org.openqa.selenium.support.ui.ExpectedConditions$6.apply(ExpectedConditions.java:168)
	at org.openqa.selenium.support.ui.FluentWait.until(FluentWait.java:205)
	... 18 more
... Removed 16 stack frames
</div> <!-- stack-trace -->
                </div> <!-- method-content -->
              </div> <!-- method -->
              <div class="method">
                <div class="method-content">
                  <a name="ForcedAbatement_EditAddedActivity">
                  </a> <!-- ForcedAbatement_EditAddedActivity -->
                  <span class="method-name">ForcedAbatement_EditAddedActivity</span>
                  <div class="stack-trace">org.openqa.selenium.NoSuchElementException: no such element: Unable to locate element: {&quot;method&quot;:&quot;xpath&quot;,&quot;selector&quot;:&quot;//button[text()=&apos;Save&apos;]&quot;}
  (Session info: chrome=115.0.5790.170)
For documentation on this error, please visit: https://www.selenium.dev/documentation/webdriver/troubleshooting/errors#no-such-element-exception
Build info: version: &apos;4.11.0&apos;, revision: &apos;040bc5406b&apos;
System info: os.name: &apos;Windows 10&apos;, os.arch: &apos;amd64&apos;, os.version: &apos;10.0&apos;, java.version: &apos;17.0.8&apos;
Driver info: org.openqa.selenium.chrome.ChromeDriver
Command: [5c384b528e37dc349b29c2aa844476d3, findElement {using=xpath, value=//button[text()=&apos;Save&apos;]}]
Capabilities {acceptInsecureCerts: false, browserName: chrome, browserVersion: 115.0.5790.170, chrome: {chromedriverVersion: 115.0.5790.170 (cc0d30c2ca5..., userDataDir: C:\Users\HP\AppData\Local\T...}, goog:chromeOptions: {debuggerAddress: localhost:53191}, networkConnectionEnabled: false, pageLoadStrategy: none, platformName: windows, proxy: Proxy(), se:cdp: ws://localhost:53191/devtoo..., se:cdpVersion: 115.0.5790.170, setWindowRect: true, strictFileInteractability: false, timeouts: {implicit: 0, pageLoad: 300000, script: 30000}, unhandledPromptBehavior: dismiss and notify, webauthn:extension:credBlob: true, webauthn:extension:largeBlob: true, webauthn:extension:minPinLength: true, webauthn:extension:prf: true, webauthn:virtualAuthenticators: true}
Session ID: 5c384b528e37dc349b29c2aa844476d3
	at org.openqa.selenium.remote.codec.w3c.W3CHttpResponseCodec.createException(W3CHttpResponseCodec.java:200)
	at org.openqa.selenium.remote.codec.w3c.W3CHttpResponseCodec.decode(W3CHttpResponseCodec.java:133)
	at org.openqa.selenium.remote.codec.w3c.W3CHttpResponseCodec.decode(W3CHttpResponseCodec.java:52)
	at org.openqa.selenium.remote.HttpCommandExecutor.execute(HttpCommandExecutor.java:191)
	at org.openqa.selenium.remote.service.DriverCommandExecutor.invokeExecute(DriverCommandExecutor.java:196)
	at org.openqa.selenium.remote.service.DriverCommandExecutor.execute(DriverCommandExecutor.java:171)
	at org.openqa.selenium.remote.RemoteWebDriver.execute(RemoteWebDriver.java:518)
	at org.openqa.selenium.remote.ElementLocation$ElementFinder$2.findElement(ElementLocation.java:165)
	at org.openqa.selenium.remote.ElementLocation.findElement(ElementLocation.java:59)
	at org.openqa.selenium.remote.RemoteWebDriver.findElement(RemoteWebDriver.java:355)
	at org.openqa.selenium.remote.RemoteWebDriver.findElement(RemoteWebDriver.java:349)
	at CommonMethods.Helper.ScrollIntoView(Helper.java:412)
	at POM.ForcedAbatementUtility.ForcedAbatement_EditAddedActivity(ForcedAbatementUtility.java:592)
	at TestCases.ForcedAbatement.ForcedAbatement_EditAddedActivity(ForcedAbatement.java:139)
	at java.base/java.util.concurrent.ThreadPoolExecutor.runWorker(ThreadPoolExecutor.java:1136)
	at java.base/java.util.concurrent.ThreadPoolExecutor$Worker.run(ThreadPoolExecutor.java:635)
	at java.base/java.lang.Thread.run(Thread.java:833)
... Removed 16 stack frames
</div> <!-- stack-trace -->
                </div> <!-- method-content -->
              </div> <!-- method -->
              <div class="method">
                <div class="method-content">
                  <a name="ForcedAbatement_OpenEditForcedAbatementActivityPopup">
                  </a> <!-- ForcedAbatement_OpenEditForcedAbatementActivityPopup -->
                  <span class="method-name">ForcedAbatement_OpenEditForcedAbatementActivityPopup</span>
                  <div class="stack-trace">org.openqa.selenium.NoSuchElementException: no such element: Unable to locate element: {&quot;method&quot;:&quot;xpath&quot;,&quot;selector&quot;:&quot;//div[@class=&apos;abatement-activities__fa-activity__actions&apos;]/button[1]&quot;}
  (Session info: chrome=115.0.5790.170)
For documentation on this error, please visit: https://www.selenium.dev/documentation/webdriver/troubleshooting/errors#no-such-element-exception
Build info: version: &apos;4.11.0&apos;, revision: &apos;040bc5406b&apos;
System info: os.name: &apos;Windows 10&apos;, os.arch: &apos;amd64&apos;, os.version: &apos;10.0&apos;, java.version: &apos;17.0.8&apos;
Driver info: org.openqa.selenium.chrome.ChromeDriver
Command: [5c384b528e37dc349b29c2aa844476d3, findElement {using=xpath, value=//div[@class=&apos;abatement-activities__fa-activity__actions&apos;]/button[1]}]
Capabilities {acceptInsecureCerts: false, browserName: chrome, browserVersion: 115.0.5790.170, chrome: {chromedriverVersion: 115.0.5790.170 (cc0d30c2ca5..., userDataDir: C:\Users\HP\AppData\Local\T...}, goog:chromeOptions: {debuggerAddress: localhost:53191}, networkConnectionEnabled: false, pageLoadStrategy: none, platformName: windows, proxy: Proxy(), se:cdp: ws://localhost:53191/devtoo..., se:cdpVersion: 115.0.5790.170, setWindowRect: true, strictFileInteractability: false, timeouts: {implicit: 0, pageLoad: 300000, script: 30000}, unhandledPromptBehavior: dismiss and notify, webauthn:extension:credBlob: true, webauthn:extension:largeBlob: true, webauthn:extension:minPinLength: true, webauthn:extension:prf: true, webauthn:virtualAuthenticators: true}
Session ID: 5c384b528e37dc349b29c2aa844476d3
	at org.openqa.selenium.remote.codec.w3c.W3CHttpResponseCodec.createException(W3CHttpResponseCodec.java:200)
	at org.openqa.selenium.remote.codec.w3c.W3CHttpResponseCodec.decode(W3CHttpResponseCodec.java:133)
	at org.openqa.selenium.remote.codec.w3c.W3CHttpResponseCodec.decode(W3CHttpResponseCodec.java:52)
	at org.openqa.selenium.remote.HttpCommandExecutor.execute(HttpCommandExecutor.java:191)
	at org.openqa.selenium.remote.service.DriverCommandExecutor.invokeExecute(DriverCommandExecutor.java:196)
	at org.openqa.selenium.remote.service.DriverCommandExecutor.execute(DriverCommandExecutor.java:171)
	at org.openqa.selenium.remote.RemoteWebDriver.execute(RemoteWebDriver.java:518)
	at org.openqa.selenium.remote.ElementLocation$ElementFinder$2.findElement(ElementLocation.java:165)
	at org.openqa.selenium.remote.ElementLocation.findElement(ElementLocation.java:59)
	at org.openqa.selenium.remote.RemoteWebDriver.findElement(RemoteWebDriver.java:355)
	at org.openqa.selenium.remote.RemoteWebDriver.findElement(RemoteWebDriver.java:349)
	at CommonMethods.Helper.ScrollIntoView(Helper.java:412)
	at POM.ForcedAbatementUtility.ForcedAbatement_OpenEditForcedAbatementActivityPopup(ForcedAbatementUtility.java:546)
	at TestCases.ForcedAbatement.ForcedAbatement_OpenEditForcedAbatementActivityPopup(ForcedAbatement.java:129)
	at java.base/java.util.concurrent.ThreadPoolExecutor.runWorker(ThreadPoolExecutor.java:1136)
	at java.base/java.util.concurrent.ThreadPoolExecutor$Worker.run(ThreadPoolExecutor.java:635)
	at java.base/java.lang.Thread.run(Thread.java:833)
... Removed 16 stack frames
</div> <!-- stack-trace -->
                </div> <!-- method-content -->
              </div> <!-- method -->
              <div class="method">
                <div class="method-content">
                  <a name="ForcedAbatement_ValidationMsgForEmptyDocumentNote">
                  </a> <!-- ForcedAbatement_ValidationMsgForEmptyDocumentNote -->
                  <span class="method-name">ForcedAbatement_ValidationMsgForEmptyDocumentNote</span>
                  <div class="stack-trace">org.openqa.selenium.TimeoutException: Expected condition failed: waiting for presence of element located by: By.xpath: //button[text()=&apos;Generate Document&apos;] (tried for 30 second(s) with 500 milliseconds interval)
	at org.openqa.selenium.support.ui.WebDriverWait.timeoutException(WebDriverWait.java:84)
	at org.openqa.selenium.support.ui.FluentWait.until(FluentWait.java:230)
	at CommonMethods.Helper.ClickOn(Helper.java:329)
	at POM.ForcedAbatementUtility.ForcedAbatement_ValidationMsgForEmptyDocumentNote(ForcedAbatementUtility.java:493)
	at TestCases.ForcedAbatement.ForcedAbatement_ValidationMsgForEmptyDocumentNote(ForcedAbatement.java:119)
	at java.base/java.util.concurrent.ThreadPoolExecutor.runWorker(ThreadPoolExecutor.java:1136)
	at java.base/java.util.concurrent.ThreadPoolExecutor$Worker.run(ThreadPoolExecutor.java:635)
	at java.base/java.lang.Thread.run(Thread.java:833)
Caused by: org.openqa.selenium.NoSuchElementException: no such element: Unable to locate element: {&quot;method&quot;:&quot;xpath&quot;,&quot;selector&quot;:&quot;//button[text()=&apos;Generate Document&apos;]&quot;}
  (Session info: chrome=115.0.5790.170)
For documentation on this error, please visit: https://www.selenium.dev/documentation/webdriver/troubleshooting/errors#no-such-element-exception
Build info: version: &apos;4.11.0&apos;, revision: &apos;040bc5406b&apos;
System info: os.name: &apos;Windows 10&apos;, os.arch: &apos;amd64&apos;, os.version: &apos;10.0&apos;, java.version: &apos;17.0.8&apos;
Driver info: org.openqa.selenium.chrome.ChromeDriver
Command: [5c384b528e37dc349b29c2aa844476d3, findElement {using=xpath, value=//button[text()=&apos;Generate Document&apos;]}]
Capabilities {acceptInsecureCerts: false, browserName: chrome, browserVersion: 115.0.5790.170, chrome: {chromedriverVersion: 115.0.5790.170 (cc0d30c2ca5..., userDataDir: C:\Users\HP\AppData\Local\T...}, goog:chromeOptions: {debuggerAddress: localhost:53191}, networkConnectionEnabled: false, pageLoadStrategy: none, platformName: windows, proxy: Proxy(), se:cdp: ws://localhost:53191/devtoo..., se:cdpVersion: 115.0.5790.170, setWindowRect: true, strictFileInteractability: false, timeouts: {implicit: 0, pageLoad: 300000, script: 30000}, unhandledPromptBehavior: dismiss and notify, webauthn:extension:credBlob: true, webauthn:extension:largeBlob: true, webauthn:extension:minPinLength: true, webauthn:extension:prf: true, webauthn:virtualAuthenticators: true}
Session ID: 5c384b528e37dc349b29c2aa844476d3
	at org.openqa.selenium.remote.codec.w3c.W3CHttpResponseCodec.createException(W3CHttpResponseCodec.java:200)
	at org.openqa.selenium.remote.codec.w3c.W3CHttpResponseCodec.decode(W3CHttpResponseCodec.java:133)
	at org.openqa.selenium.remote.codec.w3c.W3CHttpResponseCodec.decode(W3CHttpResponseCodec.java:52)
	at org.openqa.selenium.remote.HttpCommandExecutor.execute(HttpCommandExecutor.java:191)
	at org.openqa.selenium.remote.service.DriverCommandExecutor.invokeExecute(DriverCommandExecutor.java:196)
	at org.openqa.selenium.remote.service.DriverCommandExecutor.execute(DriverCommandExecutor.java:171)
	at org.openqa.selenium.remote.RemoteWebDriver.execute(RemoteWebDriver.java:518)
	at org.openqa.selenium.remote.ElementLocation$ElementFinder$2.findElement(ElementLocation.java:165)
	at org.openqa.selenium.remote.ElementLocation.findElement(ElementLocation.java:59)
	at org.openqa.selenium.remote.RemoteWebDriver.findElement(RemoteWebDriver.java:355)
	at org.openqa.selenium.remote.RemoteWebDriver.findElement(RemoteWebDriver.java:349)
	at org.openqa.selenium.support.ui.ExpectedConditions$6.apply(ExpectedConditions.java:171)
	at org.openqa.selenium.support.ui.ExpectedConditions$6.apply(ExpectedConditions.java:168)
	at org.openqa.selenium.support.ui.FluentWait.until(FluentWait.java:205)
	... 18 more
... Removed 16 stack frames
</div> <!-- stack-trace -->
                </div> <!-- method-content -->
              </div> <!-- method -->
              <div class="method">
                <div class="method-content">
                  <a name="ForcedAbatement_VerifyAbleToSelectActivityType">
                  </a> <!-- ForcedAbatement_VerifyAbleToSelectActivityType -->
                  <span class="method-name">ForcedAbatement_VerifyAbleToSelectActivityType</span>
                  <div class="stack-trace">org.openqa.selenium.ElementClickInterceptedException: element click intercepted: Element &lt;button type=&quot;button&quot; class=&quot;square-btn btn btn-default&quot;&gt;...&lt;/button&gt; is not clickable at point (866, 19). Other element would receive the click: &lt;div class=&quot;abatement-activities__body&quot;&gt;...&lt;/div&gt;
  (Session info: chrome=115.0.5790.170)
Build info: version: &apos;4.11.0&apos;, revision: &apos;040bc5406b&apos;
System info: os.name: &apos;Windows 10&apos;, os.arch: &apos;amd64&apos;, os.version: &apos;10.0&apos;, java.version: &apos;17.0.8&apos;
Driver info: org.openqa.selenium.chrome.ChromeDriver
Command: [5c384b528e37dc349b29c2aa844476d3, clickElement {id=66414CBD8CAC25C5D4E526BB76744493_element_294}]
Capabilities {acceptInsecureCerts: false, browserName: chrome, browserVersion: 115.0.5790.170, chrome: {chromedriverVersion: 115.0.5790.170 (cc0d30c2ca5..., userDataDir: C:\Users\HP\AppData\Local\T...}, goog:chromeOptions: {debuggerAddress: localhost:53191}, networkConnectionEnabled: false, pageLoadStrategy: none, platformName: windows, proxy: Proxy(), se:cdp: ws://localhost:53191/devtoo..., se:cdpVersion: 115.0.5790.170, setWindowRect: true, strictFileInteractability: false, timeouts: {implicit: 0, pageLoad: 300000, script: 30000}, unhandledPromptBehavior: dismiss and notify, webauthn:extension:credBlob: true, webauthn:extension:largeBlob: true, webauthn:extension:minPinLength: true, webauthn:extension:prf: true, webauthn:virtualAuthenticators: true}
Element: [[ChromeDriver: chrome on windows (5c384b528e37dc349b29c2aa844476d3)] -&gt; xpath: //button[text()=&apos;Add Activity&apos;]]
Session ID: 5c384b528e37dc349b29c2aa844476d3
	at org.openqa.selenium.remote.codec.w3c.W3CHttpResponseCodec.createException(W3CHttpResponseCodec.java:200)
	at org.openqa.selenium.remote.codec.w3c.W3CHttpResponseCodec.decode(W3CHttpResponseCodec.java:133)
	at org.openqa.selenium.remote.codec.w3c.W3CHttpResponseCodec.decode(W3CHttpResponseCodec.java:52)
	at org.openqa.selenium.remote.HttpCommandExecutor.execute(HttpCommandExecutor.java:191)
	at org.openqa.selenium.remote.service.DriverCommandExecutor.invokeExecute(DriverCommandExecutor.java:196)
	at org.openqa.selenium.remote.service.DriverCommandExecutor.execute(DriverCommandExecutor.java:171)
	at org.openqa.selenium.remote.RemoteWebDriver.execute(RemoteWebDriver.java:518)
	at org.openqa.selenium.remote.RemoteWebElement.execute(RemoteWebElement.java:224)
	at org.openqa.selenium.remote.RemoteWebElement.click(RemoteWebElement.java:77)
	at CommonMethods.Helper.ClickOn(Helper.java:332)
	at POM.ForcedAbatementUtility.ForcedAbatement_VerifyAbleToSelectActivityType(ForcedAbatementUtility.java:660)
	at TestCases.ForcedAbatement.ForcedAbatement_VerifyAbleToSelectActivityType(ForcedAbatement.java:154)
	at java.base/java.util.concurrent.ThreadPoolExecutor.runWorker(ThreadPoolExecutor.java:1136)
	at java.base/java.util.concurrent.ThreadPoolExecutor$Worker.run(ThreadPoolExecutor.java:635)
	at java.base/java.lang.Thread.run(Thread.java:833)
... Removed 17 stack frames
</div> <!-- stack-trace -->
                </div> <!-- method-content -->
              </div> <!-- method -->
            </div> <!-- main-panel-content rounded-window-bottom -->
          </div> <!-- suite-Suite-class-failed -->
          <div class="suite-Suite-class-passed">
            <div class="main-panel-header rounded-window-top">
              <img src="passed.png"/>
              <span class="class-name">TestCases.Notices</span>
            </div> <!-- main-panel-header rounded-window-top -->
            <div class="main-panel-content rounded-window-bottom">
              <div class="method">
                <div class="method-content">
                  <a name="LoginAgency">
                  </a> <!-- LoginAgency -->
                  <span class="method-name">LoginAgency</span>
                </div> <!-- method-content -->
              </div> <!-- method -->
              <div class="method">
                <div class="method-content">
                  <a name="Notices_ApplyCategoryOnMergeFields">
                  </a> <!-- Notices_ApplyCategoryOnMergeFields -->
                  <span class="method-name">Notices_ApplyCategoryOnMergeFields</span>
                </div> <!-- method-content -->
              </div> <!-- method -->
              <div class="method">
                <div class="method-content">
                  <a name="Notices_CreateFADocumentHtmlNotice">
                  </a> <!-- Notices_CreateFADocumentHtmlNotice -->
                  <span class="method-name">Notices_CreateFADocumentHtmlNotice</span>
                </div> <!-- method-content -->
              </div> <!-- method -->
              <div class="method">
                <div class="method-content">
                  <a name="Notices_CreateHtmlCaseNotice">
                  </a> <!-- Notices_CreateHtmlCaseNotice -->
                  <span class="method-name">Notices_CreateHtmlCaseNotice</span>
                </div> <!-- method-content -->
              </div> <!-- method -->
              <div class="method">
                <div class="method-content">
                  <a name="Notices_CreateNonHTMLNotice">
                  </a> <!-- Notices_CreateNonHTMLNotice -->
                  <span class="method-name">Notices_CreateNonHTMLNotice</span>
                </div> <!-- method-content -->
              </div> <!-- method -->
              <div class="method">
                <div class="method-content">
                  <a name="Notices_OpenAddMergeFieldsPopup">
                  </a> <!-- Notices_OpenAddMergeFieldsPopup -->
                  <span class="method-name">Notices_OpenAddMergeFieldsPopup</span>
                </div> <!-- method-content -->
              </div> <!-- method -->
              <div class="method">
                <div class="method-content">
                  <a name="Notices_OpenCreateHtmlNoticePopup">
                  </a> <!-- Notices_OpenCreateHtmlNoticePopup -->
                  <span class="method-name">Notices_OpenCreateHtmlNoticePopup</span>
                </div> <!-- method-content -->
              </div> <!-- method -->
              <div class="method">
                <div class="method-content">
                  <a name="Notices_OpenCreateNonHtmlNoticePopup">
                  </a> <!-- Notices_OpenCreateNonHtmlNoticePopup -->
                  <span class="method-name">Notices_OpenCreateNonHtmlNoticePopup</span>
                </div> <!-- method-content -->
              </div> <!-- method -->
              <div class="method">
                <div class="method-content">
                  <a name="Notices_VerifyAutoPopulationOfNotices">
                  </a> <!-- Notices_VerifyAutoPopulationOfNotices -->
                  <span class="method-name">Notices_VerifyAutoPopulationOfNotices</span>
                </div> <!-- method-content -->
              </div> <!-- method -->
              <div class="method">
                <div class="method-content">
                  <a name="Notices_VerifyCountOfNotices">
                  </a> <!-- Notices_VerifyCountOfNotices -->
                  <span class="method-name">Notices_VerifyCountOfNotices</span>
                </div> <!-- method-content -->
              </div> <!-- method -->
              <div class="method">
                <div class="method-content">
                  <a name="Notices_VerifyEditNotices">
                  </a> <!-- Notices_VerifyEditNotices -->
                  <span class="method-name">Notices_VerifyEditNotices</span>
                </div> <!-- method-content -->
              </div> <!-- method -->
              <div class="method">
                <div class="method-content">
                  <a name="Notices_VerifyMergeFieldsOnHtmleditor">
                  </a> <!-- Notices_VerifyMergeFieldsOnHtmleditor -->
                  <span class="method-name">Notices_VerifyMergeFieldsOnHtmleditor</span>
                </div> <!-- method-content -->
              </div> <!-- method -->
              <div class="method">
                <div class="method-content">
                  <a name="Notices_VerifyPreviewPopup">
                  </a> <!-- Notices_VerifyPreviewPopup -->
                  <span class="method-name">Notices_VerifyPreviewPopup</span>
                </div> <!-- method-content -->
              </div> <!-- method -->
            </div> <!-- main-panel-content rounded-window-bottom -->
          </div> <!-- suite-Suite-class-passed -->
          <div class="suite-Suite-class-passed">
            <div class="main-panel-header rounded-window-top">
              <img src="passed.png"/>
              <span class="class-name">TestCases.ForcedAbatement</span>
            </div> <!-- main-panel-header rounded-window-top -->
            <div class="main-panel-content rounded-window-bottom">
              <div class="method">
                <div class="method-content">
                  <a name="ForcedAbatement_EditNoteInEditFaNoteField">
                  </a> <!-- ForcedAbatement_EditNoteInEditFaNoteField -->
                  <span class="method-name">ForcedAbatement_EditNoteInEditFaNoteField</span>
                </div> <!-- method-content -->
              </div> <!-- method -->
              <div class="method">
                <div class="method-content">
                  <a name="ForcedAbatement_InitiateForcedAbatement">
                  </a> <!-- ForcedAbatement_InitiateForcedAbatement -->
                  <span class="method-name">ForcedAbatement_InitiateForcedAbatement</span>
                </div> <!-- method-content -->
              </div> <!-- method -->
              <div class="method">
                <div class="method-content">
                  <a name="ForcedAbatement_OpenAddForcedAbatementActivityPopup">
                  </a> <!-- ForcedAbatement_OpenAddForcedAbatementActivityPopup -->
                  <span class="method-name">ForcedAbatement_OpenAddForcedAbatementActivityPopup</span>
                </div> <!-- method-content -->
              </div> <!-- method -->
              <div class="method">
                <div class="method-content">
                  <a name="ForcedAbatement_OpenEditFaNotePopup">
                  </a> <!-- ForcedAbatement_OpenEditFaNotePopup -->
                  <span class="method-name">ForcedAbatement_OpenEditFaNotePopup</span>
                </div> <!-- method-content -->
              </div> <!-- method -->
              <div class="method">
                <div class="method-content">
                  <a name="ForcedAbatement_OpenInitiateForcedAbabtementPopup">
                  </a> <!-- ForcedAbatement_OpenInitiateForcedAbabtementPopup -->
                  <span class="method-name">ForcedAbatement_OpenInitiateForcedAbabtementPopup</span>
                </div> <!-- method-content -->
              </div> <!-- method -->
              <div class="method">
                <div class="method-content">
                  <a name="ForcedAbatement_ValidationMsgForCharactersOver500InNote">
                  </a> <!-- ForcedAbatement_ValidationMsgForCharactersOver500InNote -->
                  <span class="method-name">ForcedAbatement_ValidationMsgForCharactersOver500InNote</span>
                </div> <!-- method-content -->
              </div> <!-- method -->
              <div class="method">
                <div class="method-content">
                  <a name="ForcedAbatement_ValidationMsgForEmptyNote">
                  </a> <!-- ForcedAbatement_ValidationMsgForEmptyNote -->
                  <span class="method-name">ForcedAbatement_ValidationMsgForEmptyNote</span>
                </div> <!-- method-content -->
              </div> <!-- method -->
              <div class="method">
                <div class="method-content">
                  <a name="ForcedAbatement_ValidationMsgForNoDataOfActivity">
                  </a> <!-- ForcedAbatement_ValidationMsgForNoDataOfActivity -->
                  <span class="method-name">ForcedAbatement_ValidationMsgForNoDataOfActivity</span>
                </div> <!-- method-content -->
              </div> <!-- method -->
              <div class="method">
                <div class="method-content">
                  <a name="ForcedAbatement_VerifyAddActivityBtn">
                  </a> <!-- ForcedAbatement_VerifyAddActivityBtn -->
                  <span class="method-name">ForcedAbatement_VerifyAddActivityBtn</span>
                </div> <!-- method-content -->
              </div> <!-- method -->
              <div class="method">
                <div class="method-content">
                  <a name="ForcedAbatement_VerifyDocumentNoteFieldPresence">
                  </a> <!-- ForcedAbatement_VerifyDocumentNoteFieldPresence -->
                  <span class="method-name">ForcedAbatement_VerifyDocumentNoteFieldPresence</span>
                </div> <!-- method-content -->
              </div> <!-- method -->
              <div class="method">
                <div class="method-content">
                  <a name="ForcedAbatement_VerifyFirstActivityBtnState">
                  </a> <!-- ForcedAbatement_VerifyFirstActivityBtnState -->
                  <span class="method-name">ForcedAbatement_VerifyFirstActivityBtnState</span>
                </div> <!-- method-content -->
              </div> <!-- method -->
              <div class="method">
                <div class="method-content">
                  <a name="ForcedAbatement_VerifyForcedStageBadge">
                  </a> <!-- ForcedAbatement_VerifyForcedStageBadge -->
                  <span class="method-name">ForcedAbatement_VerifyForcedStageBadge</span>
                </div> <!-- method-content -->
              </div> <!-- method -->
              <div class="method">
                <div class="method-content">
                  <a name="ForcedAbatement_VerifyTheUpdatedNote">
                  </a> <!-- ForcedAbatement_VerifyTheUpdatedNote -->
                  <span class="method-name">ForcedAbatement_VerifyTheUpdatedNote</span>
                </div> <!-- method-content -->
              </div> <!-- method -->
              <div class="method">
                <div class="method-content">
                  <a name="LoginAgency">
                  </a> <!-- LoginAgency -->
                  <span class="method-name">LoginAgency</span>
                </div> <!-- method-content -->
              </div> <!-- method -->
            </div> <!-- main-panel-content rounded-window-bottom -->
          </div> <!-- suite-Suite-class-passed -->
        </div> <!-- panel Suite -->
        <div panel-name="test-xml-Suite" class="panel">
          <div class="main-panel-header rounded-window-top">
            <span class="header-content">C:\Users\HP\Downloads\ComcateFramwork-master\ComcateFramwork-master\Desktop\ComcateRegression\com.comcate\testng.xml</span>
          </div> <!-- main-panel-header rounded-window-top -->
          <div class="main-panel-content rounded-window-bottom">
            <pre>
&lt;?xml version=&quot;1.0&quot; encoding=&quot;UTF-8&quot;?&gt;
&lt;!DOCTYPE suite SYSTEM &quot;https://testng.org/testng-1.0.dtd&quot;&gt;
&lt;suite name=&quot;Suite&quot; guice-stage=&quot;DEVELOPMENT&quot;&gt;
  &lt;test thread-count=&quot;2&quot; parallel=&quot;classes&quot; name=&quot;Test&quot;&gt;
    &lt;classes&gt;
      &lt;class name=&quot;TestCases.Notices&quot;/&gt;
      &lt;class name=&quot;TestCases.ForcedAbatement&quot;/&gt;
    &lt;/classes&gt;
  &lt;/test&gt; &lt;!-- Test --&gt;
&lt;/suite&gt; &lt;!-- Suite --&gt;
            </pre>
          </div> <!-- main-panel-content rounded-window-bottom -->
        </div> <!-- panel -->
        <div panel-name="testlist-Suite" class="panel">
          <div class="main-panel-header rounded-window-top">
            <span class="header-content">Tests for Suite</span>
          </div> <!-- main-panel-header rounded-window-top -->
          <div class="main-panel-content rounded-window-bottom">
            <ul>
              <li>
                <span class="test-name">Test (2 classes)</span>
              </li>
            </ul>
          </div> <!-- main-panel-content rounded-window-bottom -->
        </div> <!-- panel -->
        <div panel-name="group-Suite" class="panel">
          <div class="main-panel-header rounded-window-top">
            <span class="header-content">Groups for Suite</span>
          </div> <!-- main-panel-header rounded-window-top -->
          <div class="main-panel-content rounded-window-bottom">
          </div> <!-- main-panel-content rounded-window-bottom -->
        </div> <!-- panel -->
        <div panel-name="times-Suite" class="panel">
          <div class="main-panel-header rounded-window-top">
            <span class="header-content">Times for Suite</span>
          </div> <!-- main-panel-header rounded-window-top -->
          <div class="main-panel-content rounded-window-bottom">
            <div class="times-div">
              <script type="text/javascript">
suiteTableInitFunctions.push('tableData_Suite');
function tableData_Suite() {
var data = new google.visualization.DataTable();
data.addColumn('number', 'Number');
data.addColumn('string', 'Method');
data.addColumn('string', 'Class');
data.addColumn('number', 'Time (ms)');
data.addRows(40);
data.setCell(0, 0, 0)
data.setCell(0, 1, 'ForceAbatement_ContactAppearUnderResponsibleParty')
data.setCell(0, 2, 'TestCases.ForcedAbatement')
data.setCell(0, 3, 165273);
data.setCell(1, 0, 1)
data.setCell(1, 1, 'ForcedAbatement_DeleteAddedActivity')
data.setCell(1, 2, 'TestCases.ForcedAbatement')
data.setCell(1, 3, 150929);
data.setCell(2, 0, 2)
data.setCell(2, 1, 'ForcedAbatement_AddForcedAbatementActivity')
data.setCell(2, 2, 'TestCases.ForcedAbatement')
data.setCell(2, 3, 91210);
data.setCell(3, 0, 3)
data.setCell(3, 1, 'ForcedAbatement_ValidationMsgForEmptyDocumentNote')
data.setCell(3, 2, 'TestCases.ForcedAbatement')
data.setCell(3, 3, 90730);
data.setCell(4, 0, 4)
data.setCell(4, 1, 'ForceAbatement_AbatementDetailsPopupopen')
data.setCell(4, 2, 'TestCases.ForcedAbatement')
data.setCell(4, 3, 90677);
data.setCell(5, 0, 5)
data.setCell(5, 1, 'ForcedAbatement_VerifyDocumentNoteFieldPresence')
data.setCell(5, 2, 'TestCases.ForcedAbatement')
data.setCell(5, 3, 90595);
data.setCell(6, 0, 6)
data.setCell(6, 1, 'ForcedAbatement_CloseEditForcedAbatementActivityPopup')
data.setCell(6, 2, 'TestCases.ForcedAbatement')
data.setCell(6, 3, 90595);
data.setCell(7, 0, 7)
data.setCell(7, 1, 'ForceAbatement_AbatementDetailsDetails')
data.setCell(7, 2, 'TestCases.ForcedAbatement')
data.setCell(7, 3, 90492);
data.setCell(8, 0, 8)
data.setCell(8, 1, 'Notices_CreateFADocumentHtmlNotice')
data.setCell(8, 2, 'TestCases.Notices')
data.setCell(8, 3, 73198);
data.setCell(9, 0, 9)
data.setCell(9, 1, 'Notices_VerifyEditNotices')
data.setCell(9, 2, 'TestCases.Notices')
data.setCell(9, 3, 65903);
data.setCell(10, 0, 10)
data.setCell(10, 1, 'ForcedAbatement_OpenEditForcedAbatementActivityPopup')
data.setCell(10, 2, 'TestCases.ForcedAbatement')
data.setCell(10, 3, 60278);
data.setCell(11, 0, 11)
data.setCell(11, 1, 'ForceAbatement_AttachmentSectionAppearFAADocSelected')
data.setCell(11, 2, 'TestCases.ForcedAbatement')
data.setCell(11, 3, 60221);
data.setCell(12, 0, 12)
data.setCell(12, 1, 'ForcedAbatement_OpenInitiateForcedAbabtementPopup')
data.setCell(12, 2, 'TestCases.ForcedAbatement')
data.setCell(12, 3, 26802);
data.setCell(13, 0, 13)
data.setCell(13, 1, 'LoginAgency')
data.setCell(13, 2, 'TestCases.ForcedAbatement')
data.setCell(13, 3, 21596);
data.setCell(14, 0, 14)
data.setCell(14, 1, 'LoginAgency')
data.setCell(14, 2, 'TestCases.Notices')
data.setCell(14, 3, 20385);
data.setCell(15, 0, 15)
data.setCell(15, 1, 'ForcedAbatement_VerifyAbleToSelectActivityType')
data.setCell(15, 2, 'TestCases.ForcedAbatement')
data.setCell(15, 3, 17912);
data.setCell(16, 0, 16)
data.setCell(16, 1, 'Notices_CreateNonHTMLNotice')
data.setCell(16, 2, 'TestCases.Notices')
data.setCell(16, 3, 12204);
data.setCell(17, 0, 17)
data.setCell(17, 1, 'Notices_CreateHtmlCaseNotice')
data.setCell(17, 2, 'TestCases.Notices')
data.setCell(17, 3, 8523);
data.setCell(18, 0, 18)
data.setCell(18, 1, 'Notices_OpenCreateNonHtmlNoticePopup')
data.setCell(18, 2, 'TestCases.Notices')
data.setCell(18, 3, 6978);
data.setCell(19, 0, 19)
data.setCell(19, 1, 'ForcedAbatement_InitiateForcedAbatement')
data.setCell(19, 2, 'TestCases.ForcedAbatement')
data.setCell(19, 3, 3023);
data.setCell(20, 0, 20)
data.setCell(20, 1, 'ForcedAbatement_ValidationMsgForCharactersOver500InNote')
data.setCell(20, 2, 'TestCases.ForcedAbatement')
data.setCell(20, 3, 2330);
data.setCell(21, 0, 21)
data.setCell(21, 1, 'ForcedAbatement_VerifyTheUpdatedNote')
data.setCell(21, 2, 'TestCases.ForcedAbatement')
data.setCell(21, 3, 1355);
data.setCell(22, 0, 22)
data.setCell(22, 1, 'Notices_OpenCreateHtmlNoticePopup')
data.setCell(22, 2, 'TestCases.Notices')
data.setCell(22, 3, 546);
data.setCell(23, 0, 23)
data.setCell(23, 1, 'Notices_VerifyMergeFieldsOnHtmleditor')
data.setCell(23, 2, 'TestCases.Notices')
data.setCell(23, 3, 488);
data.setCell(24, 0, 24)
data.setCell(24, 1, 'ForcedAbatement_ValidationMsgForNoDataOfActivity')
data.setCell(24, 2, 'TestCases.ForcedAbatement')
data.setCell(24, 3, 419);
data.setCell(25, 0, 25)
data.setCell(25, 1, 'Notices_OpenAddMergeFieldsPopup')
data.setCell(25, 2, 'TestCases.Notices')
data.setCell(25, 3, 380);
data.setCell(26, 0, 26)
data.setCell(26, 1, 'Notices_ApplyCategoryOnMergeFields')
data.setCell(26, 2, 'TestCases.Notices')
data.setCell(26, 3, 325);
data.setCell(27, 0, 27)
data.setCell(27, 1, 'ForcedAbatement_EditNoteInEditFaNoteField')
data.setCell(27, 2, 'TestCases.ForcedAbatement')
data.setCell(27, 3, 322);
data.setCell(28, 0, 28)
data.setCell(28, 1, 'Notices_VerifyPreviewPopup')
data.setCell(28, 2, 'TestCases.Notices')
data.setCell(28, 3, 269);
data.setCell(29, 0, 29)
data.setCell(29, 1, 'ForcedAbatement_OpenAddForcedAbatementActivityPopup')
data.setCell(29, 2, 'TestCases.ForcedAbatement')
data.setCell(29, 3, 252);
data.setCell(30, 0, 30)
data.setCell(30, 1, 'ForcedAbatement_OpenEditFaNotePopup')
data.setCell(30, 2, 'TestCases.ForcedAbatement')
data.setCell(30, 3, 229);
data.setCell(31, 0, 31)
data.setCell(31, 1, 'ForcedAbatement_EditAddedActivity')
data.setCell(31, 2, 'TestCases.ForcedAbatement')
data.setCell(31, 3, 197);
data.setCell(32, 0, 32)
data.setCell(32, 1, 'ForcedAbatement_ValidationMsgForEmptyNote')
data.setCell(32, 2, 'TestCases.ForcedAbatement')
data.setCell(32, 3, 141);
data.setCell(33, 0, 33)
data.setCell(33, 1, 'Notices_VerifyCountOfNotices')
data.setCell(33, 2, 'TestCases.Notices')
data.setCell(33, 3, 95);
data.setCell(34, 0, 34)
data.setCell(34, 1, 'ForcedAbatement_VerifyAddActivityBtn')
data.setCell(34, 2, 'TestCases.ForcedAbatement')
data.setCell(34, 3, 91);
data.setCell(35, 0, 35)
data.setCell(35, 1, 'ForcedAbatement_VerifyFirstActivityBtnState')
data.setCell(35, 2, 'TestCases.ForcedAbatement')
data.setCell(35, 3, 58);
data.setCell(36, 0, 36)
data.setCell(36, 1, 'ForcedAbatement_VerifyForcedStageBadge')
data.setCell(36, 2, 'TestCases.ForcedAbatement')
data.setCell(36, 3, 32);
data.setCell(37, 0, 37)
data.setCell(37, 1, 'ForceAbatement_SelectedAttachmentPopulatedonPrintPreview')
data.setCell(37, 2, 'TestCases.ForcedAbatement')
data.setCell(37, 3, 15);
data.setCell(38, 0, 38)
data.setCell(38, 1, 'ForcedAbatement_ConfirmationPopupForDeletingActivity')
data.setCell(38, 2, 'TestCases.ForcedAbatement')
data.setCell(38, 3, 12);
data.setCell(39, 0, 39)
data.setCell(39, 1, 'Notices_VerifyAutoPopulationOfNotices')
data.setCell(39, 2, 'TestCases.Notices')
data.setCell(39, 3, 1);
window.suiteTableData['Suite']= { tableData: data, tableDiv: 'times-div-Suite'}
return data;
}
              </script>
              <span class="suite-total-time">Total running time: 20 minutes</span>
              <div id="times-div-Suite">
              </div> <!-- times-div-Suite -->
            </div> <!-- times-div -->
          </div> <!-- main-panel-content rounded-window-bottom -->
        </div> <!-- panel -->
        <div panel-name="reporter-Suite" class="panel">
          <div class="main-panel-header rounded-window-top">
            <span class="header-content">Reporter output for Suite</span>
          </div> <!-- main-panel-header rounded-window-top -->
          <div class="main-panel-content rounded-window-bottom">
          </div> <!-- main-panel-content rounded-window-bottom -->
        </div> <!-- panel -->
        <div panel-name="ignored-methods-Suite" class="panel">
          <div class="main-panel-header rounded-window-top">
            <span class="header-content">1 ignored method</span>
          </div> <!-- main-panel-header rounded-window-top -->
          <div class="main-panel-content rounded-window-bottom">
            <div class="ignored-class-div">
              <span class="ignored-class-name">TestCases.ForcedAbatement</span>
              <div class="ignored-methods-div">
                <span class="ignored-method-name">deleteExistingReport</span>
                <br/>
              </div> <!-- ignored-methods-div -->
            </div> <!-- ignored-class-div -->
          </div> <!-- main-panel-content rounded-window-bottom -->
        </div> <!-- panel -->
        <div panel-name="chronological-Suite" class="panel">
          <div class="main-panel-header rounded-window-top">
            <span class="header-content">Methods in chronological order</span>
          </div> <!-- main-panel-header rounded-window-top -->
          <div class="main-panel-content rounded-window-bottom">
            <div class="chronological-class">
              <div class="chronological-class-name">TestCases.Notices</div> <!-- chronological-class-name -->
              <div class="configuration-suite before">
                <span class="method-name">deleteExistingReport</span>
                <span class="method-start">0 ms</span>
              </div> <!-- configuration-suite before -->
            </div> <!-- chronological-class -->
            <div class="chronological-class">
              <div class="chronological-class-name">TestCases.ForcedAbatement</div> <!-- chronological-class-name -->
              <div class="configuration-class before">
                <span class="method-name">setUp</span>
                <span class="method-start">34 ms</span>
              </div> <!-- configuration-class before -->
            </div> <!-- chronological-class -->
            <div class="chronological-class">
              <div class="chronological-class-name">TestCases.Notices</div> <!-- chronological-class-name -->
              <div class="configuration-class before">
                <span class="method-name">setUp</span>
                <span class="method-start">34 ms</span>
              </div> <!-- configuration-class before -->
              <div class="test-method">
                <span class="method-name">LoginAgency</span>
                <span class="method-start">3230 ms</span>
              </div> <!-- test-method -->
            </div> <!-- chronological-class -->
            <div class="chronological-class">
              <div class="chronological-class-name">TestCases.ForcedAbatement</div> <!-- chronological-class-name -->
              <div class="test-method">
                <span class="method-name">LoginAgency</span>
                <span class="method-start">3230 ms</span>
              </div> <!-- test-method -->
            </div> <!-- chronological-class -->
            <div class="chronological-class">
              <div class="chronological-class-name">TestCases.Notices</div> <!-- chronological-class-name -->
              <div class="configuration-method after">
                <span class="method-name">flushReport(public void TestCases.Notices.LoginAgency() throws java.lang.InterruptedException, [TestResult name=...)</span>
                <span class="method-start">23618 ms</span>
              </div> <!-- configuration-method after -->
              <div class="test-method">
                <span class="method-name">Notices_OpenCreateNonHtmlNoticePopup</span>
                <span class="method-start">23867 ms</span>
              </div> <!-- test-method -->
            </div> <!-- chronological-class -->
            <div class="chronological-class">
              <div class="chronological-class-name">TestCases.ForcedAbatement</div> <!-- chronological-class-name -->
              <div class="configuration-method after">
                <span class="method-name">flushReport(public void TestCases.ForcedAbatement.LoginAgency() throws java.lang.InterruptedException, [TestResu...)</span>
                <span class="method-start">24827 ms</span>
              </div> <!-- configuration-method after -->
              <div class="test-method">
                <span class="method-name">ForcedAbatement_OpenInitiateForcedAbabtementPopup</span>
                <span class="method-start">24879 ms</span>
              </div> <!-- test-method -->
            </div> <!-- chronological-class -->
            <div class="chronological-class">
              <div class="chronological-class-name">TestCases.Notices</div> <!-- chronological-class-name -->
              <div class="configuration-method after">
                <span class="method-name">flushReport(public void TestCases.Notices.Notices_OpenCreateNonHtmlNoticePopup() throws java.lang.InterruptedExc...)</span>
                <span class="method-start">30846 ms</span>
              </div> <!-- configuration-method after -->
              <div class="test-method">
                <span class="method-name">Notices_CreateNonHTMLNotice</span>
                <span class="method-start">30891 ms</span>
              </div> <!-- test-method -->
              <div class="configuration-method after">
                <span class="method-name">flushReport(public void TestCases.Notices.Notices_CreateNonHTMLNotice() throws java.lang.InterruptedException, [...)</span>
                <span class="method-start">43096 ms</span>
              </div> <!-- configuration-method after -->
              <div class="test-method">
                <span class="method-name">Notices_OpenCreateHtmlNoticePopup</span>
                <span class="method-start">43123 ms</span>
              </div> <!-- test-method -->
              <div class="configuration-method after">
                <span class="method-name">flushReport(public void TestCases.Notices.Notices_OpenCreateHtmlNoticePopup() throws java.lang.InterruptedExcept...)</span>
                <span class="method-start">43671 ms</span>
              </div> <!-- configuration-method after -->
              <div class="test-method">
                <span class="method-name">Notices_OpenAddMergeFieldsPopup</span>
                <span class="method-start">43722 ms</span>
              </div> <!-- test-method -->
              <div class="configuration-method after">
                <span class="method-name">flushReport(public void TestCases.Notices.Notices_OpenAddMergeFieldsPopup() throws java.lang.InterruptedExceptio...)</span>
                <span class="method-start">44104 ms</span>
              </div> <!-- configuration-method after -->
              <div class="test-method">
                <span class="method-name">Notices_ApplyCategoryOnMergeFields</span>
                <span class="method-start">44159 ms</span>
              </div> <!-- test-method -->
              <div class="configuration-method after">
                <span class="method-name">flushReport(public void TestCases.Notices.Notices_ApplyCategoryOnMergeFields() throws java.lang.InterruptedExcep...)</span>
                <span class="method-start">44485 ms</span>
              </div> <!-- configuration-method after -->
              <div class="test-method">
                <span class="method-name">Notices_VerifyMergeFieldsOnHtmleditor</span>
                <span class="method-start">44505 ms</span>
              </div> <!-- test-method -->
              <div class="configuration-method after">
                <span class="method-name">flushReport(public void TestCases.Notices.Notices_VerifyMergeFieldsOnHtmleditor() throws java.lang.InterruptedEx...)</span>
                <span class="method-start">44994 ms</span>
              </div> <!-- configuration-method after -->
              <div class="test-method">
                <span class="method-name">Notices_VerifyPreviewPopup</span>
                <span class="method-start">45018 ms</span>
              </div> <!-- test-method -->
              <div class="configuration-method after">
                <span class="method-name">flushReport(public void TestCases.Notices.Notices_VerifyPreviewPopup() throws java.lang.InterruptedException, [T...)</span>
                <span class="method-start">45288 ms</span>
              </div> <!-- configuration-method after -->
              <div class="test-method">
                <span class="method-name">Notices_CreateHtmlCaseNotice</span>
                <span class="method-start">45323 ms</span>
              </div> <!-- test-method -->
            </div> <!-- chronological-class -->
            <div class="chronological-class">
              <div class="chronological-class-name">TestCases.ForcedAbatement</div> <!-- chronological-class-name -->
              <div class="configuration-method after">
                <span class="method-name">flushReport(public void TestCases.ForcedAbatement.ForcedAbatement_OpenInitiateForcedAbabtementPopup() throws jav...)</span>
                <span class="method-start">51682 ms</span>
              </div> <!-- configuration-method after -->
              <div class="test-method">
                <span class="method-name">ForcedAbatement_ValidationMsgForEmptyNote</span>
                <span class="method-start">51707 ms</span>
              </div> <!-- test-method -->
              <div class="configuration-method after">
                <span class="method-name">flushReport(public void TestCases.ForcedAbatement.ForcedAbatement_ValidationMsgForEmptyNote() throws java.lang.I...)</span>
                <span class="method-start">51848 ms</span>
              </div> <!-- configuration-method after -->
              <div class="test-method">
                <span class="method-name">ForcedAbatement_ValidationMsgForCharactersOver500InNote</span>
                <span class="method-start">51868 ms</span>
              </div> <!-- test-method -->
            </div> <!-- chronological-class -->
            <div class="chronological-class">
              <div class="chronological-class-name">TestCases.Notices</div> <!-- chronological-class-name -->
              <div class="configuration-method after">
                <span class="method-name">flushReport(public void TestCases.Notices.Notices_CreateHtmlCaseNotice() throws java.lang.InterruptedException, ...)</span>
                <span class="method-start">53847 ms</span>
              </div> <!-- configuration-method after -->
              <div class="test-method">
                <span class="method-name">Notices_CreateFADocumentHtmlNotice</span>
                <span class="method-start">53876 ms</span>
              </div> <!-- test-method -->
            </div> <!-- chronological-class -->
            <div class="chronological-class">
              <div class="chronological-class-name">TestCases.ForcedAbatement</div> <!-- chronological-class-name -->
              <div class="configuration-method after">
                <span class="method-name">flushReport(public void TestCases.ForcedAbatement.ForcedAbatement_ValidationMsgForCharactersOver500InNote(), [Te...)</span>
                <span class="method-start">54199 ms</span>
              </div> <!-- configuration-method after -->
              <div class="test-method">
                <span class="method-name">ForcedAbatement_InitiateForcedAbatement</span>
                <span class="method-start">54219 ms</span>
              </div> <!-- test-method -->
              <div class="configuration-method after">
                <span class="method-name">flushReport(public void TestCases.ForcedAbatement.ForcedAbatement_InitiateForcedAbatement(), [TestResult name=Fo...)</span>
                <span class="method-start">57243 ms</span>
              </div> <!-- configuration-method after -->
              <div class="test-method">
                <span class="method-name">ForcedAbatement_VerifyForcedStageBadge</span>
                <span class="method-start">57264 ms</span>
              </div> <!-- test-method -->
              <div class="configuration-method after">
                <span class="method-name">flushReport(public void TestCases.ForcedAbatement.ForcedAbatement_VerifyForcedStageBadge(), [TestResult name=For...)</span>
                <span class="method-start">57297 ms</span>
              </div> <!-- configuration-method after -->
              <div class="test-method">
                <span class="method-name">ForcedAbatement_OpenEditFaNotePopup</span>
                <span class="method-start">57316 ms</span>
              </div> <!-- test-method -->
              <div class="configuration-method after">
                <span class="method-name">flushReport(public void TestCases.ForcedAbatement.ForcedAbatement_OpenEditFaNotePopup(), [TestResult name=Forced...)</span>
                <span class="method-start">57546 ms</span>
              </div> <!-- configuration-method after -->
              <div class="test-method">
                <span class="method-name">ForcedAbatement_EditNoteInEditFaNoteField</span>
                <span class="method-start">57585 ms</span>
              </div> <!-- test-method -->
              <div class="configuration-method after">
                <span class="method-name">flushReport(public void TestCases.ForcedAbatement.ForcedAbatement_EditNoteInEditFaNoteField(), [TestResult name=...)</span>
                <span class="method-start">57909 ms</span>
              </div> <!-- configuration-method after -->
              <div class="test-method">
                <span class="method-name">ForcedAbatement_VerifyTheUpdatedNote</span>
                <span class="method-start">57944 ms</span>
              </div> <!-- test-method -->
              <div class="configuration-method after">
                <span class="method-name">flushReport(public void TestCases.ForcedAbatement.ForcedAbatement_VerifyTheUpdatedNote(), [TestResult name=Force...)</span>
                <span class="method-start">59300 ms</span>
              </div> <!-- configuration-method after -->
              <div class="test-method">
                <span class="method-name">ForcedAbatement_VerifyAddActivityBtn</span>
                <span class="method-start">59322 ms</span>
              </div> <!-- test-method -->
              <div class="configuration-method after">
                <span class="method-name">flushReport(public void TestCases.ForcedAbatement.ForcedAbatement_VerifyAddActivityBtn() throws java.lang.Interr...)</span>
                <span class="method-start">59413 ms</span>
              </div> <!-- configuration-method after -->
              <div class="test-method">
                <span class="method-name">ForcedAbatement_OpenAddForcedAbatementActivityPopup</span>
                <span class="method-start">59432 ms</span>
              </div> <!-- test-method -->
              <div class="configuration-method after">
                <span class="method-name">flushReport(public void TestCases.ForcedAbatement.ForcedAbatement_OpenAddForcedAbatementActivityPopup(), [TestRe...)</span>
                <span class="method-start">59685 ms</span>
              </div> <!-- configuration-method after -->
              <div class="test-method">
                <span class="method-name">ForcedAbatement_VerifyFirstActivityBtnState</span>
                <span class="method-start">59724 ms</span>
              </div> <!-- test-method -->
              <div class="configuration-method after">
                <span class="method-name">flushReport(public void TestCases.ForcedAbatement.ForcedAbatement_VerifyFirstActivityBtnState(), [TestResult nam...)</span>
                <span class="method-start">59782 ms</span>
              </div> <!-- configuration-method after -->
              <div class="test-method">
                <span class="method-name">ForcedAbatement_ValidationMsgForNoDataOfActivity</span>
                <span class="method-start">59816 ms</span>
              </div> <!-- test-method -->
              <div class="configuration-method after">
                <span class="method-name">flushReport(public void TestCases.ForcedAbatement.ForcedAbatement_ValidationMsgForNoDataOfActivity() throws java...)</span>
                <span class="method-start">60236 ms</span>
              </div> <!-- configuration-method after -->
              <div class="test-method">
                <span class="method-name">ForcedAbatement_VerifyDocumentNoteFieldPresence</span>
                <span class="method-start">60266 ms</span>
              </div> <!-- test-method -->
            </div> <!-- chronological-class -->
            <div class="chronological-class">
              <div class="chronological-class-name">TestCases.Notices</div> <!-- chronological-class-name -->
              <div class="configuration-method after">
                <span class="method-name">flushReport(public void TestCases.Notices.Notices_CreateFADocumentHtmlNotice() throws java.lang.InterruptedExcep...)</span>
                <span class="method-start">127076 ms</span>
              </div> <!-- configuration-method after -->
              <div class="test-method">
                <span class="method-name">Notices_VerifyEditNotices</span>
                <span class="method-start">127099 ms</span>
              </div> <!-- test-method -->
            </div> <!-- chronological-class -->
            <div class="chronological-class">
              <div class="chronological-class-name">TestCases.ForcedAbatement</div> <!-- chronological-class-name -->
              <div class="configuration-method after">
                <span class="method-name">flushReport(public void TestCases.ForcedAbatement.ForcedAbatement_VerifyDocumentNoteFieldPresence(), [TestResult...)</span>
                <span class="method-start">150863 ms</span>
              </div> <!-- configuration-method after -->
              <div class="test-method">
                <img src="failed.png">
                </img>
                <span class="method-name">ForcedAbatement_ValidationMsgForEmptyDocumentNote</span>
                <span class="method-start">150908 ms</span>
              </div> <!-- test-method -->
            </div> <!-- chronological-class -->
            <div class="chronological-class">
              <div class="chronological-class-name">TestCases.Notices</div> <!-- chronological-class-name -->
              <div class="configuration-method after">
                <span class="method-name">flushReport(public void TestCases.Notices.Notices_VerifyEditNotices() throws java.lang.InterruptedException, [Te...)</span>
                <span class="method-start">193003 ms</span>
              </div> <!-- configuration-method after -->
              <div class="test-method">
                <span class="method-name">Notices_VerifyCountOfNotices</span>
                <span class="method-start">193020 ms</span>
              </div> <!-- test-method -->
              <div class="configuration-method after">
                <span class="method-name">flushReport(public void TestCases.Notices.Notices_VerifyCountOfNotices() throws java.lang.InterruptedException, ...)</span>
                <span class="method-start">193115 ms</span>
              </div> <!-- configuration-method after -->
              <div class="test-method">
                <span class="method-name">Notices_VerifyAutoPopulationOfNotices</span>
                <span class="method-start">193132 ms</span>
              </div> <!-- test-method -->
              <div class="configuration-method after">
                <span class="method-name">flushReport(public void TestCases.Notices.Notices_VerifyAutoPopulationOfNotices() throws java.lang.InterruptedEx...)</span>
                <span class="method-start">193133 ms</span>
              </div> <!-- configuration-method after -->
              <div class="configuration-class after">
                <span class="method-name">closeDriver</span>
                <span class="method-start">193154 ms</span>
              </div> <!-- configuration-class after -->
            </div> <!-- chronological-class -->
            <div class="chronological-class">
              <div class="chronological-class-name">TestCases.ForcedAbatement</div> <!-- chronological-class-name -->
              <div class="configuration-method after">
                <span class="method-name">flushReport(public void TestCases.ForcedAbatement.ForcedAbatement_ValidationMsgForEmptyDocumentNote() throws jav...)</span>
                <span class="method-start">241641 ms</span>
              </div> <!-- configuration-method after -->
              <div class="test-method">
                <img src="failed.png">
                </img>
                <span class="method-name">ForcedAbatement_AddForcedAbatementActivity</span>
                <span class="method-start">243842 ms</span>
              </div> <!-- test-method -->
              <div class="configuration-method after">
                <span class="method-name">flushReport(public void TestCases.ForcedAbatement.ForcedAbatement_AddForcedAbatementActivity(), [TestResult name...)</span>
                <span class="method-start">335056 ms</span>
              </div> <!-- configuration-method after -->
              <div class="test-method">
                <img src="failed.png">
                </img>
                <span class="method-name">ForcedAbatement_OpenEditForcedAbatementActivityPopup</span>
                <span class="method-start">336222 ms</span>
              </div> <!-- test-method -->
              <div class="configuration-method after">
                <span class="method-name">flushReport(public void TestCases.ForcedAbatement.ForcedAbatement_OpenEditForcedAbatementActivityPopup(), [TestR...)</span>
                <span class="method-start">396501 ms</span>
              </div> <!-- configuration-method after -->
              <div class="test-method">
                <img src="failed.png">
                </img>
                <span class="method-name">ForcedAbatement_CloseEditForcedAbatementActivityPopup</span>
                <span class="method-start">397672 ms</span>
              </div> <!-- test-method -->
              <div class="configuration-method after">
                <span class="method-name">flushReport(public void TestCases.ForcedAbatement.ForcedAbatement_CloseEditForcedAbatementActivityPopup(), [Test...)</span>
                <span class="method-start">488271 ms</span>
              </div> <!-- configuration-method after -->
              <div class="test-method">
                <img src="failed.png">
                </img>
                <span class="method-name">ForcedAbatement_EditAddedActivity</span>
                <span class="method-start">489783 ms</span>
              </div> <!-- test-method -->
              <div class="configuration-method after">
                <span class="method-name">flushReport(public void TestCases.ForcedAbatement.ForcedAbatement_EditAddedActivity(), [TestResult name=ForcedAb...)</span>
                <span class="method-start">489981 ms</span>
              </div> <!-- configuration-method after -->
              <div class="test-method">
                <img src="failed.png">
                </img>
                <span class="method-name">ForcedAbatement_ConfirmationPopupForDeletingActivity</span>
                <span class="method-start">491779 ms</span>
              </div> <!-- test-method -->
              <div class="configuration-method after">
                <span class="method-name">flushReport(public void TestCases.ForcedAbatement.ForcedAbatement_ConfirmationPopupForDeletingActivity(), [TestR...)</span>
                <span class="method-start">491792 ms</span>
              </div> <!-- configuration-method after -->
              <div class="test-method">
                <img src="failed.png">
                </img>
                <span class="method-name">ForcedAbatement_DeleteAddedActivity</span>
                <span class="method-start">493804 ms</span>
              </div> <!-- test-method -->
              <div class="configuration-method after">
                <span class="method-name">flushReport(public void TestCases.ForcedAbatement.ForcedAbatement_DeleteAddedActivity(), [TestResult name=Forced...)</span>
                <span class="method-start">644735 ms</span>
              </div> <!-- configuration-method after -->
              <div class="test-method">
                <img src="failed.png">
                </img>
                <span class="method-name">ForcedAbatement_VerifyAbleToSelectActivityType</span>
                <span class="method-start">644880 ms</span>
              </div> <!-- test-method -->
              <div class="configuration-method after">
                <span class="method-name">flushReport(public void TestCases.ForcedAbatement.ForcedAbatement_VerifyAbleToSelectActivityType() throws java.l...)</span>
                <span class="method-start">662795 ms</span>
              </div> <!-- configuration-method after -->
              <div class="test-method">
                <img src="failed.png">
                </img>
                <span class="method-name">ForceAbatement_AbatementDetailsPopupopen</span>
                <span class="method-start">665703 ms</span>
              </div> <!-- test-method -->
              <div class="configuration-method after">
                <span class="method-name">flushReport(public void TestCases.ForcedAbatement.ForceAbatement_AbatementDetailsPopupopen() throws java.lang.In...)</span>
                <span class="method-start">756381 ms</span>
              </div> <!-- configuration-method after -->
              <div class="test-method">
                <img src="failed.png">
                </img>
                <span class="method-name">ForceAbatement_AbatementDetailsDetails</span>
                <span class="method-start">757501 ms</span>
              </div> <!-- test-method -->
              <div class="configuration-method after">
                <span class="method-name">flushReport(public void TestCases.ForcedAbatement.ForceAbatement_AbatementDetailsDetails() throws java.lang.Inte...)</span>
                <span class="method-start">847997 ms</span>
              </div> <!-- configuration-method after -->
              <div class="test-method">
                <img src="failed.png">
                </img>
                <span class="method-name">ForceAbatement_AttachmentSectionAppearFAADocSelected</span>
                <span class="method-start">849115 ms</span>
              </div> <!-- test-method -->
              <div class="configuration-method after">
                <span class="method-name">flushReport(public void TestCases.ForcedAbatement.ForceAbatement_AttachmentSectionAppearFAADocSelected() throws ...)</span>
                <span class="method-start">909337 ms</span>
              </div> <!-- configuration-method after -->
              <div class="test-method">
                <img src="failed.png">
                </img>
                <span class="method-name">ForceAbatement_ContactAppearUnderResponsibleParty</span>
                <span class="method-start">910453 ms</span>
              </div> <!-- test-method -->
              <div class="configuration-method after">
                <span class="method-name">flushReport(public void TestCases.ForcedAbatement.ForceAbatement_ContactAppearUnderResponsibleParty() throws jav...)</span>
                <span class="method-start">1075727 ms</span>
              </div> <!-- configuration-method after -->
              <div class="test-method">
                <img src="failed.png">
                </img>
                <span class="method-name">ForceAbatement_SelectedAttachmentPopulatedonPrintPreview</span>
                <span class="method-start">1076847 ms</span>
              </div> <!-- test-method -->
              <div class="configuration-method after">
                <span class="method-name">flushReport(public void TestCases.ForcedAbatement.ForceAbatement_SelectedAttachmentPopulatedonPrintPreview() thr...)</span>
                <span class="method-start">1076862 ms</span>
              </div> <!-- configuration-method after -->
              <div class="configuration-class after">
                <span class="method-name">closeDriver</span>
                <span class="method-start">1077856 ms</span>
              </div> <!-- configuration-class after -->
          </div> <!-- main-panel-content rounded-window-bottom -->
        </div> <!-- panel -->
      </div> <!-- main-panel-root -->
    </div> <!-- wrapper -->
  </body>
<script type="text/javascript" src="testng-reports2.js"></script>
</html>
