<?xml version="1.0" encoding="UTF-8"?>
<testng-results ignored="1" total="41" passed="27" failed="13" skipped="0">
  <reporter-output>
  </reporter-output>
  <suite started-at="2023-09-27T11:45:40 IST" name="Suite" finished-at="2023-09-27T12:03:38 IST" duration-ms="1078225">
    <groups>
    </groups>
    <test started-at="2023-09-27T11:45:40 IST" name="Test" finished-at="2023-09-27T12:03:38 IST" duration-ms="1078225">
      <class name="TestCases.ForcedAbatement">
        <test-method is-config="true" signature="setUp()[pri:0, instance:TestCases.ForcedAbatement@24313fcc]" started-at="2023-09-27T11:45:40 IST" name="setUp" finished-at="2023-09-27T11:45:43 IST" duration-ms="3177" status="PASS">
          <reporter-output>
          </reporter-output>
        </test-method> <!-- setUp -->
        <test-method signature="LoginAgency()[pri:0, instance:TestCases.ForcedAbatement@24313fcc]" started-at="2023-09-27T11:45:43 IST" name="LoginAgency" finished-at="2023-09-27T11:46:04 IST" duration-ms="21596" status="PASS">
          <reporter-output>
          </reporter-output>
        </test-method> <!-- LoginAgency -->
        <test-method is-config="true" signature="flushReport(java.lang.reflect.Method,org.testng.ITestResult)[pri:0, instance:TestCases.ForcedAbatement@24313fcc]" started-at="2023-09-27T11:46:04 IST" name="flushReport" finished-at="2023-09-27T11:46:04 IST" duration-ms="51" status="PASS">
          <params>
            <param index="0">
              <value>
                <![CDATA[public void TestCases.ForcedAbatement.LoginAgency() throws java.lang.InterruptedException]]>
              </value>
            </param>
            <param index="1">
              <value>
                <![CDATA[[TestResult name=LoginAgency status=SUCCESS method=ForcedAbatement.LoginAgency()[pri:0, instance:TestCases.ForcedAbatement@24313fcc] output={null}]]]>
              </value>
            </param>
          </params>
          <reporter-output>
          </reporter-output>
        </test-method> <!-- flushReport -->
        <test-method signature="ForcedAbatement_OpenInitiateForcedAbabtementPopup()[pri:1, instance:TestCases.ForcedAbatement@24313fcc]" started-at="2023-09-27T11:46:04 IST" name="ForcedAbatement_OpenInitiateForcedAbabtementPopup" finished-at="2023-09-27T11:46:31 IST" duration-ms="26802" status="PASS">
          <reporter-output>
          </reporter-output>
        </test-method> <!-- ForcedAbatement_OpenInitiateForcedAbabtementPopup -->
        <test-method is-config="true" signature="flushReport(java.lang.reflect.Method,org.testng.ITestResult)[pri:0, instance:TestCases.ForcedAbatement@24313fcc]" started-at="2023-09-27T11:46:31 IST" name="flushReport" finished-at="2023-09-27T11:46:31 IST" duration-ms="25" status="PASS">
          <params>
            <param index="0">
              <value>
                <![CDATA[public void TestCases.ForcedAbatement.ForcedAbatement_OpenInitiateForcedAbabtementPopup() throws java.lang.InterruptedException]]>
              </value>
            </param>
            <param index="1">
              <value>
                <![CDATA[[TestResult name=ForcedAbatement_OpenInitiateForcedAbabtementPopup status=SUCCESS method=ForcedAbatement.ForcedAbatement_OpenInitiateForcedAbabtementPopup()[pri:1, instance:TestCases.ForcedAbatement@24313fcc] output={null}]]]>
              </value>
            </param>
          </params>
          <reporter-output>
          </reporter-output>
        </test-method> <!-- flushReport -->
        <test-method signature="ForcedAbatement_ValidationMsgForEmptyNote()[pri:2, instance:TestCases.ForcedAbatement@24313fcc]" started-at="2023-09-27T11:46:31 IST" name="ForcedAbatement_ValidationMsgForEmptyNote" finished-at="2023-09-27T11:46:31 IST" duration-ms="141" status="PASS">
          <reporter-output>
          </reporter-output>
        </test-method> <!-- ForcedAbatement_ValidationMsgForEmptyNote -->
        <test-method is-config="true" signature="flushReport(java.lang.reflect.Method,org.testng.ITestResult)[pri:0, instance:TestCases.ForcedAbatement@24313fcc]" started-at="2023-09-27T11:46:31 IST" name="flushReport" finished-at="2023-09-27T11:46:31 IST" duration-ms="19" status="PASS">
          <params>
            <param index="0">
              <value>
                <![CDATA[public void TestCases.ForcedAbatement.ForcedAbatement_ValidationMsgForEmptyNote() throws java.lang.InterruptedException]]>
              </value>
            </param>
            <param index="1">
              <value>
                <![CDATA[[TestResult name=ForcedAbatement_ValidationMsgForEmptyNote status=SUCCESS method=ForcedAbatement.ForcedAbatement_ValidationMsgForEmptyNote()[pri:2, instance:TestCases.ForcedAbatement@24313fcc] output={null}]]]>
              </value>
            </param>
          </params>
          <reporter-output>
          </reporter-output>
        </test-method> <!-- flushReport -->
        <test-method signature="ForcedAbatement_ValidationMsgForCharactersOver500InNote()[pri:3, instance:TestCases.ForcedAbatement@24313fcc]" started-at="2023-09-27T11:46:31 IST" name="ForcedAbatement_ValidationMsgForCharactersOver500InNote" finished-at="2023-09-27T11:46:34 IST" duration-ms="2330" status="PASS">
          <reporter-output>
          </reporter-output>
        </test-method> <!-- ForcedAbatement_ValidationMsgForCharactersOver500InNote -->
        <test-method is-config="true" signature="flushReport(java.lang.reflect.Method,org.testng.ITestResult)[pri:0, instance:TestCases.ForcedAbatement@24313fcc]" started-at="2023-09-27T11:46:34 IST" name="flushReport" finished-at="2023-09-27T11:46:34 IST" duration-ms="20" status="PASS">
          <params>
            <param index="0">
              <value>
                <![CDATA[public void TestCases.ForcedAbatement.ForcedAbatement_ValidationMsgForCharactersOver500InNote()]]>
              </value>
            </param>
            <param index="1">
              <value>
                <![CDATA[[TestResult name=ForcedAbatement_ValidationMsgForCharactersOver500InNote status=SUCCESS method=ForcedAbatement.ForcedAbatement_ValidationMsgForCharactersOver500InNote()[pri:3, instance:TestCases.ForcedAbatement@24313fcc] output={null}]]]>
              </value>
            </param>
          </params>
          <reporter-output>
          </reporter-output>
        </test-method> <!-- flushReport -->
        <test-method signature="ForcedAbatement_InitiateForcedAbatement()[pri:4, instance:TestCases.ForcedAbatement@24313fcc]" started-at="2023-09-27T11:46:34 IST" name="ForcedAbatement_InitiateForcedAbatement" finished-at="2023-09-27T11:46:37 IST" duration-ms="3023" status="PASS">
          <reporter-output>
          </reporter-output>
        </test-method> <!-- ForcedAbatement_InitiateForcedAbatement -->
        <test-method is-config="true" signature="flushReport(java.lang.reflect.Method,org.testng.ITestResult)[pri:0, instance:TestCases.ForcedAbatement@24313fcc]" started-at="2023-09-27T11:46:37 IST" name="flushReport" finished-at="2023-09-27T11:46:37 IST" duration-ms="21" status="PASS">
          <params>
            <param index="0">
              <value>
                <![CDATA[public void TestCases.ForcedAbatement.ForcedAbatement_InitiateForcedAbatement()]]>
              </value>
            </param>
            <param index="1">
              <value>
                <![CDATA[[TestResult name=ForcedAbatement_InitiateForcedAbatement status=SUCCESS method=ForcedAbatement.ForcedAbatement_InitiateForcedAbatement()[pri:4, instance:TestCases.ForcedAbatement@24313fcc] output={null}]]]>
              </value>
            </param>
          </params>
          <reporter-output>
          </reporter-output>
        </test-method> <!-- flushReport -->
        <test-method signature="ForcedAbatement_VerifyForcedStageBadge()[pri:5, instance:TestCases.ForcedAbatement@24313fcc]" started-at="2023-09-27T11:46:37 IST" name="ForcedAbatement_VerifyForcedStageBadge" finished-at="2023-09-27T11:46:37 IST" duration-ms="32" status="PASS">
          <reporter-output>
          </reporter-output>
        </test-method> <!-- ForcedAbatement_VerifyForcedStageBadge -->
        <test-method is-config="true" signature="flushReport(java.lang.reflect.Method,org.testng.ITestResult)[pri:0, instance:TestCases.ForcedAbatement@24313fcc]" started-at="2023-09-27T11:46:37 IST" name="flushReport" finished-at="2023-09-27T11:46:37 IST" duration-ms="18" status="PASS">
          <params>
            <param index="0">
              <value>
                <![CDATA[public void TestCases.ForcedAbatement.ForcedAbatement_VerifyForcedStageBadge()]]>
              </value>
            </param>
            <param index="1">
              <value>
                <![CDATA[[TestResult name=ForcedAbatement_VerifyForcedStageBadge status=SUCCESS method=ForcedAbatement.ForcedAbatement_VerifyForcedStageBadge()[pri:5, instance:TestCases.ForcedAbatement@24313fcc] output={null}]]]>
              </value>
            </param>
          </params>
          <reporter-output>
          </reporter-output>
        </test-method> <!-- flushReport -->
        <test-method signature="ForcedAbatement_OpenEditFaNotePopup()[pri:6, instance:TestCases.ForcedAbatement@24313fcc]" started-at="2023-09-27T11:46:37 IST" name="ForcedAbatement_OpenEditFaNotePopup" finished-at="2023-09-27T11:46:37 IST" duration-ms="229" status="PASS">
          <reporter-output>
          </reporter-output>
        </test-method> <!-- ForcedAbatement_OpenEditFaNotePopup -->
        <test-method is-config="true" signature="flushReport(java.lang.reflect.Method,org.testng.ITestResult)[pri:0, instance:TestCases.ForcedAbatement@24313fcc]" started-at="2023-09-27T11:46:37 IST" name="flushReport" finished-at="2023-09-27T11:46:37 IST" duration-ms="39" status="PASS">
          <params>
            <param index="0">
              <value>
                <![CDATA[public void TestCases.ForcedAbatement.ForcedAbatement_OpenEditFaNotePopup()]]>
              </value>
            </param>
            <param index="1">
              <value>
                <![CDATA[[TestResult name=ForcedAbatement_OpenEditFaNotePopup status=SUCCESS method=ForcedAbatement.ForcedAbatement_OpenEditFaNotePopup()[pri:6, instance:TestCases.ForcedAbatement@24313fcc] output={null}]]]>
              </value>
            </param>
          </params>
          <reporter-output>
          </reporter-output>
        </test-method> <!-- flushReport -->
        <test-method signature="ForcedAbatement_EditNoteInEditFaNoteField()[pri:7, instance:TestCases.ForcedAbatement@24313fcc]" started-at="2023-09-27T11:46:37 IST" name="ForcedAbatement_EditNoteInEditFaNoteField" finished-at="2023-09-27T11:46:37 IST" duration-ms="322" status="PASS">
          <reporter-output>
          </reporter-output>
        </test-method> <!-- ForcedAbatement_EditNoteInEditFaNoteField -->
        <test-method is-config="true" signature="flushReport(java.lang.reflect.Method,org.testng.ITestResult)[pri:0, instance:TestCases.ForcedAbatement@24313fcc]" started-at="2023-09-27T11:46:38 IST" name="flushReport" finished-at="2023-09-27T11:46:38 IST" duration-ms="35" status="PASS">
          <params>
            <param index="0">
              <value>
                <![CDATA[public void TestCases.ForcedAbatement.ForcedAbatement_EditNoteInEditFaNoteField()]]>
              </value>
            </param>
            <param index="1">
              <value>
                <![CDATA[[TestResult name=ForcedAbatement_EditNoteInEditFaNoteField status=SUCCESS method=ForcedAbatement.ForcedAbatement_EditNoteInEditFaNoteField()[pri:7, instance:TestCases.ForcedAbatement@24313fcc] output={null}]]]>
              </value>
            </param>
          </params>
          <reporter-output>
          </reporter-output>
        </test-method> <!-- flushReport -->
        <test-method signature="ForcedAbatement_VerifyTheUpdatedNote()[pri:8, instance:TestCases.ForcedAbatement@24313fcc]" started-at="2023-09-27T11:46:38 IST" name="ForcedAbatement_VerifyTheUpdatedNote" finished-at="2023-09-27T11:46:39 IST" duration-ms="1355" status="PASS">
          <reporter-output>
          </reporter-output>
        </test-method> <!-- ForcedAbatement_VerifyTheUpdatedNote -->
        <test-method is-config="true" signature="flushReport(java.lang.reflect.Method,org.testng.ITestResult)[pri:0, instance:TestCases.ForcedAbatement@24313fcc]" started-at="2023-09-27T11:46:39 IST" name="flushReport" finished-at="2023-09-27T11:46:39 IST" duration-ms="22" status="PASS">
          <params>
            <param index="0">
              <value>
                <![CDATA[public void TestCases.ForcedAbatement.ForcedAbatement_VerifyTheUpdatedNote()]]>
              </value>
            </param>
            <param index="1">
              <value>
                <![CDATA[[TestResult name=ForcedAbatement_VerifyTheUpdatedNote status=SUCCESS method=ForcedAbatement.ForcedAbatement_VerifyTheUpdatedNote()[pri:8, instance:TestCases.ForcedAbatement@24313fcc] output={null}]]]>
              </value>
            </param>
          </params>
          <reporter-output>
          </reporter-output>
        </test-method> <!-- flushReport -->
        <test-method signature="ForcedAbatement_VerifyAddActivityBtn()[pri:9, instance:TestCases.ForcedAbatement@24313fcc]" started-at="2023-09-27T11:46:39 IST" name="ForcedAbatement_VerifyAddActivityBtn" finished-at="2023-09-27T11:46:39 IST" duration-ms="91" status="PASS">
          <reporter-output>
          </reporter-output>
        </test-method> <!-- ForcedAbatement_VerifyAddActivityBtn -->
        <test-method is-config="true" signature="flushReport(java.lang.reflect.Method,org.testng.ITestResult)[pri:0, instance:TestCases.ForcedAbatement@24313fcc]" started-at="2023-09-27T11:46:39 IST" name="flushReport" finished-at="2023-09-27T11:46:39 IST" duration-ms="19" status="PASS">
          <params>
            <param index="0">
              <value>
                <![CDATA[public void TestCases.ForcedAbatement.ForcedAbatement_VerifyAddActivityBtn() throws java.lang.InterruptedException]]>
              </value>
            </param>
            <param index="1">
              <value>
                <![CDATA[[TestResult name=ForcedAbatement_VerifyAddActivityBtn status=SUCCESS method=ForcedAbatement.ForcedAbatement_VerifyAddActivityBtn()[pri:9, instance:TestCases.ForcedAbatement@24313fcc] output={null}]]]>
              </value>
            </param>
          </params>
          <reporter-output>
          </reporter-output>
        </test-method> <!-- flushReport -->
        <test-method signature="ForcedAbatement_OpenAddForcedAbatementActivityPopup()[pri:10, instance:TestCases.ForcedAbatement@24313fcc]" started-at="2023-09-27T11:46:39 IST" name="ForcedAbatement_OpenAddForcedAbatementActivityPopup" finished-at="2023-09-27T11:46:39 IST" duration-ms="252" status="PASS">
          <reporter-output>
          </reporter-output>
        </test-method> <!-- ForcedAbatement_OpenAddForcedAbatementActivityPopup -->
        <test-method is-config="true" signature="flushReport(java.lang.reflect.Method,org.testng.ITestResult)[pri:0, instance:TestCases.ForcedAbatement@24313fcc]" started-at="2023-09-27T11:46:39 IST" name="flushReport" finished-at="2023-09-27T11:46:39 IST" duration-ms="38" status="PASS">
          <params>
            <param index="0">
              <value>
                <![CDATA[public void TestCases.ForcedAbatement.ForcedAbatement_OpenAddForcedAbatementActivityPopup()]]>
              </value>
            </param>
            <param index="1">
              <value>
                <![CDATA[[TestResult name=ForcedAbatement_OpenAddForcedAbatementActivityPopup status=SUCCESS method=ForcedAbatement.ForcedAbatement_OpenAddForcedAbatementActivityPopup()[pri:10, instance:TestCases.ForcedAbatement@24313fcc] output={null}]]]>
              </value>
            </param>
          </params>
          <reporter-output>
          </reporter-output>
        </test-method> <!-- flushReport -->
        <test-method signature="ForcedAbatement_VerifyFirstActivityBtnState()[pri:11, instance:TestCases.ForcedAbatement@24313fcc]" started-at="2023-09-27T11:46:39 IST" name="ForcedAbatement_VerifyFirstActivityBtnState" finished-at="2023-09-27T11:46:39 IST" duration-ms="58" status="PASS">
          <reporter-output>
          </reporter-output>
        </test-method> <!-- ForcedAbatement_VerifyFirstActivityBtnState -->
        <test-method is-config="true" signature="flushReport(java.lang.reflect.Method,org.testng.ITestResult)[pri:0, instance:TestCases.ForcedAbatement@24313fcc]" started-at="2023-09-27T11:46:39 IST" name="flushReport" finished-at="2023-09-27T11:46:39 IST" duration-ms="34" status="PASS">
          <params>
            <param index="0">
              <value>
                <![CDATA[public void TestCases.ForcedAbatement.ForcedAbatement_VerifyFirstActivityBtnState()]]>
              </value>
            </param>
            <param index="1">
              <value>
                <![CDATA[[TestResult name=ForcedAbatement_VerifyFirstActivityBtnState status=SUCCESS method=ForcedAbatement.ForcedAbatement_VerifyFirstActivityBtnState()[pri:11, instance:TestCases.ForcedAbatement@24313fcc] output={null}]]]>
              </value>
            </param>
          </params>
          <reporter-output>
          </reporter-output>
        </test-method> <!-- flushReport -->
        <test-method signature="ForcedAbatement_ValidationMsgForNoDataOfActivity()[pri:12, instance:TestCases.ForcedAbatement@24313fcc]" started-at="2023-09-27T11:46:39 IST" name="ForcedAbatement_ValidationMsgForNoDataOfActivity" finished-at="2023-09-27T11:46:40 IST" duration-ms="419" status="PASS">
          <reporter-output>
          </reporter-output>
        </test-method> <!-- ForcedAbatement_ValidationMsgForNoDataOfActivity -->
        <test-method is-config="true" signature="flushReport(java.lang.reflect.Method,org.testng.ITestResult)[pri:0, instance:TestCases.ForcedAbatement@24313fcc]" started-at="2023-09-27T11:46:40 IST" name="flushReport" finished-at="2023-09-27T11:46:40 IST" duration-ms="30" status="PASS">
          <params>
            <param index="0">
              <value>
                <![CDATA[public void TestCases.ForcedAbatement.ForcedAbatement_ValidationMsgForNoDataOfActivity() throws java.lang.InterruptedException]]>
              </value>
            </param>
            <param index="1">
              <value>
                <![CDATA[[TestResult name=ForcedAbatement_ValidationMsgForNoDataOfActivity status=SUCCESS method=ForcedAbatement.ForcedAbatement_ValidationMsgForNoDataOfActivity()[pri:12, instance:TestCases.ForcedAbatement@24313fcc] output={null}]]]>
              </value>
            </param>
          </params>
          <reporter-output>
          </reporter-output>
        </test-method> <!-- flushReport -->
        <test-method signature="ForcedAbatement_VerifyDocumentNoteFieldPresence()[pri:13, instance:TestCases.ForcedAbatement@24313fcc]" started-at="2023-09-27T11:46:40 IST" name="ForcedAbatement_VerifyDocumentNoteFieldPresence" finished-at="2023-09-27T11:48:10 IST" duration-ms="90595" status="PASS">
          <reporter-output>
          </reporter-output>
        </test-method> <!-- ForcedAbatement_VerifyDocumentNoteFieldPresence -->
        <test-method is-config="true" signature="flushReport(java.lang.reflect.Method,org.testng.ITestResult)[pri:0, instance:TestCases.ForcedAbatement@24313fcc]" started-at="2023-09-27T11:48:10 IST" name="flushReport" finished-at="2023-09-27T11:48:10 IST" duration-ms="45" status="PASS">
          <params>
            <param index="0">
              <value>
                <![CDATA[public void TestCases.ForcedAbatement.ForcedAbatement_VerifyDocumentNoteFieldPresence()]]>
              </value>
            </param>
            <param index="1">
              <value>
                <![CDATA[[TestResult name=ForcedAbatement_VerifyDocumentNoteFieldPresence status=SUCCESS method=ForcedAbatement.ForcedAbatement_VerifyDocumentNoteFieldPresence()[pri:13, instance:TestCases.ForcedAbatement@24313fcc] output={null}]]]>
              </value>
            </param>
          </params>
          <reporter-output>
          </reporter-output>
        </test-method> <!-- flushReport -->
        <test-method signature="ForcedAbatement_ValidationMsgForEmptyDocumentNote()[pri:14, instance:TestCases.ForcedAbatement@24313fcc]" started-at="2023-09-27T11:48:10 IST" name="ForcedAbatement_ValidationMsgForEmptyDocumentNote" finished-at="2023-09-27T11:49:41 IST" duration-ms="90730" status="FAIL">
          <exception class="org.openqa.selenium.TimeoutException">
            <message>
              <![CDATA[Expected condition failed: waiting for presence of element located by: By.xpath: //button[text()='Generate Document'] (tried for 30 second(s) with 500 milliseconds interval)]]>
            </message>
            <full-stacktrace>
              <![CDATA[org.openqa.selenium.TimeoutException: Expected condition failed: waiting for presence of element located by: By.xpath: //button[text()='Generate Document'] (tried for 30 second(s) with 500 milliseconds interval)
at org.openqa.selenium.support.ui.WebDriverWait.timeoutException(WebDriverWait.java:84)
at org.openqa.selenium.support.ui.FluentWait.until(FluentWait.java:230)
at CommonMethods.Helper.ClickOn(Helper.java:329)
at POM.ForcedAbatementUtility.ForcedAbatement_ValidationMsgForEmptyDocumentNote(ForcedAbatementUtility.java:493)
at TestCases.ForcedAbatement.ForcedAbatement_ValidationMsgForEmptyDocumentNote(ForcedAbatement.java:119)
at java.base/jdk.internal.reflect.NativeMethodAccessorImpl.invoke0(Native Method)
at java.base/jdk.internal.reflect.NativeMethodAccessorImpl.invoke(NativeMethodAccessorImpl.java:77)
at java.base/jdk.internal.reflect.DelegatingMethodAccessorImpl.invoke(DelegatingMethodAccessorImpl.java:43)
at java.base/java.lang.reflect.Method.invoke(Method.java:568)
at org.testng.internal.invokers.MethodInvocationHelper.invokeMethod(MethodInvocationHelper.java:135)
at org.testng.internal.invokers.TestInvoker.invokeMethod(TestInvoker.java:673)
at org.testng.internal.invokers.TestInvoker.invokeTestMethod(TestInvoker.java:220)
at org.testng.internal.invokers.MethodRunner.runInSequence(MethodRunner.java:50)
at org.testng.internal.invokers.TestInvoker$MethodInvocationAgent.invoke(TestInvoker.java:945)
at org.testng.internal.invokers.TestInvoker.invokeTestMethods(TestInvoker.java:193)
at org.testng.internal.invokers.TestMethodWorker.invokeTestMethods(TestMethodWorker.java:146)
at org.testng.internal.invokers.TestMethodWorker.run(TestMethodWorker.java:128)
at java.base/java.util.concurrent.ThreadPoolExecutor.runWorker(ThreadPoolExecutor.java:1136)
at java.base/java.util.concurrent.ThreadPoolExecutor$Worker.run(ThreadPoolExecutor.java:635)
at java.base/java.lang.Thread.run(Thread.java:833)
Caused by: org.openqa.selenium.NoSuchElementException: no such element: Unable to locate element: {"method":"xpath","selector":"//button[text()='Generate Document']"}
  (Session info: chrome=115.0.5790.170)
For documentation on this error, please visit: https://www.selenium.dev/documentation/webdriver/troubleshooting/errors#no-such-element-exception
Build info: version: '4.11.0', revision: '040bc5406b'
System info: os.name: 'Windows 10', os.arch: 'amd64', os.version: '10.0', java.version: '17.0.8'
Driver info: org.openqa.selenium.chrome.ChromeDriver
Command: [5c384b528e37dc349b29c2aa844476d3, findElement {using=xpath, value=//button[text()='Generate Document']}]
Capabilities {acceptInsecureCerts: false, browserName: chrome, browserVersion: 115.0.5790.170, chrome: {chromedriverVersion: 115.0.5790.170 (cc0d30c2ca5..., userDataDir: C:\Users\HP\AppData\Local\T...}, goog:chromeOptions: {debuggerAddress: localhost:53191}, networkConnectionEnabled: false, pageLoadStrategy: none, platformName: windows, proxy: Proxy(), se:cdp: ws://localhost:53191/devtoo..., se:cdpVersion: 115.0.5790.170, setWindowRect: true, strictFileInteractability: false, timeouts: {implicit: 0, pageLoad: 300000, script: 30000}, unhandledPromptBehavior: dismiss and notify, webauthn:extension:credBlob: true, webauthn:extension:largeBlob: true, webauthn:extension:minPinLength: true, webauthn:extension:prf: true, webauthn:virtualAuthenticators: true}
Session ID: 5c384b528e37dc349b29c2aa844476d3
at jdk.internal.reflect.GeneratedConstructorAccessor18.newInstance(Unknown Source)
at java.base/jdk.internal.reflect.DelegatingConstructorAccessorImpl.newInstance(DelegatingConstructorAccessorImpl.java:45)
at java.base/java.lang.reflect.Constructor.newInstanceWithCaller(Constructor.java:499)
at java.base/java.lang.reflect.Constructor.newInstance(Constructor.java:480)
at org.openqa.selenium.remote.codec.w3c.W3CHttpResponseCodec.createException(W3CHttpResponseCodec.java:200)
at org.openqa.selenium.remote.codec.w3c.W3CHttpResponseCodec.decode(W3CHttpResponseCodec.java:133)
at org.openqa.selenium.remote.codec.w3c.W3CHttpResponseCodec.decode(W3CHttpResponseCodec.java:52)
at org.openqa.selenium.remote.HttpCommandExecutor.execute(HttpCommandExecutor.java:191)
at org.openqa.selenium.remote.service.DriverCommandExecutor.invokeExecute(DriverCommandExecutor.java:196)
at org.openqa.selenium.remote.service.DriverCommandExecutor.execute(DriverCommandExecutor.java:171)
at org.openqa.selenium.remote.RemoteWebDriver.execute(RemoteWebDriver.java:518)
at org.openqa.selenium.remote.ElementLocation$ElementFinder$2.findElement(ElementLocation.java:165)
at org.openqa.selenium.remote.ElementLocation.findElement(ElementLocation.java:59)
at org.openqa.selenium.remote.RemoteWebDriver.findElement(RemoteWebDriver.java:355)
at org.openqa.selenium.remote.RemoteWebDriver.findElement(RemoteWebDriver.java:349)
at org.openqa.selenium.support.ui.ExpectedConditions$6.apply(ExpectedConditions.java:171)
at org.openqa.selenium.support.ui.ExpectedConditions$6.apply(ExpectedConditions.java:168)
at org.openqa.selenium.support.ui.FluentWait.until(FluentWait.java:205)
... 18 more
]]>
            </full-stacktrace>
          </exception> <!-- org.openqa.selenium.TimeoutException -->
          <reporter-output>
          </reporter-output>
        </test-method> <!-- ForcedAbatement_ValidationMsgForEmptyDocumentNote -->
        <test-method is-config="true" signature="flushReport(java.lang.reflect.Method,org.testng.ITestResult)[pri:0, instance:TestCases.ForcedAbatement@24313fcc]" started-at="2023-09-27T11:49:41 IST" name="flushReport" finished-at="2023-09-27T11:49:43 IST" duration-ms="2201" status="PASS">
          <params>
            <param index="0">
              <value>
                <![CDATA[public void TestCases.ForcedAbatement.ForcedAbatement_ValidationMsgForEmptyDocumentNote() throws java.lang.InterruptedException]]>
              </value>
            </param>
            <param index="1">
              <value>
                <![CDATA[[TestResult name=ForcedAbatement_ValidationMsgForEmptyDocumentNote status=FAILURE method=ForcedAbatement.ForcedAbatement_ValidationMsgForEmptyDocumentNote()[pri:14, instance:TestCases.ForcedAbatement@24313fcc] output={null}]]]>
              </value>
            </param>
          </params>
          <reporter-output>
          </reporter-output>
        </test-method> <!-- flushReport -->
        <test-method signature="ForcedAbatement_AddForcedAbatementActivity()[pri:15, instance:TestCases.ForcedAbatement@24313fcc]" started-at="2023-09-27T11:49:43 IST" name="ForcedAbatement_AddForcedAbatementActivity" finished-at="2023-09-27T11:51:15 IST" duration-ms="91210" status="FAIL">
          <exception class="org.openqa.selenium.TimeoutException">
            <message>
              <![CDATA[Expected condition failed: waiting for presence of element located by: By.xpath: //div[text()='Yes'] (tried for 30 second(s) with 500 milliseconds interval)]]>
            </message>
            <full-stacktrace>
              <![CDATA[org.openqa.selenium.TimeoutException: Expected condition failed: waiting for presence of element located by: By.xpath: //div[text()='Yes'] (tried for 30 second(s) with 500 milliseconds interval)
at org.openqa.selenium.support.ui.WebDriverWait.timeoutException(WebDriverWait.java:84)
at org.openqa.selenium.support.ui.FluentWait.until(FluentWait.java:230)
at CommonMethods.Helper.ClickOn(Helper.java:329)
at POM.ForcedAbatementUtility.ForcedAbatement_AddForcedAbatementActivity(ForcedAbatementUtility.java:511)
at TestCases.ForcedAbatement.ForcedAbatement_AddForcedAbatementActivity(ForcedAbatement.java:124)
at java.base/jdk.internal.reflect.NativeMethodAccessorImpl.invoke0(Native Method)
at java.base/jdk.internal.reflect.NativeMethodAccessorImpl.invoke(NativeMethodAccessorImpl.java:77)
at java.base/jdk.internal.reflect.DelegatingMethodAccessorImpl.invoke(DelegatingMethodAccessorImpl.java:43)
at java.base/java.lang.reflect.Method.invoke(Method.java:568)
at org.testng.internal.invokers.MethodInvocationHelper.invokeMethod(MethodInvocationHelper.java:135)
at org.testng.internal.invokers.TestInvoker.invokeMethod(TestInvoker.java:673)
at org.testng.internal.invokers.TestInvoker.invokeTestMethod(TestInvoker.java:220)
at org.testng.internal.invokers.MethodRunner.runInSequence(MethodRunner.java:50)
at org.testng.internal.invokers.TestInvoker$MethodInvocationAgent.invoke(TestInvoker.java:945)
at org.testng.internal.invokers.TestInvoker.invokeTestMethods(TestInvoker.java:193)
at org.testng.internal.invokers.TestMethodWorker.invokeTestMethods(TestMethodWorker.java:146)
at org.testng.internal.invokers.TestMethodWorker.run(TestMethodWorker.java:128)
at java.base/java.util.concurrent.ThreadPoolExecutor.runWorker(ThreadPoolExecutor.java:1136)
at java.base/java.util.concurrent.ThreadPoolExecutor$Worker.run(ThreadPoolExecutor.java:635)
at java.base/java.lang.Thread.run(Thread.java:833)
Caused by: org.openqa.selenium.NoSuchElementException: no such element: Unable to locate element: {"method":"xpath","selector":"//div[text()='Yes']"}
  (Session info: chrome=115.0.5790.170)
For documentation on this error, please visit: https://www.selenium.dev/documentation/webdriver/troubleshooting/errors#no-such-element-exception
Build info: version: '4.11.0', revision: '040bc5406b'
System info: os.name: 'Windows 10', os.arch: 'amd64', os.version: '10.0', java.version: '17.0.8'
Driver info: org.openqa.selenium.chrome.ChromeDriver
Command: [5c384b528e37dc349b29c2aa844476d3, findElement {using=xpath, value=//div[text()='Yes']}]
Capabilities {acceptInsecureCerts: false, browserName: chrome, browserVersion: 115.0.5790.170, chrome: {chromedriverVersion: 115.0.5790.170 (cc0d30c2ca5..., userDataDir: C:\Users\HP\AppData\Local\T...}, goog:chromeOptions: {debuggerAddress: localhost:53191}, networkConnectionEnabled: false, pageLoadStrategy: none, platformName: windows, proxy: Proxy(), se:cdp: ws://localhost:53191/devtoo..., se:cdpVersion: 115.0.5790.170, setWindowRect: true, strictFileInteractability: false, timeouts: {implicit: 0, pageLoad: 300000, script: 30000}, unhandledPromptBehavior: dismiss and notify, webauthn:extension:credBlob: true, webauthn:extension:largeBlob: true, webauthn:extension:minPinLength: true, webauthn:extension:prf: true, webauthn:virtualAuthenticators: true}
Session ID: 5c384b528e37dc349b29c2aa844476d3
at jdk.internal.reflect.GeneratedConstructorAccessor18.newInstance(Unknown Source)
at java.base/jdk.internal.reflect.DelegatingConstructorAccessorImpl.newInstance(DelegatingConstructorAccessorImpl.java:45)
at java.base/java.lang.reflect.Constructor.newInstanceWithCaller(Constructor.java:499)
at java.base/java.lang.reflect.Constructor.newInstance(Constructor.java:480)
at org.openqa.selenium.remote.codec.w3c.W3CHttpResponseCodec.createException(W3CHttpResponseCodec.java:200)
at org.openqa.selenium.remote.codec.w3c.W3CHttpResponseCodec.decode(W3CHttpResponseCodec.java:133)
at org.openqa.selenium.remote.codec.w3c.W3CHttpResponseCodec.decode(W3CHttpResponseCodec.java:52)
at org.openqa.selenium.remote.HttpCommandExecutor.execute(HttpCommandExecutor.java:191)
at org.openqa.selenium.remote.service.DriverCommandExecutor.invokeExecute(DriverCommandExecutor.java:196)
at org.openqa.selenium.remote.service.DriverCommandExecutor.execute(DriverCommandExecutor.java:171)
at org.openqa.selenium.remote.RemoteWebDriver.execute(RemoteWebDriver.java:518)
at org.openqa.selenium.remote.ElementLocation$ElementFinder$2.findElement(ElementLocation.java:165)
at org.openqa.selenium.remote.ElementLocation.findElement(ElementLocation.java:59)
at org.openqa.selenium.remote.RemoteWebDriver.findElement(RemoteWebDriver.java:355)
at org.openqa.selenium.remote.RemoteWebDriver.findElement(RemoteWebDriver.java:349)
at org.openqa.selenium.support.ui.ExpectedConditions$6.apply(ExpectedConditions.java:171)
at org.openqa.selenium.support.ui.ExpectedConditions$6.apply(ExpectedConditions.java:168)
at org.openqa.selenium.support.ui.FluentWait.until(FluentWait.java:205)
... 18 more
]]>
            </full-stacktrace>
          </exception> <!-- org.openqa.selenium.TimeoutException -->
          <reporter-output>
          </reporter-output>
        </test-method> <!-- ForcedAbatement_AddForcedAbatementActivity -->
        <test-method is-config="true" signature="flushReport(java.lang.reflect.Method,org.testng.ITestResult)[pri:0, instance:TestCases.ForcedAbatement@24313fcc]" started-at="2023-09-27T11:51:15 IST" name="flushReport" finished-at="2023-09-27T11:51:16 IST" duration-ms="1165" status="PASS">
          <params>
            <param index="0">
              <value>
                <![CDATA[public void TestCases.ForcedAbatement.ForcedAbatement_AddForcedAbatementActivity()]]>
              </value>
            </param>
            <param index="1">
              <value>
                <![CDATA[[TestResult name=ForcedAbatement_AddForcedAbatementActivity status=FAILURE method=ForcedAbatement.ForcedAbatement_AddForcedAbatementActivity()[pri:15, instance:TestCases.ForcedAbatement@24313fcc] output={null}]]]>
              </value>
            </param>
          </params>
          <reporter-output>
          </reporter-output>
        </test-method> <!-- flushReport -->
        <test-method signature="ForcedAbatement_OpenEditForcedAbatementActivityPopup()[pri:16, instance:TestCases.ForcedAbatement@24313fcc]" started-at="2023-09-27T11:51:16 IST" name="ForcedAbatement_OpenEditForcedAbatementActivityPopup" finished-at="2023-09-27T11:52:16 IST" duration-ms="60278" status="FAIL">
          <exception class="org.openqa.selenium.NoSuchElementException">
            <message>
              <![CDATA[no such element: Unable to locate element: {"method":"xpath","selector":"//div[@class='abatement-activities__fa-activity__actions']/button[1]"}
  (Session info: chrome=115.0.5790.170)
For documentation on this error, please visit: https://www.selenium.dev/documentation/webdriver/troubleshooting/errors#no-such-element-exception
Build info: version: '4.11.0', revision: '040bc5406b'
System info: os.name: 'Windows 10', os.arch: 'amd64', os.version: '10.0', java.version: '17.0.8'
Driver info: org.openqa.selenium.chrome.ChromeDriver
Command: [5c384b528e37dc349b29c2aa844476d3, findElement {using=xpath, value=//div[@class='abatement-activities__fa-activity__actions']/button[1]}]
Capabilities {acceptInsecureCerts: false, browserName: chrome, browserVersion: 115.0.5790.170, chrome: {chromedriverVersion: 115.0.5790.170 (cc0d30c2ca5..., userDataDir: C:\Users\HP\AppData\Local\T...}, goog:chromeOptions: {debuggerAddress: localhost:53191}, networkConnectionEnabled: false, pageLoadStrategy: none, platformName: windows, proxy: Proxy(), se:cdp: ws://localhost:53191/devtoo..., se:cdpVersion: 115.0.5790.170, setWindowRect: true, strictFileInteractability: false, timeouts: {implicit: 0, pageLoad: 300000, script: 30000}, unhandledPromptBehavior: dismiss and notify, webauthn:extension:credBlob: true, webauthn:extension:largeBlob: true, webauthn:extension:minPinLength: true, webauthn:extension:prf: true, webauthn:virtualAuthenticators: true}
Session ID: 5c384b528e37dc349b29c2aa844476d3]]>
            </message>
            <full-stacktrace>
              <![CDATA[org.openqa.selenium.NoSuchElementException: no such element: Unable to locate element: {"method":"xpath","selector":"//div[@class='abatement-activities__fa-activity__actions']/button[1]"}
  (Session info: chrome=115.0.5790.170)
For documentation on this error, please visit: https://www.selenium.dev/documentation/webdriver/troubleshooting/errors#no-such-element-exception
Build info: version: '4.11.0', revision: '040bc5406b'
System info: os.name: 'Windows 10', os.arch: 'amd64', os.version: '10.0', java.version: '17.0.8'
Driver info: org.openqa.selenium.chrome.ChromeDriver
Command: [5c384b528e37dc349b29c2aa844476d3, findElement {using=xpath, value=//div[@class='abatement-activities__fa-activity__actions']/button[1]}]
Capabilities {acceptInsecureCerts: false, browserName: chrome, browserVersion: 115.0.5790.170, chrome: {chromedriverVersion: 115.0.5790.170 (cc0d30c2ca5..., userDataDir: C:\Users\HP\AppData\Local\T...}, goog:chromeOptions: {debuggerAddress: localhost:53191}, networkConnectionEnabled: false, pageLoadStrategy: none, platformName: windows, proxy: Proxy(), se:cdp: ws://localhost:53191/devtoo..., se:cdpVersion: 115.0.5790.170, setWindowRect: true, strictFileInteractability: false, timeouts: {implicit: 0, pageLoad: 300000, script: 30000}, unhandledPromptBehavior: dismiss and notify, webauthn:extension:credBlob: true, webauthn:extension:largeBlob: true, webauthn:extension:minPinLength: true, webauthn:extension:prf: true, webauthn:virtualAuthenticators: true}
Session ID: 5c384b528e37dc349b29c2aa844476d3
at jdk.internal.reflect.GeneratedConstructorAccessor18.newInstance(Unknown Source)
at java.base/jdk.internal.reflect.DelegatingConstructorAccessorImpl.newInstance(DelegatingConstructorAccessorImpl.java:45)
at java.base/java.lang.reflect.Constructor.newInstanceWithCaller(Constructor.java:499)
at java.base/java.lang.reflect.Constructor.newInstance(Constructor.java:480)
at org.openqa.selenium.remote.codec.w3c.W3CHttpResponseCodec.createException(W3CHttpResponseCodec.java:200)
at org.openqa.selenium.remote.codec.w3c.W3CHttpResponseCodec.decode(W3CHttpResponseCodec.java:133)
at org.openqa.selenium.remote.codec.w3c.W3CHttpResponseCodec.decode(W3CHttpResponseCodec.java:52)
at org.openqa.selenium.remote.HttpCommandExecutor.execute(HttpCommandExecutor.java:191)
at org.openqa.selenium.remote.service.DriverCommandExecutor.invokeExecute(DriverCommandExecutor.java:196)
at org.openqa.selenium.remote.service.DriverCommandExecutor.execute(DriverCommandExecutor.java:171)
at org.openqa.selenium.remote.RemoteWebDriver.execute(RemoteWebDriver.java:518)
at org.openqa.selenium.remote.ElementLocation$ElementFinder$2.findElement(ElementLocation.java:165)
at org.openqa.selenium.remote.ElementLocation.findElement(ElementLocation.java:59)
at org.openqa.selenium.remote.RemoteWebDriver.findElement(RemoteWebDriver.java:355)
at org.openqa.selenium.remote.RemoteWebDriver.findElement(RemoteWebDriver.java:349)
at CommonMethods.Helper.ScrollIntoView(Helper.java:412)
at POM.ForcedAbatementUtility.ForcedAbatement_OpenEditForcedAbatementActivityPopup(ForcedAbatementUtility.java:546)
at TestCases.ForcedAbatement.ForcedAbatement_OpenEditForcedAbatementActivityPopup(ForcedAbatement.java:129)
at java.base/jdk.internal.reflect.NativeMethodAccessorImpl.invoke0(Native Method)
at java.base/jdk.internal.reflect.NativeMethodAccessorImpl.invoke(NativeMethodAccessorImpl.java:77)
at java.base/jdk.internal.reflect.DelegatingMethodAccessorImpl.invoke(DelegatingMethodAccessorImpl.java:43)
at java.base/java.lang.reflect.Method.invoke(Method.java:568)
at org.testng.internal.invokers.MethodInvocationHelper.invokeMethod(MethodInvocationHelper.java:135)
at org.testng.internal.invokers.TestInvoker.invokeMethod(TestInvoker.java:673)
at org.testng.internal.invokers.TestInvoker.invokeTestMethod(TestInvoker.java:220)
at org.testng.internal.invokers.MethodRunner.runInSequence(MethodRunner.java:50)
at org.testng.internal.invokers.TestInvoker$MethodInvocationAgent.invoke(TestInvoker.java:945)
at org.testng.internal.invokers.TestInvoker.invokeTestMethods(TestInvoker.java:193)
at org.testng.internal.invokers.TestMethodWorker.invokeTestMethods(TestMethodWorker.java:146)
at org.testng.internal.invokers.TestMethodWorker.run(TestMethodWorker.java:128)
at java.base/java.util.concurrent.ThreadPoolExecutor.runWorker(ThreadPoolExecutor.java:1136)
at java.base/java.util.concurrent.ThreadPoolExecutor$Worker.run(ThreadPoolExecutor.java:635)
at java.base/java.lang.Thread.run(Thread.java:833)
]]>
            </full-stacktrace>
          </exception> <!-- org.openqa.selenium.NoSuchElementException -->
          <reporter-output>
          </reporter-output>
        </test-method> <!-- ForcedAbatement_OpenEditForcedAbatementActivityPopup -->
        <test-method is-config="true" signature="flushReport(java.lang.reflect.Method,org.testng.ITestResult)[pri:0, instance:TestCases.ForcedAbatement@24313fcc]" started-at="2023-09-27T11:52:16 IST" name="flushReport" finished-at="2023-09-27T11:52:17 IST" duration-ms="1171" status="PASS">
          <params>
            <param index="0">
              <value>
                <![CDATA[public void TestCases.ForcedAbatement.ForcedAbatement_OpenEditForcedAbatementActivityPopup()]]>
              </value>
            </param>
            <param index="1">
              <value>
                <![CDATA[[TestResult name=ForcedAbatement_OpenEditForcedAbatementActivityPopup status=FAILURE method=ForcedAbatement.ForcedAbatement_OpenEditForcedAbatementActivityPopup()[pri:16, instance:TestCases.ForcedAbatement@24313fcc] output={null}]]]>
              </value>
            </param>
          </params>
          <reporter-output>
          </reporter-output>
        </test-method> <!-- flushReport -->
        <test-method signature="ForcedAbatement_CloseEditForcedAbatementActivityPopup()[pri:17, instance:TestCases.ForcedAbatement@24313fcc]" started-at="2023-09-27T11:52:17 IST" name="ForcedAbatement_CloseEditForcedAbatementActivityPopup" finished-at="2023-09-27T11:53:48 IST" duration-ms="90595" status="FAIL">
          <exception class="org.openqa.selenium.TimeoutException">
            <message>
              <![CDATA[Expected condition failed: waiting for presence of element located by: By.xpath: //div[@class='certified-mail-number__footer']/button[1] (tried for 30 second(s) with 500 milliseconds interval)]]>
            </message>
            <full-stacktrace>
              <![CDATA[org.openqa.selenium.TimeoutException: Expected condition failed: waiting for presence of element located by: By.xpath: //div[@class='certified-mail-number__footer']/button[1] (tried for 30 second(s) with 500 milliseconds interval)
at org.openqa.selenium.support.ui.WebDriverWait.timeoutException(WebDriverWait.java:84)
at org.openqa.selenium.support.ui.FluentWait.until(FluentWait.java:230)
at CommonMethods.Helper.ClickOn(Helper.java:329)
at POM.ForcedAbatementUtility.ForcedAbatement_CloseEditForcedAbatementActivityPopup(ForcedAbatementUtility.java:568)
at TestCases.ForcedAbatement.ForcedAbatement_CloseEditForcedAbatementActivityPopup(ForcedAbatement.java:134)
at java.base/jdk.internal.reflect.NativeMethodAccessorImpl.invoke0(Native Method)
at java.base/jdk.internal.reflect.NativeMethodAccessorImpl.invoke(NativeMethodAccessorImpl.java:77)
at java.base/jdk.internal.reflect.DelegatingMethodAccessorImpl.invoke(DelegatingMethodAccessorImpl.java:43)
at java.base/java.lang.reflect.Method.invoke(Method.java:568)
at org.testng.internal.invokers.MethodInvocationHelper.invokeMethod(MethodInvocationHelper.java:135)
at org.testng.internal.invokers.TestInvoker.invokeMethod(TestInvoker.java:673)
at org.testng.internal.invokers.TestInvoker.invokeTestMethod(TestInvoker.java:220)
at org.testng.internal.invokers.MethodRunner.runInSequence(MethodRunner.java:50)
at org.testng.internal.invokers.TestInvoker$MethodInvocationAgent.invoke(TestInvoker.java:945)
at org.testng.internal.invokers.TestInvoker.invokeTestMethods(TestInvoker.java:193)
at org.testng.internal.invokers.TestMethodWorker.invokeTestMethods(TestMethodWorker.java:146)
at org.testng.internal.invokers.TestMethodWorker.run(TestMethodWorker.java:128)
at java.base/java.util.concurrent.ThreadPoolExecutor.runWorker(ThreadPoolExecutor.java:1136)
at java.base/java.util.concurrent.ThreadPoolExecutor$Worker.run(ThreadPoolExecutor.java:635)
at java.base/java.lang.Thread.run(Thread.java:833)
Caused by: org.openqa.selenium.NoSuchElementException: no such element: Unable to locate element: {"method":"xpath","selector":"//div[@class='certified-mail-number__footer']/button[1]"}
  (Session info: chrome=115.0.5790.170)
For documentation on this error, please visit: https://www.selenium.dev/documentation/webdriver/troubleshooting/errors#no-such-element-exception
Build info: version: '4.11.0', revision: '040bc5406b'
System info: os.name: 'Windows 10', os.arch: 'amd64', os.version: '10.0', java.version: '17.0.8'
Driver info: org.openqa.selenium.chrome.ChromeDriver
Command: [5c384b528e37dc349b29c2aa844476d3, findElement {using=xpath, value=//div[@class='certified-mail-number__footer']/button[1]}]
Capabilities {acceptInsecureCerts: false, browserName: chrome, browserVersion: 115.0.5790.170, chrome: {chromedriverVersion: 115.0.5790.170 (cc0d30c2ca5..., userDataDir: C:\Users\HP\AppData\Local\T...}, goog:chromeOptions: {debuggerAddress: localhost:53191}, networkConnectionEnabled: false, pageLoadStrategy: none, platformName: windows, proxy: Proxy(), se:cdp: ws://localhost:53191/devtoo..., se:cdpVersion: 115.0.5790.170, setWindowRect: true, strictFileInteractability: false, timeouts: {implicit: 0, pageLoad: 300000, script: 30000}, unhandledPromptBehavior: dismiss and notify, webauthn:extension:credBlob: true, webauthn:extension:largeBlob: true, webauthn:extension:minPinLength: true, webauthn:extension:prf: true, webauthn:virtualAuthenticators: true}
Session ID: 5c384b528e37dc349b29c2aa844476d3
at jdk.internal.reflect.GeneratedConstructorAccessor18.newInstance(Unknown Source)
at java.base/jdk.internal.reflect.DelegatingConstructorAccessorImpl.newInstance(DelegatingConstructorAccessorImpl.java:45)
at java.base/java.lang.reflect.Constructor.newInstanceWithCaller(Constructor.java:499)
at java.base/java.lang.reflect.Constructor.newInstance(Constructor.java:480)
at org.openqa.selenium.remote.codec.w3c.W3CHttpResponseCodec.createException(W3CHttpResponseCodec.java:200)
at org.openqa.selenium.remote.codec.w3c.W3CHttpResponseCodec.decode(W3CHttpResponseCodec.java:133)
at org.openqa.selenium.remote.codec.w3c.W3CHttpResponseCodec.decode(W3CHttpResponseCodec.java:52)
at org.openqa.selenium.remote.HttpCommandExecutor.execute(HttpCommandExecutor.java:191)
at org.openqa.selenium.remote.service.DriverCommandExecutor.invokeExecute(DriverCommandExecutor.java:196)
at org.openqa.selenium.remote.service.DriverCommandExecutor.execute(DriverCommandExecutor.java:171)
at org.openqa.selenium.remote.RemoteWebDriver.execute(RemoteWebDriver.java:518)
at org.openqa.selenium.remote.ElementLocation$ElementFinder$2.findElement(ElementLocation.java:165)
at org.openqa.selenium.remote.ElementLocation.findElement(ElementLocation.java:59)
at org.openqa.selenium.remote.RemoteWebDriver.findElement(RemoteWebDriver.java:355)
at org.openqa.selenium.remote.RemoteWebDriver.findElement(RemoteWebDriver.java:349)
at org.openqa.selenium.support.ui.ExpectedConditions$6.apply(ExpectedConditions.java:171)
at org.openqa.selenium.support.ui.ExpectedConditions$6.apply(ExpectedConditions.java:168)
at org.openqa.selenium.support.ui.FluentWait.until(FluentWait.java:205)
... 18 more
]]>
            </full-stacktrace>
          </exception> <!-- org.openqa.selenium.TimeoutException -->
          <reporter-output>
          </reporter-output>
        </test-method> <!-- ForcedAbatement_CloseEditForcedAbatementActivityPopup -->
        <test-method is-config="true" signature="flushReport(java.lang.reflect.Method,org.testng.ITestResult)[pri:0, instance:TestCases.ForcedAbatement@24313fcc]" started-at="2023-09-27T11:53:48 IST" name="flushReport" finished-at="2023-09-27T11:53:49 IST" duration-ms="1511" status="PASS">
          <params>
            <param index="0">
              <value>
                <![CDATA[public void TestCases.ForcedAbatement.ForcedAbatement_CloseEditForcedAbatementActivityPopup()]]>
              </value>
            </param>
            <param index="1">
              <value>
                <![CDATA[[TestResult name=ForcedAbatement_CloseEditForcedAbatementActivityPopup status=FAILURE method=ForcedAbatement.ForcedAbatement_CloseEditForcedAbatementActivityPopup()[pri:17, instance:TestCases.ForcedAbatement@24313fcc] output={null}]]]>
              </value>
            </param>
          </params>
          <reporter-output>
          </reporter-output>
        </test-method> <!-- flushReport -->
        <test-method signature="ForcedAbatement_EditAddedActivity()[pri:18, instance:TestCases.ForcedAbatement@24313fcc]" started-at="2023-09-27T11:53:49 IST" name="ForcedAbatement_EditAddedActivity" finished-at="2023-09-27T11:53:50 IST" duration-ms="197" status="FAIL">
          <exception class="org.openqa.selenium.NoSuchElementException">
            <message>
              <![CDATA[no such element: Unable to locate element: {"method":"xpath","selector":"//button[text()='Save']"}
  (Session info: chrome=115.0.5790.170)
For documentation on this error, please visit: https://www.selenium.dev/documentation/webdriver/troubleshooting/errors#no-such-element-exception
Build info: version: '4.11.0', revision: '040bc5406b'
System info: os.name: 'Windows 10', os.arch: 'amd64', os.version: '10.0', java.version: '17.0.8'
Driver info: org.openqa.selenium.chrome.ChromeDriver
Command: [5c384b528e37dc349b29c2aa844476d3, findElement {using=xpath, value=//button[text()='Save']}]
Capabilities {acceptInsecureCerts: false, browserName: chrome, browserVersion: 115.0.5790.170, chrome: {chromedriverVersion: 115.0.5790.170 (cc0d30c2ca5..., userDataDir: C:\Users\HP\AppData\Local\T...}, goog:chromeOptions: {debuggerAddress: localhost:53191}, networkConnectionEnabled: false, pageLoadStrategy: none, platformName: windows, proxy: Proxy(), se:cdp: ws://localhost:53191/devtoo..., se:cdpVersion: 115.0.5790.170, setWindowRect: true, strictFileInteractability: false, timeouts: {implicit: 0, pageLoad: 300000, script: 30000}, unhandledPromptBehavior: dismiss and notify, webauthn:extension:credBlob: true, webauthn:extension:largeBlob: true, webauthn:extension:minPinLength: true, webauthn:extension:prf: true, webauthn:virtualAuthenticators: true}
Session ID: 5c384b528e37dc349b29c2aa844476d3]]>
            </message>
            <full-stacktrace>
              <![CDATA[org.openqa.selenium.NoSuchElementException: no such element: Unable to locate element: {"method":"xpath","selector":"//button[text()='Save']"}
  (Session info: chrome=115.0.5790.170)
For documentation on this error, please visit: https://www.selenium.dev/documentation/webdriver/troubleshooting/errors#no-such-element-exception
Build info: version: '4.11.0', revision: '040bc5406b'
System info: os.name: 'Windows 10', os.arch: 'amd64', os.version: '10.0', java.version: '17.0.8'
Driver info: org.openqa.selenium.chrome.ChromeDriver
Command: [5c384b528e37dc349b29c2aa844476d3, findElement {using=xpath, value=//button[text()='Save']}]
Capabilities {acceptInsecureCerts: false, browserName: chrome, browserVersion: 115.0.5790.170, chrome: {chromedriverVersion: 115.0.5790.170 (cc0d30c2ca5..., userDataDir: C:\Users\HP\AppData\Local\T...}, goog:chromeOptions: {debuggerAddress: localhost:53191}, networkConnectionEnabled: false, pageLoadStrategy: none, platformName: windows, proxy: Proxy(), se:cdp: ws://localhost:53191/devtoo..., se:cdpVersion: 115.0.5790.170, setWindowRect: true, strictFileInteractability: false, timeouts: {implicit: 0, pageLoad: 300000, script: 30000}, unhandledPromptBehavior: dismiss and notify, webauthn:extension:credBlob: true, webauthn:extension:largeBlob: true, webauthn:extension:minPinLength: true, webauthn:extension:prf: true, webauthn:virtualAuthenticators: true}
Session ID: 5c384b528e37dc349b29c2aa844476d3
at jdk.internal.reflect.GeneratedConstructorAccessor18.newInstance(Unknown Source)
at java.base/jdk.internal.reflect.DelegatingConstructorAccessorImpl.newInstance(DelegatingConstructorAccessorImpl.java:45)
at java.base/java.lang.reflect.Constructor.newInstanceWithCaller(Constructor.java:499)
at java.base/java.lang.reflect.Constructor.newInstance(Constructor.java:480)
at org.openqa.selenium.remote.codec.w3c.W3CHttpResponseCodec.createException(W3CHttpResponseCodec.java:200)
at org.openqa.selenium.remote.codec.w3c.W3CHttpResponseCodec.decode(W3CHttpResponseCodec.java:133)
at org.openqa.selenium.remote.codec.w3c.W3CHttpResponseCodec.decode(W3CHttpResponseCodec.java:52)
at org.openqa.selenium.remote.HttpCommandExecutor.execute(HttpCommandExecutor.java:191)
at org.openqa.selenium.remote.service.DriverCommandExecutor.invokeExecute(DriverCommandExecutor.java:196)
at org.openqa.selenium.remote.service.DriverCommandExecutor.execute(DriverCommandExecutor.java:171)
at org.openqa.selenium.remote.RemoteWebDriver.execute(RemoteWebDriver.java:518)
at org.openqa.selenium.remote.ElementLocation$ElementFinder$2.findElement(ElementLocation.java:165)
at org.openqa.selenium.remote.ElementLocation.findElement(ElementLocation.java:59)
at org.openqa.selenium.remote.RemoteWebDriver.findElement(RemoteWebDriver.java:355)
at org.openqa.selenium.remote.RemoteWebDriver.findElement(RemoteWebDriver.java:349)
at CommonMethods.Helper.ScrollIntoView(Helper.java:412)
at POM.ForcedAbatementUtility.ForcedAbatement_EditAddedActivity(ForcedAbatementUtility.java:592)
at TestCases.ForcedAbatement.ForcedAbatement_EditAddedActivity(ForcedAbatement.java:139)
at java.base/jdk.internal.reflect.NativeMethodAccessorImpl.invoke0(Native Method)
at java.base/jdk.internal.reflect.NativeMethodAccessorImpl.invoke(NativeMethodAccessorImpl.java:77)
at java.base/jdk.internal.reflect.DelegatingMethodAccessorImpl.invoke(DelegatingMethodAccessorImpl.java:43)
at java.base/java.lang.reflect.Method.invoke(Method.java:568)
at org.testng.internal.invokers.MethodInvocationHelper.invokeMethod(MethodInvocationHelper.java:135)
at org.testng.internal.invokers.TestInvoker.invokeMethod(TestInvoker.java:673)
at org.testng.internal.invokers.TestInvoker.invokeTestMethod(TestInvoker.java:220)
at org.testng.internal.invokers.MethodRunner.runInSequence(MethodRunner.java:50)
at org.testng.internal.invokers.TestInvoker$MethodInvocationAgent.invoke(TestInvoker.java:945)
at org.testng.internal.invokers.TestInvoker.invokeTestMethods(TestInvoker.java:193)
at org.testng.internal.invokers.TestMethodWorker.invokeTestMethods(TestMethodWorker.java:146)
at org.testng.internal.invokers.TestMethodWorker.run(TestMethodWorker.java:128)
at java.base/java.util.concurrent.ThreadPoolExecutor.runWorker(ThreadPoolExecutor.java:1136)
at java.base/java.util.concurrent.ThreadPoolExecutor$Worker.run(ThreadPoolExecutor.java:635)
at java.base/java.lang.Thread.run(Thread.java:833)
]]>
            </full-stacktrace>
          </exception> <!-- org.openqa.selenium.NoSuchElementException -->
          <reporter-output>
          </reporter-output>
        </test-method> <!-- ForcedAbatement_EditAddedActivity -->
        <test-method is-config="true" signature="flushReport(java.lang.reflect.Method,org.testng.ITestResult)[pri:0, instance:TestCases.ForcedAbatement@24313fcc]" started-at="2023-09-27T11:53:50 IST" name="flushReport" finished-at="2023-09-27T11:53:51 IST" duration-ms="1798" status="PASS">
          <params>
            <param index="0">
              <value>
                <![CDATA[public void TestCases.ForcedAbatement.ForcedAbatement_EditAddedActivity()]]>
              </value>
            </param>
            <param index="1">
              <value>
                <![CDATA[[TestResult name=ForcedAbatement_EditAddedActivity status=FAILURE method=ForcedAbatement.ForcedAbatement_EditAddedActivity()[pri:18, instance:TestCases.ForcedAbatement@24313fcc] output={null}]]]>
              </value>
            </param>
          </params>
          <reporter-output>
          </reporter-output>
        </test-method> <!-- flushReport -->
        <test-method signature="ForcedAbatement_ConfirmationPopupForDeletingActivity()[pri:19, instance:TestCases.ForcedAbatement@24313fcc]" started-at="2023-09-27T11:53:51 IST" name="ForcedAbatement_ConfirmationPopupForDeletingActivity" finished-at="2023-09-27T11:53:51 IST" duration-ms="12" status="FAIL">
          <exception class="org.openqa.selenium.NoSuchElementException">
            <message>
              <![CDATA[no such element: Unable to locate element: {"method":"xpath","selector":"//div[@class='abatement-activities__fa-activity__actions']/button[2]"}
  (Session info: chrome=115.0.5790.170)
For documentation on this error, please visit: https://www.selenium.dev/documentation/webdriver/troubleshooting/errors#no-such-element-exception
Build info: version: '4.11.0', revision: '040bc5406b'
System info: os.name: 'Windows 10', os.arch: 'amd64', os.version: '10.0', java.version: '17.0.8'
Driver info: org.openqa.selenium.chrome.ChromeDriver
Command: [5c384b528e37dc349b29c2aa844476d3, findElement {using=xpath, value=//div[@class='abatement-activities__fa-activity__actions']/button[2]}]
Capabilities {acceptInsecureCerts: false, browserName: chrome, browserVersion: 115.0.5790.170, chrome: {chromedriverVersion: 115.0.5790.170 (cc0d30c2ca5..., userDataDir: C:\Users\HP\AppData\Local\T...}, goog:chromeOptions: {debuggerAddress: localhost:53191}, networkConnectionEnabled: false, pageLoadStrategy: none, platformName: windows, proxy: Proxy(), se:cdp: ws://localhost:53191/devtoo..., se:cdpVersion: 115.0.5790.170, setWindowRect: true, strictFileInteractability: false, timeouts: {implicit: 0, pageLoad: 300000, script: 30000}, unhandledPromptBehavior: dismiss and notify, webauthn:extension:credBlob: true, webauthn:extension:largeBlob: true, webauthn:extension:minPinLength: true, webauthn:extension:prf: true, webauthn:virtualAuthenticators: true}
Session ID: 5c384b528e37dc349b29c2aa844476d3]]>
            </message>
            <full-stacktrace>
              <![CDATA[org.openqa.selenium.NoSuchElementException: no such element: Unable to locate element: {"method":"xpath","selector":"//div[@class='abatement-activities__fa-activity__actions']/button[2]"}
  (Session info: chrome=115.0.5790.170)
For documentation on this error, please visit: https://www.selenium.dev/documentation/webdriver/troubleshooting/errors#no-such-element-exception
Build info: version: '4.11.0', revision: '040bc5406b'
System info: os.name: 'Windows 10', os.arch: 'amd64', os.version: '10.0', java.version: '17.0.8'
Driver info: org.openqa.selenium.chrome.ChromeDriver
Command: [5c384b528e37dc349b29c2aa844476d3, findElement {using=xpath, value=//div[@class='abatement-activities__fa-activity__actions']/button[2]}]
Capabilities {acceptInsecureCerts: false, browserName: chrome, browserVersion: 115.0.5790.170, chrome: {chromedriverVersion: 115.0.5790.170 (cc0d30c2ca5..., userDataDir: C:\Users\HP\AppData\Local\T...}, goog:chromeOptions: {debuggerAddress: localhost:53191}, networkConnectionEnabled: false, pageLoadStrategy: none, platformName: windows, proxy: Proxy(), se:cdp: ws://localhost:53191/devtoo..., se:cdpVersion: 115.0.5790.170, setWindowRect: true, strictFileInteractability: false, timeouts: {implicit: 0, pageLoad: 300000, script: 30000}, unhandledPromptBehavior: dismiss and notify, webauthn:extension:credBlob: true, webauthn:extension:largeBlob: true, webauthn:extension:minPinLength: true, webauthn:extension:prf: true, webauthn:virtualAuthenticators: true}
Session ID: 5c384b528e37dc349b29c2aa844476d3
at jdk.internal.reflect.GeneratedConstructorAccessor18.newInstance(Unknown Source)
at java.base/jdk.internal.reflect.DelegatingConstructorAccessorImpl.newInstance(DelegatingConstructorAccessorImpl.java:45)
at java.base/java.lang.reflect.Constructor.newInstanceWithCaller(Constructor.java:499)
at java.base/java.lang.reflect.Constructor.newInstance(Constructor.java:480)
at org.openqa.selenium.remote.codec.w3c.W3CHttpResponseCodec.createException(W3CHttpResponseCodec.java:200)
at org.openqa.selenium.remote.codec.w3c.W3CHttpResponseCodec.decode(W3CHttpResponseCodec.java:133)
at org.openqa.selenium.remote.codec.w3c.W3CHttpResponseCodec.decode(W3CHttpResponseCodec.java:52)
at org.openqa.selenium.remote.HttpCommandExecutor.execute(HttpCommandExecutor.java:191)
at org.openqa.selenium.remote.service.DriverCommandExecutor.invokeExecute(DriverCommandExecutor.java:196)
at org.openqa.selenium.remote.service.DriverCommandExecutor.execute(DriverCommandExecutor.java:171)
at org.openqa.selenium.remote.RemoteWebDriver.execute(RemoteWebDriver.java:518)
at org.openqa.selenium.remote.ElementLocation$ElementFinder$2.findElement(ElementLocation.java:165)
at org.openqa.selenium.remote.ElementLocation.findElement(ElementLocation.java:59)
at org.openqa.selenium.remote.RemoteWebDriver.findElement(RemoteWebDriver.java:355)
at org.openqa.selenium.remote.RemoteWebDriver.findElement(RemoteWebDriver.java:349)
at CommonMethods.Helper.ScrollIntoView(Helper.java:412)
at POM.ForcedAbatementUtility.ForcedAbatement_ConfirmationPopupForDeletingActivity(ForcedAbatementUtility.java:610)
at TestCases.ForcedAbatement.ForcedAbatement_ConfirmationPopupForDeletingActivity(ForcedAbatement.java:144)
at java.base/jdk.internal.reflect.NativeMethodAccessorImpl.invoke0(Native Method)
at java.base/jdk.internal.reflect.NativeMethodAccessorImpl.invoke(NativeMethodAccessorImpl.java:77)
at java.base/jdk.internal.reflect.DelegatingMethodAccessorImpl.invoke(DelegatingMethodAccessorImpl.java:43)
at java.base/java.lang.reflect.Method.invoke(Method.java:568)
at org.testng.internal.invokers.MethodInvocationHelper.invokeMethod(MethodInvocationHelper.java:135)
at org.testng.internal.invokers.TestInvoker.invokeMethod(TestInvoker.java:673)
at org.testng.internal.invokers.TestInvoker.invokeTestMethod(TestInvoker.java:220)
at org.testng.internal.invokers.MethodRunner.runInSequence(MethodRunner.java:50)
at org.testng.internal.invokers.TestInvoker$MethodInvocationAgent.invoke(TestInvoker.java:945)
at org.testng.internal.invokers.TestInvoker.invokeTestMethods(TestInvoker.java:193)
at org.testng.internal.invokers.TestMethodWorker.invokeTestMethods(TestMethodWorker.java:146)
at org.testng.internal.invokers.TestMethodWorker.run(TestMethodWorker.java:128)
at java.base/java.util.concurrent.ThreadPoolExecutor.runWorker(ThreadPoolExecutor.java:1136)
at java.base/java.util.concurrent.ThreadPoolExecutor$Worker.run(ThreadPoolExecutor.java:635)
at java.base/java.lang.Thread.run(Thread.java:833)
]]>
            </full-stacktrace>
          </exception> <!-- org.openqa.selenium.NoSuchElementException -->
          <reporter-output>
          </reporter-output>
        </test-method> <!-- ForcedAbatement_ConfirmationPopupForDeletingActivity -->
        <test-method is-config="true" signature="flushReport(java.lang.reflect.Method,org.testng.ITestResult)[pri:0, instance:TestCases.ForcedAbatement@24313fcc]" started-at="2023-09-27T11:53:51 IST" name="flushReport" finished-at="2023-09-27T11:53:53 IST" duration-ms="2012" status="PASS">
          <params>
            <param index="0">
              <value>
                <![CDATA[public void TestCases.ForcedAbatement.ForcedAbatement_ConfirmationPopupForDeletingActivity()]]>
              </value>
            </param>
            <param index="1">
              <value>
                <![CDATA[[TestResult name=ForcedAbatement_ConfirmationPopupForDeletingActivity status=FAILURE method=ForcedAbatement.ForcedAbatement_ConfirmationPopupForDeletingActivity()[pri:19, instance:TestCases.ForcedAbatement@24313fcc] output={null}]]]>
              </value>
            </param>
          </params>
          <reporter-output>
          </reporter-output>
        </test-method> <!-- flushReport -->
        <test-method signature="ForcedAbatement_DeleteAddedActivity()[pri:20, instance:TestCases.ForcedAbatement@24313fcc]" started-at="2023-09-27T11:53:53 IST" name="ForcedAbatement_DeleteAddedActivity" finished-at="2023-09-27T11:56:24 IST" duration-ms="150929" status="FAIL">
          <exception class="org.openqa.selenium.TimeoutException">
            <message>
              <![CDATA[Expected condition failed: waiting for presence of element located by: By.xpath: //div[@class='flex-row--middle']/button[2] (tried for 30 second(s) with 500 milliseconds interval)]]>
            </message>
            <full-stacktrace>
              <![CDATA[org.openqa.selenium.TimeoutException: Expected condition failed: waiting for presence of element located by: By.xpath: //div[@class='flex-row--middle']/button[2] (tried for 30 second(s) with 500 milliseconds interval)
at org.openqa.selenium.support.ui.WebDriverWait.timeoutException(WebDriverWait.java:84)
at org.openqa.selenium.support.ui.FluentWait.until(FluentWait.java:230)
at CommonMethods.Helper.ClickOn(Helper.java:329)
at POM.ForcedAbatementUtility.ForcedAbatement_DeleteAddedActivity(ForcedAbatementUtility.java:632)
at TestCases.ForcedAbatement.ForcedAbatement_DeleteAddedActivity(ForcedAbatement.java:149)
at java.base/jdk.internal.reflect.NativeMethodAccessorImpl.invoke0(Native Method)
at java.base/jdk.internal.reflect.NativeMethodAccessorImpl.invoke(NativeMethodAccessorImpl.java:77)
at java.base/jdk.internal.reflect.DelegatingMethodAccessorImpl.invoke(DelegatingMethodAccessorImpl.java:43)
at java.base/java.lang.reflect.Method.invoke(Method.java:568)
at org.testng.internal.invokers.MethodInvocationHelper.invokeMethod(MethodInvocationHelper.java:135)
at org.testng.internal.invokers.TestInvoker.invokeMethod(TestInvoker.java:673)
at org.testng.internal.invokers.TestInvoker.invokeTestMethod(TestInvoker.java:220)
at org.testng.internal.invokers.MethodRunner.runInSequence(MethodRunner.java:50)
at org.testng.internal.invokers.TestInvoker$MethodInvocationAgent.invoke(TestInvoker.java:945)
at org.testng.internal.invokers.TestInvoker.invokeTestMethods(TestInvoker.java:193)
at org.testng.internal.invokers.TestMethodWorker.invokeTestMethods(TestMethodWorker.java:146)
at org.testng.internal.invokers.TestMethodWorker.run(TestMethodWorker.java:128)
at java.base/java.util.concurrent.ThreadPoolExecutor.runWorker(ThreadPoolExecutor.java:1136)
at java.base/java.util.concurrent.ThreadPoolExecutor$Worker.run(ThreadPoolExecutor.java:635)
at java.base/java.lang.Thread.run(Thread.java:833)
Caused by: org.openqa.selenium.NoSuchElementException: no such element: Unable to locate element: {"method":"xpath","selector":"//div[@class='flex-row--middle']/button[2]"}
  (Session info: chrome=115.0.5790.170)
For documentation on this error, please visit: https://www.selenium.dev/documentation/webdriver/troubleshooting/errors#no-such-element-exception
Build info: version: '4.11.0', revision: '040bc5406b'
System info: os.name: 'Windows 10', os.arch: 'amd64', os.version: '10.0', java.version: '17.0.8'
Driver info: org.openqa.selenium.chrome.ChromeDriver
Command: [5c384b528e37dc349b29c2aa844476d3, findElement {using=xpath, value=//div[@class='flex-row--middle']/button[2]}]
Capabilities {acceptInsecureCerts: false, browserName: chrome, browserVersion: 115.0.5790.170, chrome: {chromedriverVersion: 115.0.5790.170 (cc0d30c2ca5..., userDataDir: C:\Users\HP\AppData\Local\T...}, goog:chromeOptions: {debuggerAddress: localhost:53191}, networkConnectionEnabled: false, pageLoadStrategy: none, platformName: windows, proxy: Proxy(), se:cdp: ws://localhost:53191/devtoo..., se:cdpVersion: 115.0.5790.170, setWindowRect: true, strictFileInteractability: false, timeouts: {implicit: 0, pageLoad: 300000, script: 30000}, unhandledPromptBehavior: dismiss and notify, webauthn:extension:credBlob: true, webauthn:extension:largeBlob: true, webauthn:extension:minPinLength: true, webauthn:extension:prf: true, webauthn:virtualAuthenticators: true}
Session ID: 5c384b528e37dc349b29c2aa844476d3
at jdk.internal.reflect.GeneratedConstructorAccessor18.newInstance(Unknown Source)
at java.base/jdk.internal.reflect.DelegatingConstructorAccessorImpl.newInstance(DelegatingConstructorAccessorImpl.java:45)
at java.base/java.lang.reflect.Constructor.newInstanceWithCaller(Constructor.java:499)
at java.base/java.lang.reflect.Constructor.newInstance(Constructor.java:480)
at org.openqa.selenium.remote.codec.w3c.W3CHttpResponseCodec.createException(W3CHttpResponseCodec.java:200)
at org.openqa.selenium.remote.codec.w3c.W3CHttpResponseCodec.decode(W3CHttpResponseCodec.java:133)
at org.openqa.selenium.remote.codec.w3c.W3CHttpResponseCodec.decode(W3CHttpResponseCodec.java:52)
at org.openqa.selenium.remote.HttpCommandExecutor.execute(HttpCommandExecutor.java:191)
at org.openqa.selenium.remote.service.DriverCommandExecutor.invokeExecute(DriverCommandExecutor.java:196)
at org.openqa.selenium.remote.service.DriverCommandExecutor.execute(DriverCommandExecutor.java:171)
at org.openqa.selenium.remote.RemoteWebDriver.execute(RemoteWebDriver.java:518)
at org.openqa.selenium.remote.ElementLocation$ElementFinder$2.findElement(ElementLocation.java:165)
at org.openqa.selenium.remote.ElementLocation.findElement(ElementLocation.java:59)
at org.openqa.selenium.remote.RemoteWebDriver.findElement(RemoteWebDriver.java:355)
at org.openqa.selenium.remote.RemoteWebDriver.findElement(RemoteWebDriver.java:349)
at org.openqa.selenium.support.ui.ExpectedConditions$6.apply(ExpectedConditions.java:171)
at org.openqa.selenium.support.ui.ExpectedConditions$6.apply(ExpectedConditions.java:168)
at org.openqa.selenium.support.ui.FluentWait.until(FluentWait.java:205)
... 18 more
]]>
            </full-stacktrace>
          </exception> <!-- org.openqa.selenium.TimeoutException -->
          <reporter-output>
          </reporter-output>
        </test-method> <!-- ForcedAbatement_DeleteAddedActivity -->
        <test-method is-config="true" signature="flushReport(java.lang.reflect.Method,org.testng.ITestResult)[pri:0, instance:TestCases.ForcedAbatement@24313fcc]" started-at="2023-09-27T11:56:24 IST" name="flushReport" finished-at="2023-09-27T11:56:24 IST" duration-ms="145" status="PASS">
          <params>
            <param index="0">
              <value>
                <![CDATA[public void TestCases.ForcedAbatement.ForcedAbatement_DeleteAddedActivity()]]>
              </value>
            </param>
            <param index="1">
              <value>
                <![CDATA[[TestResult name=ForcedAbatement_DeleteAddedActivity status=FAILURE method=ForcedAbatement.ForcedAbatement_DeleteAddedActivity()[pri:20, instance:TestCases.ForcedAbatement@24313fcc] output={null}]]]>
              </value>
            </param>
          </params>
          <reporter-output>
          </reporter-output>
        </test-method> <!-- flushReport -->
        <test-method signature="ForcedAbatement_VerifyAbleToSelectActivityType()[pri:21, instance:TestCases.ForcedAbatement@24313fcc]" started-at="2023-09-27T11:56:24 IST" name="ForcedAbatement_VerifyAbleToSelectActivityType" finished-at="2023-09-27T11:56:42 IST" duration-ms="17912" status="FAIL">
          <exception class="org.openqa.selenium.ElementClickInterceptedException">
            <message>
              <![CDATA[element click intercepted: Element <button type="button" class="square-btn btn btn-default">...</button> is not clickable at point (866, 19). Other element would receive the click: <div class="abatement-activities__body">...</div>
  (Session info: chrome=115.0.5790.170)
Build info: version: '4.11.0', revision: '040bc5406b'
System info: os.name: 'Windows 10', os.arch: 'amd64', os.version: '10.0', java.version: '17.0.8'
Driver info: org.openqa.selenium.chrome.ChromeDriver
Command: [5c384b528e37dc349b29c2aa844476d3, clickElement {id=66414CBD8CAC25C5D4E526BB76744493_element_294}]
Capabilities {acceptInsecureCerts: false, browserName: chrome, browserVersion: 115.0.5790.170, chrome: {chromedriverVersion: 115.0.5790.170 (cc0d30c2ca5..., userDataDir: C:\Users\HP\AppData\Local\T...}, goog:chromeOptions: {debuggerAddress: localhost:53191}, networkConnectionEnabled: false, pageLoadStrategy: none, platformName: windows, proxy: Proxy(), se:cdp: ws://localhost:53191/devtoo..., se:cdpVersion: 115.0.5790.170, setWindowRect: true, strictFileInteractability: false, timeouts: {implicit: 0, pageLoad: 300000, script: 30000}, unhandledPromptBehavior: dismiss and notify, webauthn:extension:credBlob: true, webauthn:extension:largeBlob: true, webauthn:extension:minPinLength: true, webauthn:extension:prf: true, webauthn:virtualAuthenticators: true}
Element: [[ChromeDriver: chrome on windows (5c384b528e37dc349b29c2aa844476d3)] -> xpath: //button[text()='Add Activity']]
Session ID: 5c384b528e37dc349b29c2aa844476d3]]>
            </message>
            <full-stacktrace>
              <![CDATA[org.openqa.selenium.ElementClickInterceptedException: element click intercepted: Element <button type="button" class="square-btn btn btn-default">...</button> is not clickable at point (866, 19). Other element would receive the click: <div class="abatement-activities__body">...</div>
  (Session info: chrome=115.0.5790.170)
Build info: version: '4.11.0', revision: '040bc5406b'
System info: os.name: 'Windows 10', os.arch: 'amd64', os.version: '10.0', java.version: '17.0.8'
Driver info: org.openqa.selenium.chrome.ChromeDriver
Command: [5c384b528e37dc349b29c2aa844476d3, clickElement {id=66414CBD8CAC25C5D4E526BB76744493_element_294}]
Capabilities {acceptInsecureCerts: false, browserName: chrome, browserVersion: 115.0.5790.170, chrome: {chromedriverVersion: 115.0.5790.170 (cc0d30c2ca5..., userDataDir: C:\Users\HP\AppData\Local\T...}, goog:chromeOptions: {debuggerAddress: localhost:53191}, networkConnectionEnabled: false, pageLoadStrategy: none, platformName: windows, proxy: Proxy(), se:cdp: ws://localhost:53191/devtoo..., se:cdpVersion: 115.0.5790.170, setWindowRect: true, strictFileInteractability: false, timeouts: {implicit: 0, pageLoad: 300000, script: 30000}, unhandledPromptBehavior: dismiss and notify, webauthn:extension:credBlob: true, webauthn:extension:largeBlob: true, webauthn:extension:minPinLength: true, webauthn:extension:prf: true, webauthn:virtualAuthenticators: true}
Element: [[ChromeDriver: chrome on windows (5c384b528e37dc349b29c2aa844476d3)] -> xpath: //button[text()='Add Activity']]
Session ID: 5c384b528e37dc349b29c2aa844476d3
at java.base/jdk.internal.reflect.NativeConstructorAccessorImpl.newInstance0(Native Method)
at java.base/jdk.internal.reflect.NativeConstructorAccessorImpl.newInstance(NativeConstructorAccessorImpl.java:77)
at java.base/jdk.internal.reflect.DelegatingConstructorAccessorImpl.newInstance(DelegatingConstructorAccessorImpl.java:45)
at java.base/java.lang.reflect.Constructor.newInstanceWithCaller(Constructor.java:499)
at java.base/java.lang.reflect.Constructor.newInstance(Constructor.java:480)
at org.openqa.selenium.remote.codec.w3c.W3CHttpResponseCodec.createException(W3CHttpResponseCodec.java:200)
at org.openqa.selenium.remote.codec.w3c.W3CHttpResponseCodec.decode(W3CHttpResponseCodec.java:133)
at org.openqa.selenium.remote.codec.w3c.W3CHttpResponseCodec.decode(W3CHttpResponseCodec.java:52)
at org.openqa.selenium.remote.HttpCommandExecutor.execute(HttpCommandExecutor.java:191)
at org.openqa.selenium.remote.service.DriverCommandExecutor.invokeExecute(DriverCommandExecutor.java:196)
at org.openqa.selenium.remote.service.DriverCommandExecutor.execute(DriverCommandExecutor.java:171)
at org.openqa.selenium.remote.RemoteWebDriver.execute(RemoteWebDriver.java:518)
at org.openqa.selenium.remote.RemoteWebElement.execute(RemoteWebElement.java:224)
at org.openqa.selenium.remote.RemoteWebElement.click(RemoteWebElement.java:77)
at CommonMethods.Helper.ClickOn(Helper.java:332)
at POM.ForcedAbatementUtility.ForcedAbatement_VerifyAbleToSelectActivityType(ForcedAbatementUtility.java:660)
at TestCases.ForcedAbatement.ForcedAbatement_VerifyAbleToSelectActivityType(ForcedAbatement.java:154)
at java.base/jdk.internal.reflect.NativeMethodAccessorImpl.invoke0(Native Method)
at java.base/jdk.internal.reflect.NativeMethodAccessorImpl.invoke(NativeMethodAccessorImpl.java:77)
at java.base/jdk.internal.reflect.DelegatingMethodAccessorImpl.invoke(DelegatingMethodAccessorImpl.java:43)
at java.base/java.lang.reflect.Method.invoke(Method.java:568)
at org.testng.internal.invokers.MethodInvocationHelper.invokeMethod(MethodInvocationHelper.java:135)
at org.testng.internal.invokers.TestInvoker.invokeMethod(TestInvoker.java:673)
at org.testng.internal.invokers.TestInvoker.invokeTestMethod(TestInvoker.java:220)
at org.testng.internal.invokers.MethodRunner.runInSequence(MethodRunner.java:50)
at org.testng.internal.invokers.TestInvoker$MethodInvocationAgent.invoke(TestInvoker.java:945)
at org.testng.internal.invokers.TestInvoker.invokeTestMethods(TestInvoker.java:193)
at org.testng.internal.invokers.TestMethodWorker.invokeTestMethods(TestMethodWorker.java:146)
at org.testng.internal.invokers.TestMethodWorker.run(TestMethodWorker.java:128)
at java.base/java.util.concurrent.ThreadPoolExecutor.runWorker(ThreadPoolExecutor.java:1136)
at java.base/java.util.concurrent.ThreadPoolExecutor$Worker.run(ThreadPoolExecutor.java:635)
at java.base/java.lang.Thread.run(Thread.java:833)
]]>
            </full-stacktrace>
          </exception> <!-- org.openqa.selenium.ElementClickInterceptedException -->
          <reporter-output>
          </reporter-output>
        </test-method> <!-- ForcedAbatement_VerifyAbleToSelectActivityType -->
        <test-method is-config="true" signature="flushReport(java.lang.reflect.Method,org.testng.ITestResult)[pri:0, instance:TestCases.ForcedAbatement@24313fcc]" started-at="2023-09-27T11:56:42 IST" name="flushReport" finished-at="2023-09-27T11:56:45 IST" duration-ms="2907" status="PASS">
          <params>
            <param index="0">
              <value>
                <![CDATA[public void TestCases.ForcedAbatement.ForcedAbatement_VerifyAbleToSelectActivityType() throws java.lang.InterruptedException]]>
              </value>
            </param>
            <param index="1">
              <value>
                <![CDATA[[TestResult name=ForcedAbatement_VerifyAbleToSelectActivityType status=FAILURE method=ForcedAbatement.ForcedAbatement_VerifyAbleToSelectActivityType()[pri:21, instance:TestCases.ForcedAbatement@24313fcc] output={null}]]]>
              </value>
            </param>
          </params>
          <reporter-output>
          </reporter-output>
        </test-method> <!-- flushReport -->
        <test-method signature="ForceAbatement_AbatementDetailsPopupopen()[pri:22, instance:TestCases.ForcedAbatement@24313fcc]" started-at="2023-09-27T11:56:45 IST" name="ForceAbatement_AbatementDetailsPopupopen" finished-at="2023-09-27T11:58:16 IST" duration-ms="90677" status="FAIL">
          <exception class="org.openqa.selenium.TimeoutException">
            <message>
              <![CDATA[Expected condition failed: waiting for presence of element located by: By.xpath: //div[text()='Yes'] (tried for 30 second(s) with 500 milliseconds interval)]]>
            </message>
            <full-stacktrace>
              <![CDATA[org.openqa.selenium.TimeoutException: Expected condition failed: waiting for presence of element located by: By.xpath: //div[text()='Yes'] (tried for 30 second(s) with 500 milliseconds interval)
at org.openqa.selenium.support.ui.WebDriverWait.timeoutException(WebDriverWait.java:84)
at org.openqa.selenium.support.ui.FluentWait.until(FluentWait.java:230)
at CommonMethods.Helper.ClickOn(Helper.java:329)
at POM.ForcedAbatementUtility.ForceAbatement_AbatementDetailsPopupopen(ForcedAbatementUtility.java:690)
at TestCases.ForcedAbatement.ForceAbatement_AbatementDetailsPopupopen(ForcedAbatement.java:159)
at java.base/jdk.internal.reflect.NativeMethodAccessorImpl.invoke0(Native Method)
at java.base/jdk.internal.reflect.NativeMethodAccessorImpl.invoke(NativeMethodAccessorImpl.java:77)
at java.base/jdk.internal.reflect.DelegatingMethodAccessorImpl.invoke(DelegatingMethodAccessorImpl.java:43)
at java.base/java.lang.reflect.Method.invoke(Method.java:568)
at org.testng.internal.invokers.MethodInvocationHelper.invokeMethod(MethodInvocationHelper.java:135)
at org.testng.internal.invokers.TestInvoker.invokeMethod(TestInvoker.java:673)
at org.testng.internal.invokers.TestInvoker.invokeTestMethod(TestInvoker.java:220)
at org.testng.internal.invokers.MethodRunner.runInSequence(MethodRunner.java:50)
at org.testng.internal.invokers.TestInvoker$MethodInvocationAgent.invoke(TestInvoker.java:945)
at org.testng.internal.invokers.TestInvoker.invokeTestMethods(TestInvoker.java:193)
at org.testng.internal.invokers.TestMethodWorker.invokeTestMethods(TestMethodWorker.java:146)
at org.testng.internal.invokers.TestMethodWorker.run(TestMethodWorker.java:128)
at java.base/java.util.concurrent.ThreadPoolExecutor.runWorker(ThreadPoolExecutor.java:1136)
at java.base/java.util.concurrent.ThreadPoolExecutor$Worker.run(ThreadPoolExecutor.java:635)
at java.base/java.lang.Thread.run(Thread.java:833)
Caused by: org.openqa.selenium.NoSuchElementException: no such element: Unable to locate element: {"method":"xpath","selector":"//div[text()='Yes']"}
  (Session info: chrome=115.0.5790.170)
For documentation on this error, please visit: https://www.selenium.dev/documentation/webdriver/troubleshooting/errors#no-such-element-exception
Build info: version: '4.11.0', revision: '040bc5406b'
System info: os.name: 'Windows 10', os.arch: 'amd64', os.version: '10.0', java.version: '17.0.8'
Driver info: org.openqa.selenium.chrome.ChromeDriver
Command: [5c384b528e37dc349b29c2aa844476d3, findElement {using=xpath, value=//div[text()='Yes']}]
Capabilities {acceptInsecureCerts: false, browserName: chrome, browserVersion: 115.0.5790.170, chrome: {chromedriverVersion: 115.0.5790.170 (cc0d30c2ca5..., userDataDir: C:\Users\HP\AppData\Local\T...}, goog:chromeOptions: {debuggerAddress: localhost:53191}, networkConnectionEnabled: false, pageLoadStrategy: none, platformName: windows, proxy: Proxy(), se:cdp: ws://localhost:53191/devtoo..., se:cdpVersion: 115.0.5790.170, setWindowRect: true, strictFileInteractability: false, timeouts: {implicit: 0, pageLoad: 300000, script: 30000}, unhandledPromptBehavior: dismiss and notify, webauthn:extension:credBlob: true, webauthn:extension:largeBlob: true, webauthn:extension:minPinLength: true, webauthn:extension:prf: true, webauthn:virtualAuthenticators: true}
Session ID: 5c384b528e37dc349b29c2aa844476d3
at jdk.internal.reflect.GeneratedConstructorAccessor18.newInstance(Unknown Source)
at java.base/jdk.internal.reflect.DelegatingConstructorAccessorImpl.newInstance(DelegatingConstructorAccessorImpl.java:45)
at java.base/java.lang.reflect.Constructor.newInstanceWithCaller(Constructor.java:499)
at java.base/java.lang.reflect.Constructor.newInstance(Constructor.java:480)
at org.openqa.selenium.remote.codec.w3c.W3CHttpResponseCodec.createException(W3CHttpResponseCodec.java:200)
at org.openqa.selenium.remote.codec.w3c.W3CHttpResponseCodec.decode(W3CHttpResponseCodec.java:133)
at org.openqa.selenium.remote.codec.w3c.W3CHttpResponseCodec.decode(W3CHttpResponseCodec.java:52)
at org.openqa.selenium.remote.HttpCommandExecutor.execute(HttpCommandExecutor.java:191)
at org.openqa.selenium.remote.service.DriverCommandExecutor.invokeExecute(DriverCommandExecutor.java:196)
at org.openqa.selenium.remote.service.DriverCommandExecutor.execute(DriverCommandExecutor.java:171)
at org.openqa.selenium.remote.RemoteWebDriver.execute(RemoteWebDriver.java:518)
at org.openqa.selenium.remote.ElementLocation$ElementFinder$2.findElement(ElementLocation.java:165)
at org.openqa.selenium.remote.ElementLocation.findElement(ElementLocation.java:59)
at org.openqa.selenium.remote.RemoteWebDriver.findElement(RemoteWebDriver.java:355)
at org.openqa.selenium.remote.RemoteWebDriver.findElement(RemoteWebDriver.java:349)
at org.openqa.selenium.support.ui.ExpectedConditions$6.apply(ExpectedConditions.java:171)
at org.openqa.selenium.support.ui.ExpectedConditions$6.apply(ExpectedConditions.java:168)
at org.openqa.selenium.support.ui.FluentWait.until(FluentWait.java:205)
... 18 more
]]>
            </full-stacktrace>
          </exception> <!-- org.openqa.selenium.TimeoutException -->
          <reporter-output>
          </reporter-output>
        </test-method> <!-- ForceAbatement_AbatementDetailsPopupopen -->
        <test-method is-config="true" signature="flushReport(java.lang.reflect.Method,org.testng.ITestResult)[pri:0, instance:TestCases.ForcedAbatement@24313fcc]" started-at="2023-09-27T11:58:16 IST" name="flushReport" finished-at="2023-09-27T11:58:17 IST" duration-ms="1120" status="PASS">
          <params>
            <param index="0">
              <value>
                <![CDATA[public void TestCases.ForcedAbatement.ForceAbatement_AbatementDetailsPopupopen() throws java.lang.InterruptedException]]>
              </value>
            </param>
            <param index="1">
              <value>
                <![CDATA[[TestResult name=ForceAbatement_AbatementDetailsPopupopen status=FAILURE method=ForcedAbatement.ForceAbatement_AbatementDetailsPopupopen()[pri:22, instance:TestCases.ForcedAbatement@24313fcc] output={null}]]]>
              </value>
            </param>
          </params>
          <reporter-output>
          </reporter-output>
        </test-method> <!-- flushReport -->
        <test-method signature="ForceAbatement_AbatementDetailsDetails()[pri:23, instance:TestCases.ForcedAbatement@24313fcc]" started-at="2023-09-27T11:58:17 IST" name="ForceAbatement_AbatementDetailsDetails" finished-at="2023-09-27T11:59:48 IST" duration-ms="90492" status="FAIL">
          <exception class="org.openqa.selenium.TimeoutException">
            <message>
              <![CDATA[Expected condition failed: waiting for presence of element located by: By.xpath: //label[@title='FAA Document Issue Date'] (tried for 30 second(s) with 500 milliseconds interval)]]>
            </message>
            <full-stacktrace>
              <![CDATA[org.openqa.selenium.TimeoutException: Expected condition failed: waiting for presence of element located by: By.xpath: //label[@title='FAA Document Issue Date'] (tried for 30 second(s) with 500 milliseconds interval)
at org.openqa.selenium.support.ui.WebDriverWait.timeoutException(WebDriverWait.java:84)
at org.openqa.selenium.support.ui.FluentWait.until(FluentWait.java:230)
at CommonMethods.Helper.GetText(Helper.java:374)
at POM.ForcedAbatementUtility.ForceAbatement_AbatementDetailsDetails(ForcedAbatementUtility.java:714)
at TestCases.ForcedAbatement.ForceAbatement_AbatementDetailsDetails(ForcedAbatement.java:164)
at java.base/jdk.internal.reflect.NativeMethodAccessorImpl.invoke0(Native Method)
at java.base/jdk.internal.reflect.NativeMethodAccessorImpl.invoke(NativeMethodAccessorImpl.java:77)
at java.base/jdk.internal.reflect.DelegatingMethodAccessorImpl.invoke(DelegatingMethodAccessorImpl.java:43)
at java.base/java.lang.reflect.Method.invoke(Method.java:568)
at org.testng.internal.invokers.MethodInvocationHelper.invokeMethod(MethodInvocationHelper.java:135)
at org.testng.internal.invokers.TestInvoker.invokeMethod(TestInvoker.java:673)
at org.testng.internal.invokers.TestInvoker.invokeTestMethod(TestInvoker.java:220)
at org.testng.internal.invokers.MethodRunner.runInSequence(MethodRunner.java:50)
at org.testng.internal.invokers.TestInvoker$MethodInvocationAgent.invoke(TestInvoker.java:945)
at org.testng.internal.invokers.TestInvoker.invokeTestMethods(TestInvoker.java:193)
at org.testng.internal.invokers.TestMethodWorker.invokeTestMethods(TestMethodWorker.java:146)
at org.testng.internal.invokers.TestMethodWorker.run(TestMethodWorker.java:128)
at java.base/java.util.concurrent.ThreadPoolExecutor.runWorker(ThreadPoolExecutor.java:1136)
at java.base/java.util.concurrent.ThreadPoolExecutor$Worker.run(ThreadPoolExecutor.java:635)
at java.base/java.lang.Thread.run(Thread.java:833)
Caused by: org.openqa.selenium.NoSuchElementException: no such element: Unable to locate element: {"method":"xpath","selector":"//label[@title='FAA Document Issue Date']"}
  (Session info: chrome=115.0.5790.170)
For documentation on this error, please visit: https://www.selenium.dev/documentation/webdriver/troubleshooting/errors#no-such-element-exception
Build info: version: '4.11.0', revision: '040bc5406b'
System info: os.name: 'Windows 10', os.arch: 'amd64', os.version: '10.0', java.version: '17.0.8'
Driver info: org.openqa.selenium.chrome.ChromeDriver
Command: [5c384b528e37dc349b29c2aa844476d3, findElement {using=xpath, value=//label[@title='FAA Document Issue Date']}]
Capabilities {acceptInsecureCerts: false, browserName: chrome, browserVersion: 115.0.5790.170, chrome: {chromedriverVersion: 115.0.5790.170 (cc0d30c2ca5..., userDataDir: C:\Users\HP\AppData\Local\T...}, goog:chromeOptions: {debuggerAddress: localhost:53191}, networkConnectionEnabled: false, pageLoadStrategy: none, platformName: windows, proxy: Proxy(), se:cdp: ws://localhost:53191/devtoo..., se:cdpVersion: 115.0.5790.170, setWindowRect: true, strictFileInteractability: false, timeouts: {implicit: 0, pageLoad: 300000, script: 30000}, unhandledPromptBehavior: dismiss and notify, webauthn:extension:credBlob: true, webauthn:extension:largeBlob: true, webauthn:extension:minPinLength: true, webauthn:extension:prf: true, webauthn:virtualAuthenticators: true}
Session ID: 5c384b528e37dc349b29c2aa844476d3
at jdk.internal.reflect.GeneratedConstructorAccessor18.newInstance(Unknown Source)
at java.base/jdk.internal.reflect.DelegatingConstructorAccessorImpl.newInstance(DelegatingConstructorAccessorImpl.java:45)
at java.base/java.lang.reflect.Constructor.newInstanceWithCaller(Constructor.java:499)
at java.base/java.lang.reflect.Constructor.newInstance(Constructor.java:480)
at org.openqa.selenium.remote.codec.w3c.W3CHttpResponseCodec.createException(W3CHttpResponseCodec.java:200)
at org.openqa.selenium.remote.codec.w3c.W3CHttpResponseCodec.decode(W3CHttpResponseCodec.java:133)
at org.openqa.selenium.remote.codec.w3c.W3CHttpResponseCodec.decode(W3CHttpResponseCodec.java:52)
at org.openqa.selenium.remote.HttpCommandExecutor.execute(HttpCommandExecutor.java:191)
at org.openqa.selenium.remote.service.DriverCommandExecutor.invokeExecute(DriverCommandExecutor.java:196)
at org.openqa.selenium.remote.service.DriverCommandExecutor.execute(DriverCommandExecutor.java:171)
at org.openqa.selenium.remote.RemoteWebDriver.execute(RemoteWebDriver.java:518)
at org.openqa.selenium.remote.ElementLocation$ElementFinder$2.findElement(ElementLocation.java:165)
at org.openqa.selenium.remote.ElementLocation.findElement(ElementLocation.java:59)
at org.openqa.selenium.remote.RemoteWebDriver.findElement(RemoteWebDriver.java:355)
at org.openqa.selenium.remote.RemoteWebDriver.findElement(RemoteWebDriver.java:349)
at org.openqa.selenium.support.ui.ExpectedConditions$6.apply(ExpectedConditions.java:171)
at org.openqa.selenium.support.ui.ExpectedConditions$6.apply(ExpectedConditions.java:168)
at org.openqa.selenium.support.ui.FluentWait.until(FluentWait.java:205)
... 18 more
]]>
            </full-stacktrace>
          </exception> <!-- org.openqa.selenium.TimeoutException -->
          <reporter-output>
          </reporter-output>
        </test-method> <!-- ForceAbatement_AbatementDetailsDetails -->
        <test-method is-config="true" signature="flushReport(java.lang.reflect.Method,org.testng.ITestResult)[pri:0, instance:TestCases.ForcedAbatement@24313fcc]" started-at="2023-09-27T11:59:48 IST" name="flushReport" finished-at="2023-09-27T11:59:49 IST" duration-ms="1117" status="PASS">
          <params>
            <param index="0">
              <value>
                <![CDATA[public void TestCases.ForcedAbatement.ForceAbatement_AbatementDetailsDetails() throws java.lang.InterruptedException]]>
              </value>
            </param>
            <param index="1">
              <value>
                <![CDATA[[TestResult name=ForceAbatement_AbatementDetailsDetails status=FAILURE method=ForcedAbatement.ForceAbatement_AbatementDetailsDetails()[pri:23, instance:TestCases.ForcedAbatement@24313fcc] output={null}]]]>
              </value>
            </param>
          </params>
          <reporter-output>
          </reporter-output>
        </test-method> <!-- flushReport -->
        <test-method signature="ForceAbatement_AttachmentSectionAppearFAADocSelected()[pri:24, instance:TestCases.ForcedAbatement@24313fcc]" started-at="2023-09-27T11:59:49 IST" name="ForceAbatement_AttachmentSectionAppearFAADocSelected" finished-at="2023-09-27T12:00:49 IST" duration-ms="60221" status="FAIL">
          <exception class="org.openqa.selenium.NoSuchElementException">
            <message>
              <![CDATA[no such element: Unable to locate element: {"method":"xpath","selector":"//div[@class='case__attachment__title']//h5"}
  (Session info: chrome=115.0.5790.170)
For documentation on this error, please visit: https://www.selenium.dev/documentation/webdriver/troubleshooting/errors#no-such-element-exception
Build info: version: '4.11.0', revision: '040bc5406b'
System info: os.name: 'Windows 10', os.arch: 'amd64', os.version: '10.0', java.version: '17.0.8'
Driver info: org.openqa.selenium.chrome.ChromeDriver
Command: [5c384b528e37dc349b29c2aa844476d3, findElement {using=xpath, value=//div[@class='case__attachment__title']//h5}]
Capabilities {acceptInsecureCerts: false, browserName: chrome, browserVersion: 115.0.5790.170, chrome: {chromedriverVersion: 115.0.5790.170 (cc0d30c2ca5..., userDataDir: C:\Users\HP\AppData\Local\T...}, goog:chromeOptions: {debuggerAddress: localhost:53191}, networkConnectionEnabled: false, pageLoadStrategy: none, platformName: windows, proxy: Proxy(), se:cdp: ws://localhost:53191/devtoo..., se:cdpVersion: 115.0.5790.170, setWindowRect: true, strictFileInteractability: false, timeouts: {implicit: 0, pageLoad: 300000, script: 30000}, unhandledPromptBehavior: dismiss and notify, webauthn:extension:credBlob: true, webauthn:extension:largeBlob: true, webauthn:extension:minPinLength: true, webauthn:extension:prf: true, webauthn:virtualAuthenticators: true}
Session ID: 5c384b528e37dc349b29c2aa844476d3]]>
            </message>
            <full-stacktrace>
              <![CDATA[org.openqa.selenium.NoSuchElementException: no such element: Unable to locate element: {"method":"xpath","selector":"//div[@class='case__attachment__title']//h5"}
  (Session info: chrome=115.0.5790.170)
For documentation on this error, please visit: https://www.selenium.dev/documentation/webdriver/troubleshooting/errors#no-such-element-exception
Build info: version: '4.11.0', revision: '040bc5406b'
System info: os.name: 'Windows 10', os.arch: 'amd64', os.version: '10.0', java.version: '17.0.8'
Driver info: org.openqa.selenium.chrome.ChromeDriver
Command: [5c384b528e37dc349b29c2aa844476d3, findElement {using=xpath, value=//div[@class='case__attachment__title']//h5}]
Capabilities {acceptInsecureCerts: false, browserName: chrome, browserVersion: 115.0.5790.170, chrome: {chromedriverVersion: 115.0.5790.170 (cc0d30c2ca5..., userDataDir: C:\Users\HP\AppData\Local\T...}, goog:chromeOptions: {debuggerAddress: localhost:53191}, networkConnectionEnabled: false, pageLoadStrategy: none, platformName: windows, proxy: Proxy(), se:cdp: ws://localhost:53191/devtoo..., se:cdpVersion: 115.0.5790.170, setWindowRect: true, strictFileInteractability: false, timeouts: {implicit: 0, pageLoad: 300000, script: 30000}, unhandledPromptBehavior: dismiss and notify, webauthn:extension:credBlob: true, webauthn:extension:largeBlob: true, webauthn:extension:minPinLength: true, webauthn:extension:prf: true, webauthn:virtualAuthenticators: true}
Session ID: 5c384b528e37dc349b29c2aa844476d3
at jdk.internal.reflect.GeneratedConstructorAccessor18.newInstance(Unknown Source)
at java.base/jdk.internal.reflect.DelegatingConstructorAccessorImpl.newInstance(DelegatingConstructorAccessorImpl.java:45)
at java.base/java.lang.reflect.Constructor.newInstanceWithCaller(Constructor.java:499)
at java.base/java.lang.reflect.Constructor.newInstance(Constructor.java:480)
at org.openqa.selenium.remote.codec.w3c.W3CHttpResponseCodec.createException(W3CHttpResponseCodec.java:200)
at org.openqa.selenium.remote.codec.w3c.W3CHttpResponseCodec.decode(W3CHttpResponseCodec.java:133)
at org.openqa.selenium.remote.codec.w3c.W3CHttpResponseCodec.decode(W3CHttpResponseCodec.java:52)
at org.openqa.selenium.remote.HttpCommandExecutor.execute(HttpCommandExecutor.java:191)
at org.openqa.selenium.remote.service.DriverCommandExecutor.invokeExecute(DriverCommandExecutor.java:196)
at org.openqa.selenium.remote.service.DriverCommandExecutor.execute(DriverCommandExecutor.java:171)
at org.openqa.selenium.remote.RemoteWebDriver.execute(RemoteWebDriver.java:518)
at org.openqa.selenium.remote.ElementLocation$ElementFinder$2.findElement(ElementLocation.java:165)
at org.openqa.selenium.remote.ElementLocation.findElement(ElementLocation.java:59)
at org.openqa.selenium.remote.RemoteWebDriver.findElement(RemoteWebDriver.java:355)
at org.openqa.selenium.remote.RemoteWebDriver.findElement(RemoteWebDriver.java:349)
at CommonMethods.Helper.ScrollIntoView(Helper.java:412)
at POM.ForcedAbatementUtility.ForceAbatement_AttachmentSectionAppearFAADocSelected(ForcedAbatementUtility.java:754)
at TestCases.ForcedAbatement.ForceAbatement_AttachmentSectionAppearFAADocSelected(ForcedAbatement.java:169)
at java.base/jdk.internal.reflect.NativeMethodAccessorImpl.invoke0(Native Method)
at java.base/jdk.internal.reflect.NativeMethodAccessorImpl.invoke(NativeMethodAccessorImpl.java:77)
at java.base/jdk.internal.reflect.DelegatingMethodAccessorImpl.invoke(DelegatingMethodAccessorImpl.java:43)
at java.base/java.lang.reflect.Method.invoke(Method.java:568)
at org.testng.internal.invokers.MethodInvocationHelper.invokeMethod(MethodInvocationHelper.java:135)
at org.testng.internal.invokers.TestInvoker.invokeMethod(TestInvoker.java:673)
at org.testng.internal.invokers.TestInvoker.invokeTestMethod(TestInvoker.java:220)
at org.testng.internal.invokers.MethodRunner.runInSequence(MethodRunner.java:50)
at org.testng.internal.invokers.TestInvoker$MethodInvocationAgent.invoke(TestInvoker.java:945)
at org.testng.internal.invokers.TestInvoker.invokeTestMethods(TestInvoker.java:193)
at org.testng.internal.invokers.TestMethodWorker.invokeTestMethods(TestMethodWorker.java:146)
at org.testng.internal.invokers.TestMethodWorker.run(TestMethodWorker.java:128)
at java.base/java.util.concurrent.ThreadPoolExecutor.runWorker(ThreadPoolExecutor.java:1136)
at java.base/java.util.concurrent.ThreadPoolExecutor$Worker.run(ThreadPoolExecutor.java:635)
at java.base/java.lang.Thread.run(Thread.java:833)
]]>
            </full-stacktrace>
          </exception> <!-- org.openqa.selenium.NoSuchElementException -->
          <reporter-output>
          </reporter-output>
        </test-method> <!-- ForceAbatement_AttachmentSectionAppearFAADocSelected -->
        <test-method is-config="true" signature="flushReport(java.lang.reflect.Method,org.testng.ITestResult)[pri:0, instance:TestCases.ForcedAbatement@24313fcc]" started-at="2023-09-27T12:00:49 IST" name="flushReport" finished-at="2023-09-27T12:00:50 IST" duration-ms="1115" status="PASS">
          <params>
            <param index="0">
              <value>
                <![CDATA[public void TestCases.ForcedAbatement.ForceAbatement_AttachmentSectionAppearFAADocSelected() throws java.lang.InterruptedException]]>
              </value>
            </param>
            <param index="1">
              <value>
                <![CDATA[[TestResult name=ForceAbatement_AttachmentSectionAppearFAADocSelected status=FAILURE method=ForcedAbatement.ForceAbatement_AttachmentSectionAppearFAADocSelected()[pri:24, instance:TestCases.ForcedAbatement@24313fcc] output={null}]]]>
              </value>
            </param>
          </params>
          <reporter-output>
          </reporter-output>
        </test-method> <!-- flushReport -->
        <test-method signature="ForceAbatement_ContactAppearUnderResponsibleParty()[pri:25, instance:TestCases.ForcedAbatement@24313fcc]" started-at="2023-09-27T12:00:50 IST" name="ForceAbatement_ContactAppearUnderResponsibleParty" finished-at="2023-09-27T12:03:35 IST" duration-ms="165273" status="FAIL">
          <exception class="org.openqa.selenium.TimeoutException">
            <message>
              <![CDATA[Expected condition failed: waiting for presence of element located by: By.xpath: //div[text()='Yes'] (tried for 30 second(s) with 500 milliseconds interval)]]>
            </message>
            <full-stacktrace>
              <![CDATA[org.openqa.selenium.TimeoutException: Expected condition failed: waiting for presence of element located by: By.xpath: //div[text()='Yes'] (tried for 30 second(s) with 500 milliseconds interval)
at org.openqa.selenium.support.ui.WebDriverWait.timeoutException(WebDriverWait.java:84)
at org.openqa.selenium.support.ui.FluentWait.until(FluentWait.java:230)
at CommonMethods.Helper.ClickOn(Helper.java:329)
at POM.ForcedAbatementUtility.ForceAbatement_ContactAppearUnderResponsibleParty(ForcedAbatementUtility.java:835)
at TestCases.ForcedAbatement.ForceAbatement_ContactAppearUnderResponsibleParty(ForcedAbatement.java:174)
at java.base/jdk.internal.reflect.NativeMethodAccessorImpl.invoke0(Native Method)
at java.base/jdk.internal.reflect.NativeMethodAccessorImpl.invoke(NativeMethodAccessorImpl.java:77)
at java.base/jdk.internal.reflect.DelegatingMethodAccessorImpl.invoke(DelegatingMethodAccessorImpl.java:43)
at java.base/java.lang.reflect.Method.invoke(Method.java:568)
at org.testng.internal.invokers.MethodInvocationHelper.invokeMethod(MethodInvocationHelper.java:135)
at org.testng.internal.invokers.TestInvoker.invokeMethod(TestInvoker.java:673)
at org.testng.internal.invokers.TestInvoker.invokeTestMethod(TestInvoker.java:220)
at org.testng.internal.invokers.MethodRunner.runInSequence(MethodRunner.java:50)
at org.testng.internal.invokers.TestInvoker$MethodInvocationAgent.invoke(TestInvoker.java:945)
at org.testng.internal.invokers.TestInvoker.invokeTestMethods(TestInvoker.java:193)
at org.testng.internal.invokers.TestMethodWorker.invokeTestMethods(TestMethodWorker.java:146)
at org.testng.internal.invokers.TestMethodWorker.run(TestMethodWorker.java:128)
at java.base/java.util.concurrent.ThreadPoolExecutor.runWorker(ThreadPoolExecutor.java:1136)
at java.base/java.util.concurrent.ThreadPoolExecutor$Worker.run(ThreadPoolExecutor.java:635)
at java.base/java.lang.Thread.run(Thread.java:833)
Caused by: org.openqa.selenium.NoSuchElementException: no such element: Unable to locate element: {"method":"xpath","selector":"//div[text()='Yes']"}
  (Session info: chrome=115.0.5790.170)
For documentation on this error, please visit: https://www.selenium.dev/documentation/webdriver/troubleshooting/errors#no-such-element-exception
Build info: version: '4.11.0', revision: '040bc5406b'
System info: os.name: 'Windows 10', os.arch: 'amd64', os.version: '10.0', java.version: '17.0.8'
Driver info: org.openqa.selenium.chrome.ChromeDriver
Command: [5c384b528e37dc349b29c2aa844476d3, findElement {using=xpath, value=//div[text()='Yes']}]
Capabilities {acceptInsecureCerts: false, browserName: chrome, browserVersion: 115.0.5790.170, chrome: {chromedriverVersion: 115.0.5790.170 (cc0d30c2ca5..., userDataDir: C:\Users\HP\AppData\Local\T...}, goog:chromeOptions: {debuggerAddress: localhost:53191}, networkConnectionEnabled: false, pageLoadStrategy: none, platformName: windows, proxy: Proxy(), se:cdp: ws://localhost:53191/devtoo..., se:cdpVersion: 115.0.5790.170, setWindowRect: true, strictFileInteractability: false, timeouts: {implicit: 0, pageLoad: 300000, script: 30000}, unhandledPromptBehavior: dismiss and notify, webauthn:extension:credBlob: true, webauthn:extension:largeBlob: true, webauthn:extension:minPinLength: true, webauthn:extension:prf: true, webauthn:virtualAuthenticators: true}
Session ID: 5c384b528e37dc349b29c2aa844476d3
at jdk.internal.reflect.GeneratedConstructorAccessor18.newInstance(Unknown Source)
at java.base/jdk.internal.reflect.DelegatingConstructorAccessorImpl.newInstance(DelegatingConstructorAccessorImpl.java:45)
at java.base/java.lang.reflect.Constructor.newInstanceWithCaller(Constructor.java:499)
at java.base/java.lang.reflect.Constructor.newInstance(Constructor.java:480)
at org.openqa.selenium.remote.codec.w3c.W3CHttpResponseCodec.createException(W3CHttpResponseCodec.java:200)
at org.openqa.selenium.remote.codec.w3c.W3CHttpResponseCodec.decode(W3CHttpResponseCodec.java:133)
at org.openqa.selenium.remote.codec.w3c.W3CHttpResponseCodec.decode(W3CHttpResponseCodec.java:52)
at org.openqa.selenium.remote.HttpCommandExecutor.execute(HttpCommandExecutor.java:191)
at org.openqa.selenium.remote.service.DriverCommandExecutor.invokeExecute(DriverCommandExecutor.java:196)
at org.openqa.selenium.remote.service.DriverCommandExecutor.execute(DriverCommandExecutor.java:171)
at org.openqa.selenium.remote.RemoteWebDriver.execute(RemoteWebDriver.java:518)
at org.openqa.selenium.remote.ElementLocation$ElementFinder$2.findElement(ElementLocation.java:165)
at org.openqa.selenium.remote.ElementLocation.findElement(ElementLocation.java:59)
at org.openqa.selenium.remote.RemoteWebDriver.findElement(RemoteWebDriver.java:355)
at org.openqa.selenium.remote.RemoteWebDriver.findElement(RemoteWebDriver.java:349)
at org.openqa.selenium.support.ui.ExpectedConditions$6.apply(ExpectedConditions.java:171)
at org.openqa.selenium.support.ui.ExpectedConditions$6.apply(ExpectedConditions.java:168)
at org.openqa.selenium.support.ui.FluentWait.until(FluentWait.java:205)
... 18 more
]]>
            </full-stacktrace>
          </exception> <!-- org.openqa.selenium.TimeoutException -->
          <reporter-output>
          </reporter-output>
        </test-method> <!-- ForceAbatement_ContactAppearUnderResponsibleParty -->
        <test-method is-config="true" signature="flushReport(java.lang.reflect.Method,org.testng.ITestResult)[pri:0, instance:TestCases.ForcedAbatement@24313fcc]" started-at="2023-09-27T12:03:35 IST" name="flushReport" finished-at="2023-09-27T12:03:36 IST" duration-ms="1120" status="PASS">
          <params>
            <param index="0">
              <value>
                <![CDATA[public void TestCases.ForcedAbatement.ForceAbatement_ContactAppearUnderResponsibleParty() throws java.lang.InterruptedException]]>
              </value>
            </param>
            <param index="1">
              <value>
                <![CDATA[[TestResult name=ForceAbatement_ContactAppearUnderResponsibleParty status=FAILURE method=ForcedAbatement.ForceAbatement_ContactAppearUnderResponsibleParty()[pri:25, instance:TestCases.ForcedAbatement@24313fcc] output={null}]]]>
              </value>
            </param>
          </params>
          <reporter-output>
          </reporter-output>
        </test-method> <!-- flushReport -->
        <test-method signature="ForceAbatement_SelectedAttachmentPopulatedonPrintPreview()[pri:26, instance:TestCases.ForcedAbatement@24313fcc]" started-at="2023-09-27T12:03:36 IST" name="ForceAbatement_SelectedAttachmentPopulatedonPrintPreview" finished-at="2023-09-27T12:03:36 IST" duration-ms="15" status="FAIL">
          <exception class="org.openqa.selenium.NoSuchElementException">
            <message>
              <![CDATA[no such element: Unable to locate element: {"method":"xpath","selector":"(//div[@class='tick--not-selected']//following-sibling::img)[1]"}
  (Session info: chrome=115.0.5790.170)
For documentation on this error, please visit: https://www.selenium.dev/documentation/webdriver/troubleshooting/errors#no-such-element-exception
Build info: version: '4.11.0', revision: '040bc5406b'
System info: os.name: 'Windows 10', os.arch: 'amd64', os.version: '10.0', java.version: '17.0.8'
Driver info: org.openqa.selenium.chrome.ChromeDriver
Command: [5c384b528e37dc349b29c2aa844476d3, findElement {using=xpath, value=(//div[@class='tick--not-selected']//following-sibling::img)[1]}]
Capabilities {acceptInsecureCerts: false, browserName: chrome, browserVersion: 115.0.5790.170, chrome: {chromedriverVersion: 115.0.5790.170 (cc0d30c2ca5..., userDataDir: C:\Users\HP\AppData\Local\T...}, goog:chromeOptions: {debuggerAddress: localhost:53191}, networkConnectionEnabled: false, pageLoadStrategy: none, platformName: windows, proxy: Proxy(), se:cdp: ws://localhost:53191/devtoo..., se:cdpVersion: 115.0.5790.170, setWindowRect: true, strictFileInteractability: false, timeouts: {implicit: 0, pageLoad: 300000, script: 30000}, unhandledPromptBehavior: dismiss and notify, webauthn:extension:credBlob: true, webauthn:extension:largeBlob: true, webauthn:extension:minPinLength: true, webauthn:extension:prf: true, webauthn:virtualAuthenticators: true}
Session ID: 5c384b528e37dc349b29c2aa844476d3]]>
            </message>
            <full-stacktrace>
              <![CDATA[org.openqa.selenium.NoSuchElementException: no such element: Unable to locate element: {"method":"xpath","selector":"(//div[@class='tick--not-selected']//following-sibling::img)[1]"}
  (Session info: chrome=115.0.5790.170)
For documentation on this error, please visit: https://www.selenium.dev/documentation/webdriver/troubleshooting/errors#no-such-element-exception
Build info: version: '4.11.0', revision: '040bc5406b'
System info: os.name: 'Windows 10', os.arch: 'amd64', os.version: '10.0', java.version: '17.0.8'
Driver info: org.openqa.selenium.chrome.ChromeDriver
Command: [5c384b528e37dc349b29c2aa844476d3, findElement {using=xpath, value=(//div[@class='tick--not-selected']//following-sibling::img)[1]}]
Capabilities {acceptInsecureCerts: false, browserName: chrome, browserVersion: 115.0.5790.170, chrome: {chromedriverVersion: 115.0.5790.170 (cc0d30c2ca5..., userDataDir: C:\Users\HP\AppData\Local\T...}, goog:chromeOptions: {debuggerAddress: localhost:53191}, networkConnectionEnabled: false, pageLoadStrategy: none, platformName: windows, proxy: Proxy(), se:cdp: ws://localhost:53191/devtoo..., se:cdpVersion: 115.0.5790.170, setWindowRect: true, strictFileInteractability: false, timeouts: {implicit: 0, pageLoad: 300000, script: 30000}, unhandledPromptBehavior: dismiss and notify, webauthn:extension:credBlob: true, webauthn:extension:largeBlob: true, webauthn:extension:minPinLength: true, webauthn:extension:prf: true, webauthn:virtualAuthenticators: true}
Session ID: 5c384b528e37dc349b29c2aa844476d3
at jdk.internal.reflect.GeneratedConstructorAccessor18.newInstance(Unknown Source)
at java.base/jdk.internal.reflect.DelegatingConstructorAccessorImpl.newInstance(DelegatingConstructorAccessorImpl.java:45)
at java.base/java.lang.reflect.Constructor.newInstanceWithCaller(Constructor.java:499)
at java.base/java.lang.reflect.Constructor.newInstance(Constructor.java:480)
at org.openqa.selenium.remote.codec.w3c.W3CHttpResponseCodec.createException(W3CHttpResponseCodec.java:200)
at org.openqa.selenium.remote.codec.w3c.W3CHttpResponseCodec.decode(W3CHttpResponseCodec.java:133)
at org.openqa.selenium.remote.codec.w3c.W3CHttpResponseCodec.decode(W3CHttpResponseCodec.java:52)
at org.openqa.selenium.remote.HttpCommandExecutor.execute(HttpCommandExecutor.java:191)
at org.openqa.selenium.remote.service.DriverCommandExecutor.invokeExecute(DriverCommandExecutor.java:196)
at org.openqa.selenium.remote.service.DriverCommandExecutor.execute(DriverCommandExecutor.java:171)
at org.openqa.selenium.remote.RemoteWebDriver.execute(RemoteWebDriver.java:518)
at org.openqa.selenium.remote.ElementLocation$ElementFinder$2.findElement(ElementLocation.java:165)
at org.openqa.selenium.remote.ElementLocation.findElement(ElementLocation.java:59)
at org.openqa.selenium.remote.RemoteWebDriver.findElement(RemoteWebDriver.java:355)
at org.openqa.selenium.remote.RemoteWebDriver.findElement(RemoteWebDriver.java:349)
at CommonMethods.Helper.ScrollIntoView(Helper.java:412)
at POM.ForcedAbatementUtility.ForceAbatement_SelectedAttachmentPopulatedonPrintPreview(ForcedAbatementUtility.java:858)
at TestCases.ForcedAbatement.ForceAbatement_SelectedAttachmentPopulatedonPrintPreview(ForcedAbatement.java:179)
at java.base/jdk.internal.reflect.NativeMethodAccessorImpl.invoke0(Native Method)
at java.base/jdk.internal.reflect.NativeMethodAccessorImpl.invoke(NativeMethodAccessorImpl.java:77)
at java.base/jdk.internal.reflect.DelegatingMethodAccessorImpl.invoke(DelegatingMethodAccessorImpl.java:43)
at java.base/java.lang.reflect.Method.invoke(Method.java:568)
at org.testng.internal.invokers.MethodInvocationHelper.invokeMethod(MethodInvocationHelper.java:135)
at org.testng.internal.invokers.TestInvoker.invokeMethod(TestInvoker.java:673)
at org.testng.internal.invokers.TestInvoker.invokeTestMethod(TestInvoker.java:220)
at org.testng.internal.invokers.MethodRunner.runInSequence(MethodRunner.java:50)
at org.testng.internal.invokers.TestInvoker$MethodInvocationAgent.invoke(TestInvoker.java:945)
at org.testng.internal.invokers.TestInvoker.invokeTestMethods(TestInvoker.java:193)
at org.testng.internal.invokers.TestMethodWorker.invokeTestMethods(TestMethodWorker.java:146)
at org.testng.internal.invokers.TestMethodWorker.run(TestMethodWorker.java:128)
at java.base/java.util.concurrent.ThreadPoolExecutor.runWorker(ThreadPoolExecutor.java:1136)
at java.base/java.util.concurrent.ThreadPoolExecutor$Worker.run(ThreadPoolExecutor.java:635)
at java.base/java.lang.Thread.run(Thread.java:833)
]]>
            </full-stacktrace>
          </exception> <!-- org.openqa.selenium.NoSuchElementException -->
          <reporter-output>
          </reporter-output>
        </test-method> <!-- ForceAbatement_SelectedAttachmentPopulatedonPrintPreview -->
        <test-method is-config="true" signature="flushReport(java.lang.reflect.Method,org.testng.ITestResult)[pri:0, instance:TestCases.ForcedAbatement@24313fcc]" started-at="2023-09-27T12:03:36 IST" name="flushReport" finished-at="2023-09-27T12:03:37 IST" duration-ms="994" status="PASS">
          <params>
            <param index="0">
              <value>
                <![CDATA[public void TestCases.ForcedAbatement.ForceAbatement_SelectedAttachmentPopulatedonPrintPreview() throws java.lang.InterruptedException]]>
              </value>
            </param>
            <param index="1">
              <value>
                <![CDATA[[TestResult name=ForceAbatement_SelectedAttachmentPopulatedonPrintPreview status=FAILURE method=ForcedAbatement.ForceAbatement_SelectedAttachmentPopulatedonPrintPreview()[pri:26, instance:TestCases.ForcedAbatement@24313fcc] output={null}]]]>
              </value>
            </param>
          </params>
          <reporter-output>
          </reporter-output>
        </test-method> <!-- flushReport -->
        <test-method is-config="true" signature="closeDriver()[pri:0, instance:TestCases.ForcedAbatement@24313fcc]" started-at="2023-09-27T12:03:37 IST" name="closeDriver" finished-at="2023-09-27T12:03:38 IST" duration-ms="378" status="PASS">
          <reporter-output>
          </reporter-output>
        </test-method> <!-- closeDriver -->
      </class> <!-- TestCases.ForcedAbatement -->
      <class name="TestCases.Notices">
        <test-method is-config="true" signature="deleteExistingReport()[pri:0, instance:TestCases.Notices@8297b3a]" started-at="2023-09-27T11:45:40 IST" name="deleteExistingReport" finished-at="2023-09-27T11:45:40 IST" duration-ms="8" status="PASS">
          <reporter-output>
          </reporter-output>
        </test-method> <!-- deleteExistingReport -->
        <test-method is-config="true" signature="setUp()[pri:0, instance:TestCases.Notices@8297b3a]" started-at="2023-09-27T11:45:40 IST" name="setUp" finished-at="2023-09-27T11:45:43 IST" duration-ms="3195" status="PASS">
          <reporter-output>
          </reporter-output>
        </test-method> <!-- setUp -->
        <test-method signature="LoginAgency()[pri:0, instance:TestCases.Notices@8297b3a]" started-at="2023-09-27T11:45:43 IST" name="LoginAgency" finished-at="2023-09-27T11:46:03 IST" duration-ms="20385" status="PASS">
          <reporter-output>
          </reporter-output>
        </test-method> <!-- LoginAgency -->
        <test-method is-config="true" signature="flushReport(java.lang.reflect.Method,org.testng.ITestResult)[pri:0, instance:TestCases.Notices@8297b3a]" started-at="2023-09-27T11:46:03 IST" name="flushReport" finished-at="2023-09-27T11:46:03 IST" duration-ms="247" status="PASS">
          <params>
            <param index="0">
              <value>
                <![CDATA[public void TestCases.Notices.LoginAgency() throws java.lang.InterruptedException]]>
              </value>
            </param>
            <param index="1">
              <value>
                <![CDATA[[TestResult name=LoginAgency status=SUCCESS method=Notices.LoginAgency()[pri:0, instance:TestCases.Notices@8297b3a] output={null}]]]>
              </value>
            </param>
          </params>
          <reporter-output>
          </reporter-output>
        </test-method> <!-- flushReport -->
        <test-method signature="Notices_OpenCreateNonHtmlNoticePopup()[pri:1, instance:TestCases.Notices@8297b3a]" started-at="2023-09-27T11:46:03 IST" name="Notices_OpenCreateNonHtmlNoticePopup" finished-at="2023-09-27T11:46:10 IST" duration-ms="6978" status="PASS">
          <reporter-output>
          </reporter-output>
        </test-method> <!-- Notices_OpenCreateNonHtmlNoticePopup -->
        <test-method is-config="true" signature="flushReport(java.lang.reflect.Method,org.testng.ITestResult)[pri:0, instance:TestCases.Notices@8297b3a]" started-at="2023-09-27T11:46:10 IST" name="flushReport" finished-at="2023-09-27T11:46:10 IST" duration-ms="45" status="PASS">
          <params>
            <param index="0">
              <value>
                <![CDATA[public void TestCases.Notices.Notices_OpenCreateNonHtmlNoticePopup() throws java.lang.InterruptedException]]>
              </value>
            </param>
            <param index="1">
              <value>
                <![CDATA[[TestResult name=Notices_OpenCreateNonHtmlNoticePopup status=SUCCESS method=Notices.Notices_OpenCreateNonHtmlNoticePopup()[pri:1, instance:TestCases.Notices@8297b3a] output={null}]]]>
              </value>
            </param>
          </params>
          <reporter-output>
          </reporter-output>
        </test-method> <!-- flushReport -->
        <test-method signature="Notices_CreateNonHTMLNotice()[pri:2, instance:TestCases.Notices@8297b3a]" started-at="2023-09-27T11:46:10 IST" name="Notices_CreateNonHTMLNotice" finished-at="2023-09-27T11:46:23 IST" duration-ms="12204" status="PASS">
          <reporter-output>
          </reporter-output>
        </test-method> <!-- Notices_CreateNonHTMLNotice -->
        <test-method is-config="true" signature="flushReport(java.lang.reflect.Method,org.testng.ITestResult)[pri:0, instance:TestCases.Notices@8297b3a]" started-at="2023-09-27T11:46:23 IST" name="flushReport" finished-at="2023-09-27T11:46:23 IST" duration-ms="27" status="PASS">
          <params>
            <param index="0">
              <value>
                <![CDATA[public void TestCases.Notices.Notices_CreateNonHTMLNotice() throws java.lang.InterruptedException]]>
              </value>
            </param>
            <param index="1">
              <value>
                <![CDATA[[TestResult name=Notices_CreateNonHTMLNotice status=SUCCESS method=Notices.Notices_CreateNonHTMLNotice()[pri:2, instance:TestCases.Notices@8297b3a] output={null}]]]>
              </value>
            </param>
          </params>
          <reporter-output>
          </reporter-output>
        </test-method> <!-- flushReport -->
        <test-method signature="Notices_OpenCreateHtmlNoticePopup()[pri:3, instance:TestCases.Notices@8297b3a]" started-at="2023-09-27T11:46:23 IST" name="Notices_OpenCreateHtmlNoticePopup" finished-at="2023-09-27T11:46:23 IST" duration-ms="546" status="PASS">
          <reporter-output>
          </reporter-output>
        </test-method> <!-- Notices_OpenCreateHtmlNoticePopup -->
        <test-method is-config="true" signature="flushReport(java.lang.reflect.Method,org.testng.ITestResult)[pri:0, instance:TestCases.Notices@8297b3a]" started-at="2023-09-27T11:46:23 IST" name="flushReport" finished-at="2023-09-27T11:46:23 IST" duration-ms="51" status="PASS">
          <params>
            <param index="0">
              <value>
                <![CDATA[public void TestCases.Notices.Notices_OpenCreateHtmlNoticePopup() throws java.lang.InterruptedException]]>
              </value>
            </param>
            <param index="1">
              <value>
                <![CDATA[[TestResult name=Notices_OpenCreateHtmlNoticePopup status=SUCCESS method=Notices.Notices_OpenCreateHtmlNoticePopup()[pri:3, instance:TestCases.Notices@8297b3a] output={null}]]]>
              </value>
            </param>
          </params>
          <reporter-output>
          </reporter-output>
        </test-method> <!-- flushReport -->
        <test-method signature="Notices_OpenAddMergeFieldsPopup()[pri:4, instance:TestCases.Notices@8297b3a]" started-at="2023-09-27T11:46:23 IST" name="Notices_OpenAddMergeFieldsPopup" finished-at="2023-09-27T11:46:24 IST" duration-ms="380" status="PASS">
          <reporter-output>
          </reporter-output>
        </test-method> <!-- Notices_OpenAddMergeFieldsPopup -->
        <test-method is-config="true" signature="flushReport(java.lang.reflect.Method,org.testng.ITestResult)[pri:0, instance:TestCases.Notices@8297b3a]" started-at="2023-09-27T11:46:24 IST" name="flushReport" finished-at="2023-09-27T11:46:24 IST" duration-ms="55" status="PASS">
          <params>
            <param index="0">
              <value>
                <![CDATA[public void TestCases.Notices.Notices_OpenAddMergeFieldsPopup() throws java.lang.InterruptedException]]>
              </value>
            </param>
            <param index="1">
              <value>
                <![CDATA[[TestResult name=Notices_OpenAddMergeFieldsPopup status=SUCCESS method=Notices.Notices_OpenAddMergeFieldsPopup()[pri:4, instance:TestCases.Notices@8297b3a] output={null}]]]>
              </value>
            </param>
          </params>
          <reporter-output>
          </reporter-output>
        </test-method> <!-- flushReport -->
        <test-method signature="Notices_ApplyCategoryOnMergeFields()[pri:5, instance:TestCases.Notices@8297b3a]" started-at="2023-09-27T11:46:24 IST" name="Notices_ApplyCategoryOnMergeFields" finished-at="2023-09-27T11:46:24 IST" duration-ms="325" status="PASS">
          <reporter-output>
          </reporter-output>
        </test-method> <!-- Notices_ApplyCategoryOnMergeFields -->
        <test-method is-config="true" signature="flushReport(java.lang.reflect.Method,org.testng.ITestResult)[pri:0, instance:TestCases.Notices@8297b3a]" started-at="2023-09-27T11:46:24 IST" name="flushReport" finished-at="2023-09-27T11:46:24 IST" duration-ms="19" status="PASS">
          <params>
            <param index="0">
              <value>
                <![CDATA[public void TestCases.Notices.Notices_ApplyCategoryOnMergeFields() throws java.lang.InterruptedException]]>
              </value>
            </param>
            <param index="1">
              <value>
                <![CDATA[[TestResult name=Notices_ApplyCategoryOnMergeFields status=SUCCESS method=Notices.Notices_ApplyCategoryOnMergeFields()[pri:5, instance:TestCases.Notices@8297b3a] output={null}]]]>
              </value>
            </param>
          </params>
          <reporter-output>
          </reporter-output>
        </test-method> <!-- flushReport -->
        <test-method signature="Notices_VerifyMergeFieldsOnHtmleditor()[pri:6, instance:TestCases.Notices@8297b3a]" started-at="2023-09-27T11:46:24 IST" name="Notices_VerifyMergeFieldsOnHtmleditor" finished-at="2023-09-27T11:46:25 IST" duration-ms="488" status="PASS">
          <reporter-output>
          </reporter-output>
        </test-method> <!-- Notices_VerifyMergeFieldsOnHtmleditor -->
        <test-method is-config="true" signature="flushReport(java.lang.reflect.Method,org.testng.ITestResult)[pri:0, instance:TestCases.Notices@8297b3a]" started-at="2023-09-27T11:46:25 IST" name="flushReport" finished-at="2023-09-27T11:46:25 IST" duration-ms="24" status="PASS">
          <params>
            <param index="0">
              <value>
                <![CDATA[public void TestCases.Notices.Notices_VerifyMergeFieldsOnHtmleditor() throws java.lang.InterruptedException]]>
              </value>
            </param>
            <param index="1">
              <value>
                <![CDATA[[TestResult name=Notices_VerifyMergeFieldsOnHtmleditor status=SUCCESS method=Notices.Notices_VerifyMergeFieldsOnHtmleditor()[pri:6, instance:TestCases.Notices@8297b3a] output={null}]]]>
              </value>
            </param>
          </params>
          <reporter-output>
          </reporter-output>
        </test-method> <!-- flushReport -->
        <test-method signature="Notices_VerifyPreviewPopup()[pri:7, instance:TestCases.Notices@8297b3a]" started-at="2023-09-27T11:46:25 IST" name="Notices_VerifyPreviewPopup" finished-at="2023-09-27T11:46:25 IST" duration-ms="269" status="PASS">
          <reporter-output>
          </reporter-output>
        </test-method> <!-- Notices_VerifyPreviewPopup -->
        <test-method is-config="true" signature="flushReport(java.lang.reflect.Method,org.testng.ITestResult)[pri:0, instance:TestCases.Notices@8297b3a]" started-at="2023-09-27T11:46:25 IST" name="flushReport" finished-at="2023-09-27T11:46:25 IST" duration-ms="34" status="PASS">
          <params>
            <param index="0">
              <value>
                <![CDATA[public void TestCases.Notices.Notices_VerifyPreviewPopup() throws java.lang.InterruptedException]]>
              </value>
            </param>
            <param index="1">
              <value>
                <![CDATA[[TestResult name=Notices_VerifyPreviewPopup status=SUCCESS method=Notices.Notices_VerifyPreviewPopup()[pri:7, instance:TestCases.Notices@8297b3a] output={null}]]]>
              </value>
            </param>
          </params>
          <reporter-output>
          </reporter-output>
        </test-method> <!-- flushReport -->
        <test-method signature="Notices_CreateHtmlCaseNotice()[pri:8, instance:TestCases.Notices@8297b3a]" started-at="2023-09-27T11:46:25 IST" name="Notices_CreateHtmlCaseNotice" finished-at="2023-09-27T11:46:33 IST" duration-ms="8523" status="PASS">
          <reporter-output>
          </reporter-output>
        </test-method> <!-- Notices_CreateHtmlCaseNotice -->
        <test-method is-config="true" signature="flushReport(java.lang.reflect.Method,org.testng.ITestResult)[pri:0, instance:TestCases.Notices@8297b3a]" started-at="2023-09-27T11:46:33 IST" name="flushReport" finished-at="2023-09-27T11:46:33 IST" duration-ms="29" status="PASS">
          <params>
            <param index="0">
              <value>
                <![CDATA[public void TestCases.Notices.Notices_CreateHtmlCaseNotice() throws java.lang.InterruptedException]]>
              </value>
            </param>
            <param index="1">
              <value>
                <![CDATA[[TestResult name=Notices_CreateHtmlCaseNotice status=SUCCESS method=Notices.Notices_CreateHtmlCaseNotice()[pri:8, instance:TestCases.Notices@8297b3a] output={null}]]]>
              </value>
            </param>
          </params>
          <reporter-output>
          </reporter-output>
        </test-method> <!-- flushReport -->
        <test-method signature="Notices_CreateFADocumentHtmlNotice()[pri:9, instance:TestCases.Notices@8297b3a]" started-at="2023-09-27T11:46:33 IST" name="Notices_CreateFADocumentHtmlNotice" finished-at="2023-09-27T11:47:47 IST" duration-ms="73198" status="PASS">
          <reporter-output>
          </reporter-output>
        </test-method> <!-- Notices_CreateFADocumentHtmlNotice -->
        <test-method is-config="true" signature="flushReport(java.lang.reflect.Method,org.testng.ITestResult)[pri:0, instance:TestCases.Notices@8297b3a]" started-at="2023-09-27T11:47:47 IST" name="flushReport" finished-at="2023-09-27T11:47:47 IST" duration-ms="23" status="PASS">
          <params>
            <param index="0">
              <value>
                <![CDATA[public void TestCases.Notices.Notices_CreateFADocumentHtmlNotice() throws java.lang.InterruptedException]]>
              </value>
            </param>
            <param index="1">
              <value>
                <![CDATA[[TestResult name=Notices_CreateFADocumentHtmlNotice status=SUCCESS method=Notices.Notices_CreateFADocumentHtmlNotice()[pri:9, instance:TestCases.Notices@8297b3a] output={null}]]]>
              </value>
            </param>
          </params>
          <reporter-output>
          </reporter-output>
        </test-method> <!-- flushReport -->
        <test-method signature="Notices_VerifyEditNotices()[pri:10, instance:TestCases.Notices@8297b3a]" started-at="2023-09-27T11:47:47 IST" name="Notices_VerifyEditNotices" finished-at="2023-09-27T11:48:53 IST" duration-ms="65903" status="PASS">
          <reporter-output>
          </reporter-output>
        </test-method> <!-- Notices_VerifyEditNotices -->
        <test-method is-config="true" signature="flushReport(java.lang.reflect.Method,org.testng.ITestResult)[pri:0, instance:TestCases.Notices@8297b3a]" started-at="2023-09-27T11:48:53 IST" name="flushReport" finished-at="2023-09-27T11:48:53 IST" duration-ms="16" status="PASS">
          <params>
            <param index="0">
              <value>
                <![CDATA[public void TestCases.Notices.Notices_VerifyEditNotices() throws java.lang.InterruptedException]]>
              </value>
            </param>
            <param index="1">
              <value>
                <![CDATA[[TestResult name=Notices_VerifyEditNotices status=SUCCESS method=Notices.Notices_VerifyEditNotices()[pri:10, instance:TestCases.Notices@8297b3a] output={null}]]]>
              </value>
            </param>
          </params>
          <reporter-output>
          </reporter-output>
        </test-method> <!-- flushReport -->
        <test-method signature="Notices_VerifyCountOfNotices()[pri:11, instance:TestCases.Notices@8297b3a]" started-at="2023-09-27T11:48:53 IST" name="Notices_VerifyCountOfNotices" finished-at="2023-09-27T11:48:53 IST" duration-ms="95" status="PASS">
          <reporter-output>
          </reporter-output>
        </test-method> <!-- Notices_VerifyCountOfNotices -->
        <test-method is-config="true" signature="flushReport(java.lang.reflect.Method,org.testng.ITestResult)[pri:0, instance:TestCases.Notices@8297b3a]" started-at="2023-09-27T11:48:53 IST" name="flushReport" finished-at="2023-09-27T11:48:53 IST" duration-ms="17" status="PASS">
          <params>
            <param index="0">
              <value>
                <![CDATA[public void TestCases.Notices.Notices_VerifyCountOfNotices() throws java.lang.InterruptedException]]>
              </value>
            </param>
            <param index="1">
              <value>
                <![CDATA[[TestResult name=Notices_VerifyCountOfNotices status=SUCCESS method=Notices.Notices_VerifyCountOfNotices()[pri:11, instance:TestCases.Notices@8297b3a] output={null}]]]>
              </value>
            </param>
          </params>
          <reporter-output>
          </reporter-output>
        </test-method> <!-- flushReport -->
        <test-method signature="Notices_VerifyAutoPopulationOfNotices()[pri:12, instance:TestCases.Notices@8297b3a]" started-at="2023-09-27T11:48:53 IST" name="Notices_VerifyAutoPopulationOfNotices" finished-at="2023-09-27T11:48:53 IST" duration-ms="1" status="PASS">
          <reporter-output>
          </reporter-output>
        </test-method> <!-- Notices_VerifyAutoPopulationOfNotices -->
        <test-method is-config="true" signature="flushReport(java.lang.reflect.Method,org.testng.ITestResult)[pri:0, instance:TestCases.Notices@8297b3a]" started-at="2023-09-27T11:48:53 IST" name="flushReport" finished-at="2023-09-27T11:48:53 IST" duration-ms="21" status="PASS">
          <params>
            <param index="0">
              <value>
                <![CDATA[public void TestCases.Notices.Notices_VerifyAutoPopulationOfNotices() throws java.lang.InterruptedException]]>
              </value>
            </param>
            <param index="1">
              <value>
                <![CDATA[[TestResult name=Notices_VerifyAutoPopulationOfNotices status=SUCCESS method=Notices.Notices_VerifyAutoPopulationOfNotices()[pri:12, instance:TestCases.Notices@8297b3a] output={null}]]]>
              </value>
            </param>
          </params>
          <reporter-output>
          </reporter-output>
        </test-method> <!-- flushReport -->
        <test-method is-config="true" signature="closeDriver()[pri:0, instance:TestCases.Notices@8297b3a]" started-at="2023-09-27T11:48:53 IST" name="closeDriver" finished-at="2023-09-27T11:48:53 IST" duration-ms="312" status="PASS">
          <reporter-output>
          </reporter-output>
        </test-method> <!-- closeDriver -->
      </class> <!-- TestCases.Notices -->
    </test> <!-- Test -->
  </suite> <!-- Suite -->
</testng-results>
