<?xml version="1.0" encoding="UTF-8"?>
<!-- Generated by org.testng.reporters.JUnitReportReporter -->
<testsuite hostname="DESKTOP-JQO35JO" failures="0" tests="16" name="TestCases.DashBoard" time="175.854" errors="1" timestamp="2023-09-28T16:20:38 IST" skipped="0">
  <testcase classname="TestCases.DashBoard" name="LoginTest" time="18.841"/>
  <system-out/>
  <testcase classname="TestCases.DashBoard" name="TC_Dashboard_ViewAllStaffDashboard" time="3.090"/>
  <system-out/>
  <testcase classname="TestCases.DashBoard" name="TC_Dashboard_ViewMeDashboard" time="0.557"/>
  <system-out/>
  <testcase classname="TestCases.DashBoard" name="TC_Dashboard_OpenCasesAssignedToMeLink" time="3.100"/>
  <system-out/>
  <testcase classname="TestCases.DashBoard" name="TC_Dashboard_OpenCasesForMyAgencyLink" time="1.359"/>
  <system-out/>
  <testcase classname="TestCases.DashBoard" name="TC_Dashboard_OverdueInspectionsLink" time="3.511"/>
  <system-out/>
  <testcase classname="TestCases.DashBoard" name="TC_Dashboard_InspectionsDueTodayLink" time="2.664"/>
  <system-out/>
  <testcase classname="TestCases.DashBoard" name="TC_Dashboard_TotalInspectionsLink" time="2.938"/>
  <system-out/>
  <testcase classname="TestCases.DashBoard" name="TC_Dashboard_AllStaff_OpenCasesForMyAgency" time="5.552"/>
  <system-out/>
  <testcase classname="TestCases.DashBoard" name="TC_Dashboard_TotalcasesForMyAgencyLink" time="2.710"/>
  <system-out/>
  <testcase classname="TestCases.DashBoard" name="TC_Dashboard_AllStaff_OverdueInspections" time="1.716"/>
  <system-out/>
  <testcase classname="TestCases.DashBoard" name="TC_Dashboard_AllStaff_InspectionsDueToday" time="1.967"/>
  <system-out/>
  <testcase classname="TestCases.DashBoard" name="TC_Dashboard_AllStaff_TotalInspectionsLink" time="2.182"/>
  <system-out/>
  <testcase classname="TestCases.DashBoard" name="TC_Dashboard_OpenTotalInspectionPopup" time="31.589"/>
  <system-out/>
  <testcase classname="TestCases.DashBoard" name="TC_Dashboard_CompareCountOfCasesWithCLP" time="2.648"/>
  <system-out/>
  <testcase classname="TestCases.DashBoard" name="TC_Dashboard_OpenPrintQueuePopup" time="91.430">
    <error message="Expected condition failed: waiting for element to be clickable: By.xpath: (//span[@class=&#039;widget__total&#039;])[7] (tried for 30 second(s) with 500 milliseconds interval)
Build info: version: &#039;4.11.0&#039;, revision: &#039;040bc5406b&#039;
System info: os.name: &#039;Windows 10&#039;, os.arch: &#039;amd64&#039;, os.version: &#039;10.0&#039;, java.version: &#039;17.0.8&#039;
Driver info: org.openqa.selenium.chrome.ChromeDriver
Capabilities {acceptInsecureCerts: false, browserName: chrome, browserVersion: 115.0.5790.170, chrome: {chromedriverVersion: 115.0.5790.170 (cc0d30c2ca5..., userDataDir: C:\Users\HP\AppData\Local\T...}, goog:chromeOptions: {debuggerAddress: localhost:62771}, networkConnectionEnabled: false, pageLoadStrategy: none, platformName: windows, proxy: Proxy(), se:cdp: ws://localhost:62771/devtoo..., se:cdpVersion: 115.0.5790.170, setWindowRect: true, strictFileInteractability: false, timeouts: {implicit: 0, pageLoad: 300000, script: 30000}, unhandledPromptBehavior: dismiss and notify, webauthn:extension:credBlob: true, webauthn:extension:largeBlob: true, webauthn:extension:minPinLength: true, webauthn:extension:prf: true, webauthn:virtualAuthenticators: true}
Session ID: c237c8cee768190f82e4ec850132cda1" type="org.openqa.selenium.TimeoutException">
      <![CDATA[org.openqa.selenium.TimeoutException: Expected condition failed: waiting for element to be clickable: By.xpath: (//span[@class='widget__total'])[7] (tried for 30 second(s) with 500 milliseconds interval)
Build info: version: '4.11.0', revision: '040bc5406b'
System info: os.name: 'Windows 10', os.arch: 'amd64', os.version: '10.0', java.version: '17.0.8'
Driver info: org.openqa.selenium.chrome.ChromeDriver
Capabilities {acceptInsecureCerts: false, browserName: chrome, browserVersion: 115.0.5790.170, chrome: {chromedriverVersion: 115.0.5790.170 (cc0d30c2ca5..., userDataDir: C:\Users\HP\AppData\Local\T...}, goog:chromeOptions: {debuggerAddress: localhost:62771}, networkConnectionEnabled: false, pageLoadStrategy: none, platformName: windows, proxy: Proxy(), se:cdp: ws://localhost:62771/devtoo..., se:cdpVersion: 115.0.5790.170, setWindowRect: true, strictFileInteractability: false, timeouts: {implicit: 0, pageLoad: 300000, script: 30000}, unhandledPromptBehavior: dismiss and notify, webauthn:extension:credBlob: true, webauthn:extension:largeBlob: true, webauthn:extension:minPinLength: true, webauthn:extension:prf: true, webauthn:virtualAuthenticators: true}
Session ID: c237c8cee768190f82e4ec850132cda1
at org.openqa.selenium.support.ui.WebDriverWait.timeoutException(WebDriverWait.java:84)
at org.openqa.selenium.support.ui.FluentWait.until(FluentWait.java:230)
at CommonMethods.Helper.GetText(Helper.java:375)
at POM.DashBoardUtility.TC_Dashboard_OpenPrintQueuePopup(DashBoardUtility.java:487)
at TestCases.DashBoard.TC_Dashboard_OpenPrintQueuePopup(DashBoard.java:154)
at java.base/jdk.internal.reflect.NativeMethodAccessorImpl.invoke0(Native Method)
at java.base/jdk.internal.reflect.NativeMethodAccessorImpl.invoke(NativeMethodAccessorImpl.java:77)
at java.base/jdk.internal.reflect.DelegatingMethodAccessorImpl.invoke(DelegatingMethodAccessorImpl.java:43)
at java.base/java.lang.reflect.Method.invoke(Method.java:568)
at org.testng.internal.invokers.MethodInvocationHelper.invokeMethod(MethodInvocationHelper.java:135)
at org.testng.internal.invokers.TestInvoker.invokeMethod(TestInvoker.java:673)
at org.testng.internal.invokers.TestInvoker.invokeTestMethod(TestInvoker.java:220)
at org.testng.internal.invokers.MethodRunner.runInSequence(MethodRunner.java:50)
at org.testng.internal.invokers.TestInvoker$MethodInvocationAgent.invoke(TestInvoker.java:945)
at org.testng.internal.invokers.TestInvoker.invokeTestMethods(TestInvoker.java:193)
at org.testng.internal.invokers.TestMethodWorker.invokeTestMethods(TestMethodWorker.java:146)
at org.testng.internal.invokers.TestMethodWorker.run(TestMethodWorker.java:128)
at java.base/java.util.concurrent.ThreadPoolExecutor.runWorker(ThreadPoolExecutor.java:1136)
at java.base/java.util.concurrent.ThreadPoolExecutor$Worker.run(ThreadPoolExecutor.java:635)
at java.base/java.lang.Thread.run(Thread.java:833)
]]>
    </error>
  </testcase> <!-- TC_Dashboard_OpenPrintQueuePopup -->
  <system-out/>
</testsuite> <!-- TestCases.DashBoard -->
